# JRE version: OpenJDK Runtime Environment (7.0_65-b32) (build 1.7.0_65-b32)
# Java VM: OpenJDK 64-Bit Server VM (24.65-b04 mixed mode linux-amd64 compressed oops)
Heap
 PSYoungGen      total 258560K, used 220K [0x00000007d6c00000, 0x00000007e6900000, 0x0000000800000000)
  eden space 258048K, 0% used [0x00000007d6c00000,0x00000007d6c00000,0x00000007e6800000)
  from space 512K, 43% used [0x00000007e6800000,0x00000007e6837270,0x00000007e6880000)
  to   space 512K, 0% used [0x00000007e6880000,0x00000007e6880000,0x00000007e6900000)
 ParOldGen       total 84480K, used 292K [0x0000000784400000, 0x0000000789680000, 0x00000007d6c00000)
  object space 84480K, 0% used [0x0000000784400000,0x0000000784449060,0x0000000789680000)
 PSPermGen       total 21504K, used 3000K [0x0000000779e00000, 0x000000077b300000, 0x0000000784400000)
  object space 21504K, 13% used [0x0000000779e00000,0x000000077a0ee210,0x000000077b300000)
GC Heap History (10 events):
Event: 1.470 GC heap after
Heap after GC invocations=4 (full 0):
 PSYoungGen      total 69632K, used 421K [0x00000007d6c00000, 0x00000007db500000, 0x0000000800000000)
  eden space 64512K, 0% used [0x00000007d6c00000,0x00000007d6c00000,0x00000007dab00000)
  from space 5120K, 8% used [0x00000007db000000,0x00000007db0697e0,0x00000007db500000)
  to   space 5120K, 0% used [0x00000007dab00000,0x00000007dab00000,0x00000007db000000)
 ParOldGen       total 84480K, used 16K [0x0000000784400000, 0x0000000789680000, 0x00000007d6c00000)
  object space 84480K, 0% used [0x0000000784400000,0x0000000784404000,0x0000000789680000)
 PSPermGen       total 21504K, used 2983K [0x0000000779e00000, 0x000000077b300000, 0x0000000784400000)
  object space 21504K, 13% used [0x0000000779e00000,0x000000077a0e9c40,0x000000077b300000)
}
Event: 1.723 GC heap before
{Heap before GC invocations=5 (full 0):
 PSYoungGen      total 69632K, used 64933K [0x00000007d6c00000, 0x00000007db500000, 0x0000000800000000)
  eden space 64512K, 100% used [0x00000007d6c00000,0x00000007dab00000,0x00000007dab00000)
  from space 5120K, 8% used [0x00000007db000000,0x00000007db0697e0,0x00000007db500000)
  to   space 5120K, 0% used [0x00000007dab00000,0x00000007dab00000,0x00000007db000000)
 ParOldGen       total 84480K, used 16K [0x0000000784400000, 0x0000000789680000, 0x00000007d6c00000)
  object space 84480K, 0% used [0x0000000784400000,0x0000000784404000,0x0000000789680000)
 PSPermGen       total 21504K, used 2998K [0x0000000779e00000, 0x000000077b300000, 0x0000000784400000)
  object space 21504K, 13% used [0x0000000779e00000,0x000000077a0edbb8,0x000000077b300000)
Event: 1.727 GC heap after
Heap after GC invocations=5 (full 0):
 PSYoungGen      total 69632K, used 381K [0x00000007d6c00000, 0x00000007deb00000, 0x0000000800000000)
  eden space 64512K, 0% used [0x00000007d6c00000,0x00000007d6c00000,0x00000007dab00000)
  from space 5120K, 7% used [0x00000007dab00000,0x00000007dab5f5e0,0x00000007db000000)
  to   space 512K, 0% used [0x00000007dea80000,0x00000007dea80000,0x00000007deb00000)
 ParOldGen       total 84480K, used 16K [0x0000000784400000, 0x0000000789680000, 0x00000007d6c00000)
  object space 84480K, 0% used [0x0000000784400000,0x0000000784404000,0x0000000789680000)
 PSPermGen       total 21504K, used 2998K [0x0000000779e00000, 0x000000077b300000, 0x0000000784400000)
  object space 21504K, 13% used [0x0000000779e00000,0x000000077a0edbb8,0x000000077b300000)
}
Event: 1.833 GC heap before
{Heap before GC invocations=6 (full 0):
 PSYoungGen      total 69632K, used 64849K [0x00000007d6c00000, 0x00000007deb00000, 0x0000000800000000)
  eden space 64512K, 99% used [0x00000007d6c00000,0x00000007daaf4fe8,0x00000007dab00000)
  from space 5120K, 7% used [0x00000007dab00000,0x00000007dab5f5e0,0x00000007db000000)
  to   space 512K, 0% used [0x00000007dea80000,0x00000007dea80000,0x00000007deb00000)
 ParOldGen       total 84480K, used 16K [0x0000000784400000, 0x0000000789680000, 0x00000007d6c00000)
  object space 84480K, 0% used [0x0000000784400000,0x0000000784404000,0x0000000789680000)
 PSPermGen       total 21504K, used 2998K [0x0000000779e00000, 0x000000077b300000, 0x0000000784400000)
  object space 21504K, 13% used [0x0000000779e00000,0x000000077a0edbb8,0x000000077b300000)
Event: 1.835 GC heap after
Heap after GC invocations=6 (full 0):
 PSYoungGen      total 129536K, used 396K [0x00000007d6c00000, 0x00000007deb00000, 0x0000000800000000)
  eden space 129024K, 0% used [0x00000007d6c00000,0x00000007d6c00000,0x00000007dea00000)
  from space 512K, 77% used [0x00000007dea80000,0x00000007deae30e0,0x00000007deb00000)
  to   space 512K, 0% used [0x00000007dea00000,0x00000007dea00000,0x00000007dea80000)
 ParOldGen       total 84480K, used 16K [0x0000000784400000, 0x0000000789680000, 0x00000007d6c00000)
  object space 84480K, 0% used [0x0000000784400000,0x0000000784404000,0x0000000789680000)
 PSPermGen       total 21504K, used 2998K [0x0000000779e00000, 0x000000077b300000, 0x0000000784400000)
  object space 21504K, 13% used [0x0000000779e00000,0x000000077a0edbb8,0x000000077b300000)
}
Event: 2.467 GC heap before
{Heap before GC invocations=7 (full 0):
 PSYoungGen      total 129536K, used 129420K [0x00000007d6c00000, 0x00000007deb00000, 0x0000000800000000)
  eden space 129024K, 100% used [0x00000007d6c00000,0x00000007dea00000,0x00000007dea00000)
  from space 512K, 77% used [0x00000007dea80000,0x00000007deae30e0,0x00000007deb00000)
  to   space 512K, 0% used [0x00000007dea00000,0x00000007dea00000,0x00000007dea80000)
 ParOldGen       total 84480K, used 16K [0x0000000784400000, 0x0000000789680000, 0x00000007d6c00000)
  object space 84480K, 0% used [0x0000000784400000,0x0000000784404000,0x0000000789680000)
 PSPermGen       total 21504K, used 3000K [0x0000000779e00000, 0x000000077b300000, 0x0000000784400000)
  object space 21504K, 13% used [0x0000000779e00000,0x000000077a0ee210,0x000000077b300000)
Event: 2.470 GC heap after
Heap after GC invocations=7 (full 0):
 PSYoungGen      total 129536K, used 164K [0x00000007d6c00000, 0x00000007e6900000, 0x0000000800000000)
  eden space 129024K, 0% used [0x00000007d6c00000,0x00000007d6c00000,0x00000007dea00000)
  from space 512K, 32% used [0x00000007dea00000,0x00000007dea293b0,0x00000007dea80000)
  to   space 512K, 0% used [0x00000007e6880000,0x00000007e6880000,0x00000007e6900000)
 ParOldGen       total 84480K, used 276K [0x0000000784400000, 0x0000000789680000, 0x00000007d6c00000)
  object space 84480K, 0% used [0x0000000784400000,0x0000000784445060,0x0000000789680000)
 PSPermGen       total 21504K, used 3000K [0x0000000779e00000, 0x000000077b300000, 0x0000000784400000)
  object space 21504K, 13% used [0x0000000779e00000,0x000000077a0ee210,0x000000077b300000)
}
Event: 2.701 GC heap before
{Heap before GC invocations=8 (full 0):
 PSYoungGen      total 129536K, used 129188K [0x00000007d6c00000, 0x00000007e6900000, 0x0000000800000000)
  eden space 129024K, 100% used [0x00000007d6c00000,0x00000007dea00000,0x00000007dea00000)
  from space 512K, 32% used [0x00000007dea00000,0x00000007dea293b0,0x00000007dea80000)
  to   space 512K, 0% used [0x00000007e6880000,0x00000007e6880000,0x00000007e6900000)
 ParOldGen       total 84480K, used 276K [0x0000000784400000, 0x0000000789680000, 0x00000007d6c00000)
  object space 84480K, 0% used [0x0000000784400000,0x0000000784445060,0x0000000789680000)
 PSPermGen       total 21504K, used 3000K [0x0000000779e00000, 0x000000077b300000, 0x0000000784400000)
  object space 21504K, 13% used [0x0000000779e00000,0x000000077a0ee210,0x000000077b300000)
Event: 2.702 GC heap after
Heap after GC invocations=8 (full 0):
 PSYoungGen      total 258560K, used 108K [0x00000007d6c00000, 0x00000007e6900000, 0x0000000800000000)
  eden space 258048K, 0% used [0x00000007d6c00000,0x00000007d6c00000,0x00000007e6800000)
  from space 512K, 21% used [0x00000007e6880000,0x00000007e689b370,0x00000007e6900000)
  to   space 512K, 0% used [0x00000007e6800000,0x00000007e6800000,0x00000007e6880000)
 ParOldGen       total 84480K, used 284K [0x0000000784400000, 0x0000000789680000, 0x00000007d6c00000)
  object space 84480K, 0% used [0x0000000784400000,0x0000000784447060,0x0000000789680000)
 PSPermGen       total 21504K, used 3000K [0x0000000779e00000, 0x000000077b300000, 0x0000000784400000)
  object space 21504K, 13% used [0x0000000779e00000,0x000000077a0ee210,0x000000077b300000)
}
Event: 3.452 GC heap before
{Heap before GC invocations=9 (full 0):
 PSYoungGen      total 258560K, used 258067K [0x00000007d6c00000, 0x00000007e6900000, 0x0000000800000000)
  eden space 258048K, 99% used [0x00000007d6c00000,0x00000007e67e9ad8,0x00000007e6800000)
  from space 512K, 21% used [0x00000007e6880000,0x00000007e689b370,0x00000007e6900000)
  to   space 512K, 0% used [0x00000007e6800000,0x00000007e6800000,0x00000007e6880000)
 ParOldGen       total 84480K, used 284K [0x0000000784400000, 0x0000000789680000, 0x00000007d6c00000)
  object space 84480K, 0% used [0x0000000784400000,0x0000000784447060,0x0000000789680000)
 PSPermGen       total 21504K, used 3000K [0x0000000779e00000, 0x000000077b300000, 0x0000000784400000)
  object space 21504K, 13% used [0x0000000779e00000,0x000000077a0ee210,0x000000077b300000)

