# JRE version: OpenJDK Runtime Environment (7.0_65-b32) (build 1.7.0_65-b32)
# Java VM: OpenJDK 64-Bit Server VM (24.65-b04 mixed mode linux-amd64 compressed oops)
Heap
 PSYoungGen      total 363008K, used 1558K [0x00000007d6c00000, 0x00000007ee880000, 0x0000000800000000)
  eden space 360448K, 0% used [0x00000007d6c00000,0x00000007d6c00000,0x00000007ecc00000)
  from space 2560K, 60% used [0x00000007ee380000,0x00000007ee505b38,0x00000007ee600000)
  to   space 2048K, 0% used [0x00000007ee680000,0x00000007ee680000,0x00000007ee880000)
 ParOldGen       total 38912K, used 21356K [0x0000000784400000, 0x0000000786a00000, 0x00000007d6c00000)
  object space 38912K, 54% used [0x0000000784400000,0x00000007858db380,0x0000000786a00000)
 PSPermGen       total 21504K, used 3641K [0x0000000779e00000, 0x000000077b300000, 0x0000000784400000)
  object space 21504K, 16% used [0x0000000779e00000,0x000000077a18e550,0x000000077b300000)
GC Heap History (10 events):
Event: 3073.511 GC heap after
Heap after GC invocations=7548 (full 20):
 PSYoungGen      total 274432K, used 1525K [0x00000007d6c00000, 0x00000007eeb80000, 0x0000000800000000)
  eden space 272896K, 0% used [0x00000007d6c00000,0x00000007d6c00000,0x00000007e7680000)
  from space 1536K, 99% used [0x00000007eea00000,0x00000007eeb7d778,0x00000007eeb80000)
  to   space 2560K, 0% used [0x00000007ee680000,0x00000007ee680000,0x00000007ee900000)
 ParOldGen       total 38912K, used 21356K [0x0000000784400000, 0x0000000786a00000, 0x00000007d6c00000)
  object space 38912K, 54% used [0x0000000784400000,0x00000007858db380,0x0000000786a00000)
 PSPermGen       total 21504K, used 3641K [0x0000000779e00000, 0x000000077b300000, 0x0000000784400000)
  object space 21504K, 16% used [0x0000000779e00000,0x000000077a18e550,0x000000077b300000)
}
Event: 3074.229 GC heap before
{Heap before GC invocations=7549 (full 20):
 PSYoungGen      total 274432K, used 273448K [0x00000007d6c00000, 0x00000007eeb80000, 0x0000000800000000)
  eden space 272896K, 99% used [0x00000007d6c00000,0x00000007e758cac0,0x00000007e7680000)
  from space 1536K, 99% used [0x00000007eea00000,0x00000007eeb7d778,0x00000007eeb80000)
  to   space 2560K, 0% used [0x00000007ee680000,0x00000007ee680000,0x00000007ee900000)
 ParOldGen       total 38912K, used 21356K [0x0000000784400000, 0x0000000786a00000, 0x00000007d6c00000)
  object space 38912K, 54% used [0x0000000784400000,0x00000007858db380,0x0000000786a00000)
 PSPermGen       total 21504K, used 3641K [0x0000000779e00000, 0x000000077b300000, 0x0000000784400000)
  object space 21504K, 16% used [0x0000000779e00000,0x000000077a18e550,0x000000077b300000)
Event: 3074.232 GC heap after
Heap after GC invocations=7549 (full 20):
 PSYoungGen      total 262656K, used 1526K [0x00000007d6c00000, 0x00000007eea80000, 0x0000000800000000)
  eden space 261120K, 0% used [0x00000007d6c00000,0x00000007d6c00000,0x00000007e6b00000)
  from space 1536K, 99% used [0x00000007ee680000,0x00000007ee7fd830,0x00000007ee800000)
  to   space 2560K, 0% used [0x00000007ee800000,0x00000007ee800000,0x00000007eea80000)
 ParOldGen       total 38912K, used 21356K [0x0000000784400000, 0x0000000786a00000, 0x00000007d6c00000)
  object space 38912K, 54% used [0x0000000784400000,0x00000007858db380,0x0000000786a00000)
 PSPermGen       total 21504K, used 3641K [0x0000000779e00000, 0x000000077b300000, 0x0000000784400000)
  object space 21504K, 16% used [0x0000000779e00000,0x000000077a18e550,0x000000077b300000)
}
Event: 3074.934 GC heap before
{Heap before GC invocations=7550 (full 20):
 PSYoungGen      total 262656K, used 261527K [0x00000007d6c00000, 0x00000007eea80000, 0x0000000800000000)
  eden space 261120K, 99% used [0x00000007d6c00000,0x00000007e69e84b0,0x00000007e6b00000)
  from space 1536K, 99% used [0x00000007ee680000,0x00000007ee7fd830,0x00000007ee800000)
  to   space 2560K, 0% used [0x00000007ee800000,0x00000007ee800000,0x00000007eea80000)
 ParOldGen       total 38912K, used 21356K [0x0000000784400000, 0x0000000786a00000, 0x00000007d6c00000)
  object space 38912K, 54% used [0x0000000784400000,0x00000007858db380,0x0000000786a00000)
 PSPermGen       total 21504K, used 3641K [0x0000000779e00000, 0x000000077b300000, 0x0000000784400000)
  object space 21504K, 16% used [0x0000000779e00000,0x000000077a18e550,0x000000077b300000)
Event: 3074.944 GC heap after
Heap after GC invocations=7550 (full 20):
 PSYoungGen      total 251392K, used 1526K [0x00000007d6c00000, 0x00000007ee980000, 0x0000000800000000)
  eden space 249856K, 0% used [0x00000007d6c00000,0x00000007d6c00000,0x00000007e6000000)
  from space 1536K, 99% used [0x00000007ee800000,0x00000007ee97d8d8,0x00000007ee980000)
  to   space 2560K, 0% used [0x00000007ee480000,0x00000007ee480000,0x00000007ee700000)
 ParOldGen       total 38912K, used 21356K [0x0000000784400000, 0x0000000786a00000, 0x00000007d6c00000)
  object space 38912K, 54% used [0x0000000784400000,0x00000007858db380,0x0000000786a00000)
 PSPermGen       total 21504K, used 3641K [0x0000000779e00000, 0x000000077b300000, 0x0000000784400000)
  object space 21504K, 16% used [0x0000000779e00000,0x000000077a18e550,0x000000077b300000)
}
Event: 3076.139 GC heap before
{Heap before GC invocations=7551 (full 20):
 PSYoungGen      total 251392K, used 251094K [0x00000007d6c00000, 0x00000007ee980000, 0x0000000800000000)
  eden space 249856K, 99% used [0x00000007d6c00000,0x00000007e5fb7ff0,0x00000007e6000000)
  from space 1536K, 99% used [0x00000007ee800000,0x00000007ee97d8d8,0x00000007ee980000)
  to   space 2560K, 0% used [0x00000007ee480000,0x00000007ee480000,0x00000007ee700000)
 ParOldGen       total 38912K, used 21356K [0x0000000784400000, 0x0000000786a00000, 0x00000007d6c00000)
  object space 38912K, 54% used [0x0000000784400000,0x00000007858db380,0x0000000786a00000)
 PSPermGen       total 21504K, used 3641K [0x0000000779e00000, 0x000000077b300000, 0x0000000784400000)
  object space 21504K, 16% used [0x0000000779e00000,0x000000077a18e550,0x000000077b300000)
Event: 3078.180 GC heap after
Heap after GC invocations=7551 (full 20):
 PSYoungGen      total 302080K, used 1558K [0x00000007d6c00000, 0x00000007ee880000, 0x0000000800000000)
  eden space 300032K, 0% used [0x00000007d6c00000,0x00000007d6c00000,0x00000007e9100000)
  from space 2048K, 76% used [0x00000007ee480000,0x00000007ee6059a0,0x00000007ee680000)
  to   space 2048K, 0% used [0x00000007ee680000,0x00000007ee680000,0x00000007ee880000)
 ParOldGen       total 38912K, used 21356K [0x0000000784400000, 0x0000000786a00000, 0x00000007d6c00000)
  object space 38912K, 54% used [0x0000000784400000,0x00000007858db380,0x0000000786a00000)
 PSPermGen       total 21504K, used 3641K [0x0000000779e00000, 0x000000077b300000, 0x0000000784400000)
  object space 21504K, 16% used [0x0000000779e00000,0x000000077a18e550,0x000000077b300000)
}
Event: 3081.486 GC heap before
{Heap before GC invocations=7552 (full 20):
 PSYoungGen      total 302080K, used 300478K [0x00000007d6c00000, 0x00000007ee880000, 0x0000000800000000)
  eden space 300032K, 99% used [0x00000007d6c00000,0x00000007e8fea090,0x00000007e9100000)
  from space 2048K, 76% used [0x00000007ee480000,0x00000007ee6059a0,0x00000007ee680000)
  to   space 2048K, 0% used [0x00000007ee680000,0x00000007ee680000,0x00000007ee880000)
 ParOldGen       total 38912K, used 21356K [0x0000000784400000, 0x0000000786a00000, 0x00000007d6c00000)
  object space 38912K, 54% used [0x0000000784400000,0x00000007858db380,0x0000000786a00000)
 PSPermGen       total 21504K, used 3641K [0x0000000779e00000, 0x000000077b300000, 0x0000000784400000)
  object space 21504K, 16% used [0x0000000779e00000,0x000000077a18e550,0x000000077b300000)
Event: 3086.543 GC heap after
Heap after GC invocations=7552 (full 20):
 PSYoungGen      total 362496K, used 1558K [0x00000007d6c00000, 0x00000007ee880000, 0x0000000800000000)
  eden space 360448K, 0% used [0x00000007d6c00000,0x00000007d6c00000,0x00000007ecc00000)
  from space 2048K, 76% used [0x00000007ee680000,0x00000007ee805a68,0x00000007ee880000)
  to   space 2560K, 0% used [0x00000007ee380000,0x00000007ee380000,0x00000007ee600000)
 ParOldGen       total 38912K, used 21356K [0x0000000784400000, 0x0000000786a00000, 0x00000007d6c00000)
  object space 38912K, 54% used [0x0000000784400000,0x00000007858db380,0x0000000786a00000)
 PSPermGen       total 21504K, used 3641K [0x0000000779e00000, 0x000000077b300000, 0x0000000784400000)
  object space 21504K, 16% used [0x0000000779e00000,0x000000077a18e550,0x000000077b300000)
}
Event: 3089.269 GC heap before
{Heap before GC invocations=7553 (full 20):
 PSYoungGen      total 362496K, used 361808K [0x00000007d6c00000, 0x00000007ee880000, 0x0000000800000000)
  eden space 360448K, 99% used [0x00000007d6c00000,0x00000007ecbce878,0x00000007ecc00000)
  from space 2048K, 76% used [0x00000007ee680000,0x00000007ee805a68,0x00000007ee880000)
  to   space 2560K, 0% used [0x00000007ee380000,0x00000007ee380000,0x00000007ee600000)
 ParOldGen       total 38912K, used 21356K [0x0000000784400000, 0x0000000786a00000, 0x00000007d6c00000)
  object space 38912K, 54% used [0x0000000784400000,0x00000007858db380,0x0000000786a00000)
 PSPermGen       total 21504K, used 3641K [0x0000000779e00000, 0x000000077b300000, 0x0000000784400000)
  object space 21504K, 16% used [0x0000000779e00000,0x000000077a18e550,0x000000077b300000)

