# JRE version: OpenJDK Runtime Environment (7.0_65-b32) (build 1.7.0_65-b32)
# Java VM: OpenJDK 64-Bit Server VM (24.65-b04 mixed mode linux-amd64 compressed oops)
Heap
 PSYoungGen      total 448512K, used 1665K [0x00000007d6c00000, 0x00000007f2480000, 0x0000000800000000)
  eden space 445952K, 0% used [0x00000007d6c00000,0x00000007d6c00000,0x00000007f1f80000)
  from space 2560K, 65% used [0x00000007f1f80000,0x00000007f21205a0,0x00000007f2200000)
  to   space 2560K, 0% used [0x00000007f2200000,0x00000007f2200000,0x00000007f2480000)
 ParOldGen       total 51200K, used 41122K [0x0000000784400000, 0x0000000787600000, 0x00000007d6c00000)
  object space 51200K, 80% used [0x0000000784400000,0x0000000786c28930,0x0000000787600000)
 PSPermGen       total 21504K, used 3626K [0x0000000779e00000, 0x000000077b300000, 0x0000000784400000)
  object space 21504K, 16% used [0x0000000779e00000,0x000000077a18ab90,0x000000077b300000)
GC Heap History (10 events):
Event: 1106.835 GC heap after
Heap after GC invocations=3977 (full 25):
 PSYoungGen      total 311808K, used 1696K [0x00000007d6c00000, 0x00000007ebb80000, 0x0000000800000000)
  eden space 309760K, 0% used [0x00000007d6c00000,0x00000007d6c00000,0x00000007e9a80000)
  from space 2048K, 82% used [0x00000007eb980000,0x00000007ebb28118,0x00000007ebb80000)
  to   space 2560K, 0% used [0x00000007eb680000,0x00000007eb680000,0x00000007eb900000)
 ParOldGen       total 51200K, used 39489K [0x0000000784400000, 0x0000000787600000, 0x00000007d6c00000)
  object space 51200K, 77% used [0x0000000784400000,0x0000000786a90688,0x0000000787600000)
 PSPermGen       total 21504K, used 3626K [0x0000000779e00000, 0x000000077b300000, 0x0000000784400000)
  object space 21504K, 16% used [0x0000000779e00000,0x000000077a18ab90,0x000000077b300000)
}
Event: 1112.130 GC heap before
{Heap before GC invocations=3978 (full 25):
 PSYoungGen      total 311808K, used 310236K [0x00000007d6c00000, 0x00000007ebb80000, 0x0000000800000000)
  eden space 309760K, 99% used [0x00000007d6c00000,0x00000007e994f2b0,0x00000007e9a80000)
  from space 2048K, 82% used [0x00000007eb980000,0x00000007ebb28118,0x00000007ebb80000)
  to   space 2560K, 0% used [0x00000007eb680000,0x00000007eb680000,0x00000007eb900000)
 ParOldGen       total 51200K, used 39489K [0x0000000784400000, 0x0000000787600000, 0x00000007d6c00000)
  object space 51200K, 77% used [0x0000000784400000,0x0000000786a90688,0x0000000787600000)
 PSPermGen       total 21504K, used 3626K [0x0000000779e00000, 0x000000077b300000, 0x0000000784400000)
  object space 21504K, 16% used [0x0000000779e00000,0x000000077a18ab90,0x000000077b300000)
Event: 1112.240 GC heap after
Heap after GC invocations=3978 (full 25):
 PSYoungGen      total 340992K, used 1696K [0x00000007d6c00000, 0x00000007edc00000, 0x0000000800000000)
  eden space 338432K, 0% used [0x00000007d6c00000,0x00000007d6c00000,0x00000007eb680000)
  from space 2560K, 66% used [0x00000007eb680000,0x00000007eb8281f8,0x00000007eb900000)
  to   space 2560K, 0% used [0x00000007ed980000,0x00000007ed980000,0x00000007edc00000)
 ParOldGen       total 51200K, used 39489K [0x0000000784400000, 0x0000000787600000, 0x00000007d6c00000)
  object space 51200K, 77% used [0x0000000784400000,0x0000000786a90688,0x0000000787600000)
 PSPermGen       total 21504K, used 3626K [0x0000000779e00000, 0x000000077b300000, 0x0000000784400000)
  object space 21504K, 16% used [0x0000000779e00000,0x000000077a18ab90,0x000000077b300000)
}
Event: 1113.284 GC heap before
{Heap before GC invocations=3979 (full 25):
 PSYoungGen      total 340992K, used 339662K [0x00000007d6c00000, 0x00000007edc00000, 0x0000000800000000)
  eden space 338432K, 99% used [0x00000007d6c00000,0x00000007eb60b698,0x00000007eb680000)
  from space 2560K, 66% used [0x00000007eb680000,0x00000007eb8281f8,0x00000007eb900000)
  to   space 2560K, 0% used [0x00000007ed980000,0x00000007ed980000,0x00000007edc00000)
 ParOldGen       total 51200K, used 39489K [0x0000000784400000, 0x0000000787600000, 0x00000007d6c00000)
  object space 51200K, 77% used [0x0000000784400000,0x0000000786a90688,0x0000000787600000)
 PSPermGen       total 21504K, used 3626K [0x0000000779e00000, 0x000000077b300000, 0x0000000784400000)
  object space 21504K, 16% used [0x0000000779e00000,0x000000077a18ab90,0x000000077b300000)
Event: 1113.287 GC heap after
Heap after GC invocations=3979 (full 25):
 PSYoungGen      total 374272K, used 1696K [0x00000007d6c00000, 0x00000007efe00000, 0x0000000800000000)
  eden space 371712K, 0% used [0x00000007d6c00000,0x00000007d6c00000,0x00000007ed700000)
  from space 2560K, 66% used [0x00000007ed980000,0x00000007edb282a8,0x00000007edc00000)
  to   space 2560K, 0% used [0x00000007ed700000,0x00000007ed700000,0x00000007ed980000)
 ParOldGen       total 51200K, used 41122K [0x0000000784400000, 0x0000000787600000, 0x00000007d6c00000)
  object space 51200K, 80% used [0x0000000784400000,0x0000000786c28930,0x0000000787600000)
 PSPermGen       total 21504K, used 3626K [0x0000000779e00000, 0x000000077b300000, 0x0000000784400000)
  object space 21504K, 16% used [0x0000000779e00000,0x000000077a18ab90,0x000000077b300000)
}
Event: 1114.833 GC heap before
{Heap before GC invocations=3980 (full 25):
 PSYoungGen      total 374272K, used 372363K [0x00000007d6c00000, 0x00000007efe00000, 0x0000000800000000)
  eden space 371712K, 99% used [0x00000007d6c00000,0x00000007ed5fad10,0x00000007ed700000)
  from space 2560K, 66% used [0x00000007ed980000,0x00000007edb282a8,0x00000007edc00000)
  to   space 2560K, 0% used [0x00000007ed700000,0x00000007ed700000,0x00000007ed980000)
 ParOldGen       total 51200K, used 41122K [0x0000000784400000, 0x0000000787600000, 0x00000007d6c00000)
  object space 51200K, 80% used [0x0000000784400000,0x0000000786c28930,0x0000000787600000)
 PSPermGen       total 21504K, used 3626K [0x0000000779e00000, 0x000000077b300000, 0x0000000784400000)
  object space 21504K, 16% used [0x0000000779e00000,0x000000077a18ab90,0x000000077b300000)
Event: 1114.856 GC heap after
Heap after GC invocations=3980 (full 25):
 PSYoungGen      total 374272K, used 1696K [0x00000007d6c00000, 0x00000007f2480000, 0x0000000800000000)
  eden space 371712K, 0% used [0x00000007d6c00000,0x00000007d6c00000,0x00000007ed700000)
  from space 2560K, 66% used [0x00000007ed700000,0x00000007ed8a83a8,0x00000007ed980000)
  to   space 2560K, 0% used [0x00000007f2200000,0x00000007f2200000,0x00000007f2480000)
 ParOldGen       total 51200K, used 41122K [0x0000000784400000, 0x0000000787600000, 0x00000007d6c00000)
  object space 51200K, 80% used [0x0000000784400000,0x0000000786c28930,0x0000000787600000)
 PSPermGen       total 21504K, used 3626K [0x0000000779e00000, 0x000000077b300000, 0x0000000784400000)
  object space 21504K, 16% used [0x0000000779e00000,0x000000077a18ab90,0x000000077b300000)
}
Event: 1116.766 GC heap before
{Heap before GC invocations=3981 (full 25):
 PSYoungGen      total 374272K, used 372414K [0x00000007d6c00000, 0x00000007f2480000, 0x0000000800000000)
  eden space 371712K, 99% used [0x00000007d6c00000,0x00000007ed607680,0x00000007ed700000)
  from space 2560K, 66% used [0x00000007ed700000,0x00000007ed8a83a8,0x00000007ed980000)
  to   space 2560K, 0% used [0x00000007f2200000,0x00000007f2200000,0x00000007f2480000)
 ParOldGen       total 51200K, used 41122K [0x0000000784400000, 0x0000000787600000, 0x00000007d6c00000)
  object space 51200K, 80% used [0x0000000784400000,0x0000000786c28930,0x0000000787600000)
 PSPermGen       total 21504K, used 3626K [0x0000000779e00000, 0x000000077b300000, 0x0000000784400000)
  object space 21504K, 16% used [0x0000000779e00000,0x000000077a18ab90,0x000000077b300000)
Event: 1116.931 GC heap after
Heap after GC invocations=3981 (full 25):
 PSYoungGen      total 448512K, used 1665K [0x00000007d6c00000, 0x00000007f2480000, 0x0000000800000000)
  eden space 445952K, 0% used [0x00000007d6c00000,0x00000007d6c00000,0x00000007f1f80000)
  from space 2560K, 65% used [0x00000007f2200000,0x00000007f23a0470,0x00000007f2480000)
  to   space 2560K, 0% used [0x00000007f1f80000,0x00000007f1f80000,0x00000007f2200000)
 ParOldGen       total 51200K, used 41122K [0x0000000784400000, 0x0000000787600000, 0x00000007d6c00000)
  object space 51200K, 80% used [0x0000000784400000,0x0000000786c28930,0x0000000787600000)
 PSPermGen       total 21504K, used 3626K [0x0000000779e00000, 0x000000077b300000, 0x0000000784400000)
  object space 21504K, 16% used [0x0000000779e00000,0x000000077a18ab90,0x000000077b300000)
}
Event: 1118.288 GC heap before
{Heap before GC invocations=3982 (full 25):
 PSYoungGen      total 448512K, used 447573K [0x00000007d6c00000, 0x00000007f2480000, 0x0000000800000000)
  eden space 445952K, 99% used [0x00000007d6c00000,0x00000007f1f75308,0x00000007f1f80000)
  from space 2560K, 65% used [0x00000007f2200000,0x00000007f23a0470,0x00000007f2480000)
  to   space 2560K, 0% used [0x00000007f1f80000,0x00000007f1f80000,0x00000007f2200000)
 ParOldGen       total 51200K, used 41122K [0x0000000784400000, 0x0000000787600000, 0x00000007d6c00000)
  object space 51200K, 80% used [0x0000000784400000,0x0000000786c28930,0x0000000787600000)
 PSPermGen       total 21504K, used 3626K [0x0000000779e00000, 0x000000077b300000, 0x0000000784400000)
  object space 21504K, 16% used [0x0000000779e00000,0x000000077a18ab90,0x000000077b300000)

