# JRE version: OpenJDK Runtime Environment (7.0_65-b32) (build 1.7.0_65-b32)
# Java VM: OpenJDK 64-Bit Server VM (24.65-b04 mixed mode linux-amd64 compressed oops)
Heap
 PSYoungGen      total 574464K, used 1151K [0x00000007d6c00000, 0x00000007fa480000, 0x0000000800000000)
  eden space 572416K, 0% used [0x00000007d6c00000,0x00000007d6c00000,0x00000007f9b00000)
  from space 2048K, 56% used [0x00000007f9b00000,0x00000007f9c1ffb8,0x00000007f9d00000)
  to   space 1536K, 0% used [0x00000007f9d00000,0x00000007f9d00000,0x00000007f9e80000)
 ParOldGen       total 38912K, used 5020K [0x0000000784400000, 0x0000000786a00000, 0x00000007d6c00000)
  object space 38912K, 12% used [0x0000000784400000,0x00000007848e7300,0x0000000786a00000)
 PSPermGen       total 21504K, used 4454K [0x0000000779e00000, 0x000000077b300000, 0x0000000784400000)
  object space 21504K, 20% used [0x0000000779e00000,0x000000077a2598e8,0x000000077b300000)
GC Heap History (10 events):
Event: 818.349 GC heap after
Heap after GC invocations=1926 (full 4):
 PSYoungGen      total 280064K, used 1150K [0x00000007d6c00000, 0x00000007fa080000, 0x0000000800000000)
  eden space 278528K, 0% used [0x00000007d6c00000,0x00000007d6c00000,0x00000007e7c00000)
  from space 1536K, 74% used [0x00000007f9f00000,0x00000007fa01f880,0x00000007fa080000)
  to   space 2048K, 0% used [0x00000007f9c80000,0x00000007f9c80000,0x00000007f9e80000)
 ParOldGen       total 38912K, used 5020K [0x0000000784400000, 0x0000000786a00000, 0x00000007d6c00000)
  object space 38912K, 12% used [0x0000000784400000,0x00000007848e7300,0x0000000786a00000)
 PSPermGen       total 21504K, used 4454K [0x0000000779e00000, 0x000000077b300000, 0x0000000784400000)
  object space 21504K, 20% used [0x0000000779e00000,0x000000077a2598e8,0x000000077b300000)
}
Event: 820.194 GC heap before
{Heap before GC invocations=1927 (full 4):
 PSYoungGen      total 280064K, used 279625K [0x00000007d6c00000, 0x00000007fa080000, 0x0000000800000000)
  eden space 278528K, 99% used [0x00000007d6c00000,0x00000007e7bf2c58,0x00000007e7c00000)
  from space 1536K, 74% used [0x00000007f9f00000,0x00000007fa01f880,0x00000007fa080000)
  to   space 2048K, 0% used [0x00000007f9c80000,0x00000007f9c80000,0x00000007f9e80000)
 ParOldGen       total 38912K, used 5020K [0x0000000784400000, 0x0000000786a00000, 0x00000007d6c00000)
  object space 38912K, 12% used [0x0000000784400000,0x00000007848e7300,0x0000000786a00000)
 PSPermGen       total 21504K, used 4454K [0x0000000779e00000, 0x000000077b300000, 0x0000000784400000)
  object space 21504K, 20% used [0x0000000779e00000,0x000000077a2598e8,0x000000077b300000)
Event: 829.169 GC heap after
Heap after GC invocations=1927 (full 4):
 PSYoungGen      total 335872K, used 1182K [0x00000007d6c00000, 0x00000007f9f80000, 0x0000000800000000)
  eden space 334336K, 0% used [0x00000007d6c00000,0x00000007d6c00000,0x00000007eb280000)
  from space 1536K, 76% used [0x00000007f9c80000,0x00000007f9da7998,0x00000007f9e00000)
  to   space 1536K, 0% used [0x00000007f9e00000,0x00000007f9e00000,0x00000007f9f80000)
 ParOldGen       total 38912K, used 5020K [0x0000000784400000, 0x0000000786a00000, 0x00000007d6c00000)
  object space 38912K, 12% used [0x0000000784400000,0x00000007848e7300,0x0000000786a00000)
 PSPermGen       total 21504K, used 4454K [0x0000000779e00000, 0x000000077b300000, 0x0000000784400000)
  object space 21504K, 20% used [0x0000000779e00000,0x000000077a2598e8,0x000000077b300000)
}
Event: 848.231 GC heap before
{Heap before GC invocations=1928 (full 4):
 PSYoungGen      total 335872K, used 334535K [0x00000007d6c00000, 0x00000007f9f80000, 0x0000000800000000)
  eden space 334336K, 99% used [0x00000007d6c00000,0x00000007eb18a620,0x00000007eb280000)
  from space 1536K, 76% used [0x00000007f9c80000,0x00000007f9da7998,0x00000007f9e00000)
  to   space 1536K, 0% used [0x00000007f9e00000,0x00000007f9e00000,0x00000007f9f80000)
 ParOldGen       total 38912K, used 5020K [0x0000000784400000, 0x0000000786a00000, 0x00000007d6c00000)
  object space 38912K, 12% used [0x0000000784400000,0x00000007848e7300,0x0000000786a00000)
 PSPermGen       total 21504K, used 4454K [0x0000000779e00000, 0x000000077b300000, 0x0000000784400000)
  object space 21504K, 20% used [0x0000000779e00000,0x000000077a2598e8,0x000000077b300000)
Event: 890.429 GC heap after
Heap after GC invocations=1928 (full 4):
 PSYoungGen      total 402944K, used 1182K [0x00000007d6c00000, 0x00000007f9f80000, 0x0000000800000000)
  eden space 401408K, 0% used [0x00000007d6c00000,0x00000007d6c00000,0x00000007ef400000)
  from space 1536K, 76% used [0x00000007f9e00000,0x00000007f9f27ac0,0x00000007f9f80000)
  to   space 2048K, 0% used [0x00000007f9b80000,0x00000007f9b80000,0x00000007f9d80000)
 ParOldGen       total 38912K, used 5020K [0x0000000784400000, 0x0000000786a00000, 0x00000007d6c00000)
  object space 38912K, 12% used [0x0000000784400000,0x00000007848e7300,0x0000000786a00000)
 PSPermGen       total 21504K, used 4454K [0x0000000779e00000, 0x000000077b300000, 0x0000000784400000)
  object space 21504K, 20% used [0x0000000779e00000,0x000000077a2598e8,0x000000077b300000)
}
Event: 918.576 GC heap before
{Heap before GC invocations=1929 (full 4):
 PSYoungGen      total 402944K, used 401768K [0x00000007d6c00000, 0x00000007f9f80000, 0x0000000800000000)
  eden space 401408K, 99% used [0x00000007d6c00000,0x00000007ef3327a0,0x00000007ef400000)
  from space 1536K, 76% used [0x00000007f9e00000,0x00000007f9f27ac0,0x00000007f9f80000)
  to   space 2048K, 0% used [0x00000007f9b80000,0x00000007f9b80000,0x00000007f9d80000)
 ParOldGen       total 38912K, used 5020K [0x0000000784400000, 0x0000000786a00000, 0x00000007d6c00000)
  object space 38912K, 12% used [0x0000000784400000,0x00000007848e7300,0x0000000786a00000)
 PSPermGen       total 21504K, used 4454K [0x0000000779e00000, 0x000000077b300000, 0x0000000784400000)
  object space 21504K, 20% used [0x0000000779e00000,0x000000077a2598e8,0x000000077b300000)
Event: 918.601 GC heap after
Heap after GC invocations=1929 (full 4):
 PSYoungGen      total 483328K, used 1151K [0x00000007d6c00000, 0x00000007f9e80000, 0x0000000800000000)
  eden space 481792K, 0% used [0x00000007d6c00000,0x00000007d6c00000,0x00000007f4280000)
  from space 1536K, 74% used [0x00000007f9b80000,0x00000007f9c9fc28,0x00000007f9d00000)
  to   space 1536K, 0% used [0x00000007f9d00000,0x00000007f9d00000,0x00000007f9e80000)
 ParOldGen       total 38912K, used 5020K [0x0000000784400000, 0x0000000786a00000, 0x00000007d6c00000)
  object space 38912K, 12% used [0x0000000784400000,0x00000007848e7300,0x0000000786a00000)
 PSPermGen       total 21504K, used 4454K [0x0000000779e00000, 0x000000077b300000, 0x0000000784400000)
  object space 21504K, 20% used [0x0000000779e00000,0x000000077a2598e8,0x000000077b300000)
}
Event: 919.343 GC heap before
{Heap before GC invocations=1930 (full 4):
 PSYoungGen      total 483328K, used 482467K [0x00000007d6c00000, 0x00000007f9e80000, 0x0000000800000000)
  eden space 481792K, 99% used [0x00000007d6c00000,0x00000007f42091d0,0x00000007f4280000)
  from space 1536K, 74% used [0x00000007f9b80000,0x00000007f9c9fc28,0x00000007f9d00000)
  to   space 1536K, 0% used [0x00000007f9d00000,0x00000007f9d00000,0x00000007f9e80000)
 ParOldGen       total 38912K, used 5020K [0x0000000784400000, 0x0000000786a00000, 0x00000007d6c00000)
  object space 38912K, 12% used [0x0000000784400000,0x00000007848e7300,0x0000000786a00000)
 PSPermGen       total 21504K, used 4454K [0x0000000779e00000, 0x000000077b300000, 0x0000000784400000)
  object space 21504K, 20% used [0x0000000779e00000,0x000000077a2598e8,0x000000077b300000)
Event: 919.347 GC heap after
Heap after GC invocations=1930 (full 4):
 PSYoungGen      total 573952K, used 1151K [0x00000007d6c00000, 0x00000007fa480000, 0x0000000800000000)
  eden space 572416K, 0% used [0x00000007d6c00000,0x00000007d6c00000,0x00000007f9b00000)
  from space 1536K, 74% used [0x00000007f9d00000,0x00000007f9e1fdd8,0x00000007f9e80000)
  to   space 2048K, 0% used [0x00000007f9b00000,0x00000007f9b00000,0x00000007f9d00000)
 ParOldGen       total 38912K, used 5020K [0x0000000784400000, 0x0000000786a00000, 0x00000007d6c00000)
  object space 38912K, 12% used [0x0000000784400000,0x00000007848e7300,0x0000000786a00000)
 PSPermGen       total 21504K, used 4454K [0x0000000779e00000, 0x000000077b300000, 0x0000000784400000)
  object space 21504K, 20% used [0x0000000779e00000,0x000000077a2598e8,0x000000077b300000)
}
Event: 920.297 GC heap before
{Heap before GC invocations=1931 (full 4):
 PSYoungGen      total 573952K, used 573368K [0x00000007d6c00000, 0x00000007fa480000, 0x0000000800000000)
  eden space 572416K, 99% used [0x00000007d6c00000,0x00000007f9ace488,0x00000007f9b00000)
  from space 1536K, 74% used [0x00000007f9d00000,0x00000007f9e1fdd8,0x00000007f9e80000)
  to   space 2048K, 0% used [0x00000007f9b00000,0x00000007f9b00000,0x00000007f9d00000)
 ParOldGen       total 38912K, used 5020K [0x0000000784400000, 0x0000000786a00000, 0x00000007d6c00000)
  object space 38912K, 12% used [0x0000000784400000,0x00000007848e7300,0x0000000786a00000)
 PSPermGen       total 21504K, used 4454K [0x0000000779e00000, 0x000000077b300000, 0x0000000784400000)
  object space 21504K, 20% used [0x0000000779e00000,0x000000077a2598e8,0x000000077b300000)

