# JRE version: OpenJDK Runtime Environment (7.0_65-b32) (build 1.7.0_65-b32)
# Java VM: OpenJDK 64-Bit Server VM (24.65-b04 mixed mode linux-amd64 compressed oops)
Heap
 PSYoungGen      total 606720K, used 775K [0x00000007d6c00000, 0x00000007ffc80000, 0x0000000800000000)
  eden space 605184K, 0% used [0x00000007d6c00000,0x00000007d6c00000,0x00000007fbb00000)
  from space 1536K, 50% used [0x00000007ffb00000,0x00000007ffbc1dd0,0x00000007ffc80000)
  to   space 1024K, 0% used [0x00000007ffa00000,0x00000007ffa00000,0x00000007ffb00000)
 ParOldGen       total 84480K, used 80262K [0x0000000784400000, 0x0000000789680000, 0x00000007d6c00000)
  object space 84480K, 95% used [0x0000000784400000,0x0000000789261b90,0x0000000789680000)
 PSPermGen       total 21504K, used 3512K [0x0000000779e00000, 0x000000077b300000, 0x0000000784400000)
  object space 21504K, 16% used [0x0000000779e00000,0x000000077a16e360,0x000000077b300000)
GC Heap History (10 events):
Event: 486.944 GC heap after
Heap after GC invocations=1347 (full 0):
 PSYoungGen      total 583680K, used 707K [0x00000007d6c00000, 0x00000007ffe80000, 0x0000000800000000)
  eden space 582144K, 0% used [0x00000007d6c00000,0x00000007d6c00000,0x00000007fa480000)
  from space 1536K, 46% used [0x00000007ffb80000,0x00000007ffc30db0,0x00000007ffd00000)
  to   space 1536K, 0% used [0x00000007ffd00000,0x00000007ffd00000,0x00000007ffe80000)
 ParOldGen       total 84480K, used 80262K [0x0000000784400000, 0x0000000789680000, 0x00000007d6c00000)
  object space 84480K, 95% used [0x0000000784400000,0x0000000789261b90,0x0000000789680000)
 PSPermGen       total 21504K, used 3512K [0x0000000779e00000, 0x000000077b300000, 0x0000000784400000)
  object space 21504K, 16% used [0x0000000779e00000,0x000000077a16e360,0x000000077b300000)
}
Event: 488.139 GC heap before
{Heap before GC invocations=1348 (full 0):
 PSYoungGen      total 583680K, used 582712K [0x00000007d6c00000, 0x00000007ffe80000, 0x0000000800000000)
  eden space 582144K, 99% used [0x00000007d6c00000,0x00000007fa45d368,0x00000007fa480000)
  from space 1536K, 46% used [0x00000007ffb80000,0x00000007ffc30db0,0x00000007ffd00000)
  to   space 1536K, 0% used [0x00000007ffd00000,0x00000007ffd00000,0x00000007ffe80000)
 ParOldGen       total 84480K, used 80262K [0x0000000784400000, 0x0000000789680000, 0x00000007d6c00000)
  object space 84480K, 95% used [0x0000000784400000,0x0000000789261b90,0x0000000789680000)
 PSPermGen       total 21504K, used 3512K [0x0000000779e00000, 0x000000077b300000, 0x0000000784400000)
  object space 21504K, 16% used [0x0000000779e00000,0x000000077a16e360,0x000000077b300000)
Event: 488.144 GC heap after
Heap after GC invocations=1348 (full 0):
 PSYoungGen      total 556032K, used 708K [0x00000007d6c00000, 0x00000007ffe00000, 0x0000000800000000)
  eden space 555008K, 0% used [0x00000007d6c00000,0x00000007d6c00000,0x00000007f8a00000)
  from space 1024K, 69% used [0x00000007ffd00000,0x00000007ffdb1128,0x00000007ffe00000)
  to   space 1536K, 0% used [0x00000007ffb00000,0x00000007ffb00000,0x00000007ffc80000)
 ParOldGen       total 84480K, used 80262K [0x0000000784400000, 0x0000000789680000, 0x00000007d6c00000)
  object space 84480K, 95% used [0x0000000784400000,0x0000000789261b90,0x0000000789680000)
 PSPermGen       total 21504K, used 3512K [0x0000000779e00000, 0x000000077b300000, 0x0000000784400000)
  object space 21504K, 16% used [0x0000000779e00000,0x000000077a16e360,0x000000077b300000)
}
Event: 489.358 GC heap before
{Heap before GC invocations=1349 (full 0):
 PSYoungGen      total 556032K, used 555672K [0x00000007d6c00000, 0x00000007ffe00000, 0x0000000800000000)
  eden space 555008K, 99% used [0x00000007d6c00000,0x00000007f89f4f60,0x00000007f8a00000)
  from space 1024K, 69% used [0x00000007ffd00000,0x00000007ffdb1128,0x00000007ffe00000)
  to   space 1536K, 0% used [0x00000007ffb00000,0x00000007ffb00000,0x00000007ffc80000)
 ParOldGen       total 84480K, used 80262K [0x0000000784400000, 0x0000000789680000, 0x00000007d6c00000)
  object space 84480K, 95% used [0x0000000784400000,0x0000000789261b90,0x0000000789680000)
 PSPermGen       total 21504K, used 3512K [0x0000000779e00000, 0x000000077b300000, 0x0000000784400000)
  object space 21504K, 16% used [0x0000000779e00000,0x000000077a16e360,0x000000077b300000)
Event: 489.363 GC heap after
Heap after GC invocations=1349 (full 0):
 PSYoungGen      total 529920K, used 709K [0x00000007d6c00000, 0x00000007ffd80000, 0x0000000800000000)
  eden space 528896K, 0% used [0x00000007d6c00000,0x00000007d6c00000,0x00000007f7080000)
  from space 1024K, 69% used [0x00000007ffb00000,0x00000007ffbb1460,0x00000007ffc00000)
  to   space 1536K, 0% used [0x00000007ffc00000,0x00000007ffc00000,0x00000007ffd80000)
 ParOldGen       total 84480K, used 80262K [0x0000000784400000, 0x0000000789680000, 0x00000007d6c00000)
  object space 84480K, 95% used [0x0000000784400000,0x0000000789261b90,0x0000000789680000)
 PSPermGen       total 21504K, used 3512K [0x0000000779e00000, 0x000000077b300000, 0x0000000784400000)
  object space 21504K, 16% used [0x0000000779e00000,0x000000077a16e360,0x000000077b300000)
}
Event: 490.781 GC heap before
{Heap before GC invocations=1350 (full 0):
 PSYoungGen      total 529920K, used 529211K [0x00000007d6c00000, 0x00000007ffd80000, 0x0000000800000000)
  eden space 528896K, 99% used [0x00000007d6c00000,0x00000007f701d860,0x00000007f7080000)
  from space 1024K, 69% used [0x00000007ffb00000,0x00000007ffbb1460,0x00000007ffc00000)
  to   space 1536K, 0% used [0x00000007ffc00000,0x00000007ffc00000,0x00000007ffd80000)
 ParOldGen       total 84480K, used 80262K [0x0000000784400000, 0x0000000789680000, 0x00000007d6c00000)
  object space 84480K, 95% used [0x0000000784400000,0x0000000789261b90,0x0000000789680000)
 PSPermGen       total 21504K, used 3512K [0x0000000779e00000, 0x000000077b300000, 0x0000000784400000)
  object space 21504K, 16% used [0x0000000779e00000,0x000000077a16e360,0x000000077b300000)
Event: 490.785 GC heap after
Heap after GC invocations=1350 (full 0):
 PSYoungGen      total 505344K, used 709K [0x00000007d6c00000, 0x00000007ffd00000, 0x0000000800000000)
  eden space 504320K, 0% used [0x00000007d6c00000,0x00000007d6c00000,0x00000007f5880000)
  from space 1024K, 69% used [0x00000007ffc00000,0x00000007ffcb1768,0x00000007ffd00000)
  to   space 1536K, 0% used [0x00000007ffa00000,0x00000007ffa00000,0x00000007ffb80000)
 ParOldGen       total 84480K, used 80262K [0x0000000784400000, 0x0000000789680000, 0x00000007d6c00000)
  object space 84480K, 95% used [0x0000000784400000,0x0000000789261b90,0x0000000789680000)
 PSPermGen       total 21504K, used 3512K [0x0000000779e00000, 0x000000077b300000, 0x0000000784400000)
  object space 21504K, 16% used [0x0000000779e00000,0x000000077a16e360,0x000000077b300000)
}
Event: 493.940 GC heap before
{Heap before GC invocations=1351 (full 0):
 PSYoungGen      total 505344K, used 504694K [0x00000007d6c00000, 0x00000007ffd00000, 0x0000000800000000)
  eden space 504320K, 99% used [0x00000007d6c00000,0x00000007f582c290,0x00000007f5880000)
  from space 1024K, 69% used [0x00000007ffc00000,0x00000007ffcb1768,0x00000007ffd00000)
  to   space 1536K, 0% used [0x00000007ffa00000,0x00000007ffa00000,0x00000007ffb80000)
 ParOldGen       total 84480K, used 80262K [0x0000000784400000, 0x0000000789680000, 0x00000007d6c00000)
  object space 84480K, 95% used [0x0000000784400000,0x0000000789261b90,0x0000000789680000)
 PSPermGen       total 21504K, used 3512K [0x0000000779e00000, 0x000000077b300000, 0x0000000784400000)
  object space 21504K, 16% used [0x0000000779e00000,0x000000077a16e360,0x000000077b300000)
Event: 499.774 GC heap after
Heap after GC invocations=1351 (full 0):
 PSYoungGen      total 606208K, used 774K [0x00000007d6c00000, 0x00000007ffc80000, 0x0000000800000000)
  eden space 605184K, 0% used [0x00000007d6c00000,0x00000007d6c00000,0x00000007fbb00000)
  from space 1024K, 75% used [0x00000007ffa00000,0x00000007ffac1a30,0x00000007ffb00000)
  to   space 1536K, 0% used [0x00000007ffb00000,0x00000007ffb00000,0x00000007ffc80000)
 ParOldGen       total 84480K, used 80262K [0x0000000784400000, 0x0000000789680000, 0x00000007d6c00000)
  object space 84480K, 95% used [0x0000000784400000,0x0000000789261b90,0x0000000789680000)
 PSPermGen       total 21504K, used 3512K [0x0000000779e00000, 0x000000077b300000, 0x0000000784400000)
  object space 21504K, 16% used [0x0000000779e00000,0x000000077a16e360,0x000000077b300000)
}
Event: 506.646 GC heap before
{Heap before GC invocations=1352 (full 0):
 PSYoungGen      total 606208K, used 605858K [0x00000007d6c00000, 0x00000007ffc80000, 0x0000000800000000)
  eden space 605184K, 99% used [0x00000007d6c00000,0x00000007fbae6de8,0x00000007fbb00000)
  from space 1024K, 75% used [0x00000007ffa00000,0x00000007ffac1a30,0x00000007ffb00000)
  to   space 1536K, 0% used [0x00000007ffb00000,0x00000007ffb00000,0x00000007ffc80000)
 ParOldGen       total 84480K, used 80262K [0x0000000784400000, 0x0000000789680000, 0x00000007d6c00000)
  object space 84480K, 95% used [0x0000000784400000,0x0000000789261b90,0x0000000789680000)
 PSPermGen       total 21504K, used 3512K [0x0000000779e00000, 0x000000077b300000, 0x0000000784400000)
  object space 21504K, 16% used [0x0000000779e00000,0x000000077a16e360,0x000000077b300000)

