# JRE version: OpenJDK Runtime Environment (7.0_65-b32) (build 1.7.0_65-b32)
# Java VM: OpenJDK 64-Bit Server VM (24.65-b04 mixed mode linux-amd64 compressed oops)
Heap
 PSYoungGen      total 664064K, used 0K [0x00000007d6c00000, 0x0000000800000000, 0x0000000800000000)
  eden space 652288K, 0% used [0x00000007d6c00000,0x00000007d6c00000,0x00000007fe900000)
  from space 11776K, 0% used [0x00000007ff480000,0x00000007ff480000,0x0000000800000000)
  to   space 11776K, 0% used [0x00000007fe900000,0x00000007fe900000,0x00000007ff480000)
 ParOldGen       total 595968K, used 12118K [0x0000000784400000, 0x00000007a8a00000, 0x00000007d6c00000)
  object space 595968K, 2% used [0x0000000784400000,0x0000000784fd5bd8,0x00000007a8a00000)
 PSPermGen       total 21504K, used 2999K [0x0000000779e00000, 0x000000077b300000, 0x0000000784400000)
  object space 21504K, 13% used [0x0000000779e00000,0x000000077a0edef0,0x000000077b300000)
GC Heap History (10 events):
Event: 14015.955 GC heap after
Heap after GC invocations=21969 (full 277):
 PSYoungGen      total 664064K, used 11637K [0x00000007d6c00000, 0x0000000800000000, 0x0000000800000000)
  eden space 652288K, 0% used [0x00000007d6c00000,0x00000007d6c00000,0x00000007fe900000)
  from space 11776K, 98% used [0x00000007ff480000,0x00000007fffdd748,0x0000000800000000)
  to   space 11776K, 0% used [0x00000007fe900000,0x00000007fe900000,0x00000007ff480000)
 ParOldGen       total 595968K, used 533896K [0x0000000784400000, 0x00000007a8a00000, 0x00000007d6c00000)
  object space 595968K, 89% used [0x0000000784400000,0x00000007a4d62180,0x00000007a8a00000)
 PSPermGen       total 21504K, used 2999K [0x0000000779e00000, 0x000000077b300000, 0x0000000784400000)
  object space 21504K, 13% used [0x0000000779e00000,0x000000077a0edef0,0x000000077b300000)
}
Event: 14016.591 GC heap before
{Heap before GC invocations=21970 (full 277):
 PSYoungGen      total 664064K, used 661600K [0x00000007d6c00000, 0x0000000800000000, 0x0000000800000000)
  eden space 652288K, 99% used [0x00000007d6c00000,0x00000007fe6baaa0,0x00000007fe900000)
  from space 11776K, 98% used [0x00000007ff480000,0x00000007fffdd748,0x0000000800000000)
  to   space 11776K, 0% used [0x00000007fe900000,0x00000007fe900000,0x00000007ff480000)
 ParOldGen       total 595968K, used 533896K [0x0000000784400000, 0x00000007a8a00000, 0x00000007d6c00000)
  object space 595968K, 89% used [0x0000000784400000,0x00000007a4d62180,0x00000007a8a00000)
 PSPermGen       total 21504K, used 2999K [0x0000000779e00000, 0x000000077b300000, 0x0000000784400000)
  object space 21504K, 13% used [0x0000000779e00000,0x000000077a0edef0,0x000000077b300000)
Event: 14016.600 GC heap after
Heap after GC invocations=21970 (full 277):
 PSYoungGen      total 664064K, used 11638K [0x00000007d6c00000, 0x0000000800000000, 0x0000000800000000)
  eden space 652288K, 0% used [0x00000007d6c00000,0x00000007d6c00000,0x00000007fe900000)
  from space 11776K, 98% used [0x00000007fe900000,0x00000007ff45d860,0x00000007ff480000)
  to   space 11776K, 0% used [0x00000007ff480000,0x00000007ff480000,0x0000000800000000)
 ParOldGen       total 595968K, used 545502K [0x0000000784400000, 0x00000007a8a00000, 0x00000007d6c00000)
  object space 595968K, 91% used [0x0000000784400000,0x00000007a58b79e0,0x00000007a8a00000)
 PSPermGen       total 21504K, used 2999K [0x0000000779e00000, 0x000000077b300000, 0x0000000784400000)
  object space 21504K, 13% used [0x0000000779e00000,0x000000077a0edef0,0x000000077b300000)
}
Event: 14017.236 GC heap before
{Heap before GC invocations=21971 (full 277):
 PSYoungGen      total 664064K, used 661616K [0x00000007d6c00000, 0x0000000800000000, 0x0000000800000000)
  eden space 652288K, 99% used [0x00000007d6c00000,0x00000007fe6be7e0,0x00000007fe900000)
  from space 11776K, 98% used [0x00000007fe900000,0x00000007ff45d860,0x00000007ff480000)
  to   space 11776K, 0% used [0x00000007ff480000,0x00000007ff480000,0x0000000800000000)
 ParOldGen       total 595968K, used 545502K [0x0000000784400000, 0x00000007a8a00000, 0x00000007d6c00000)
  object space 595968K, 91% used [0x0000000784400000,0x00000007a58b79e0,0x00000007a8a00000)
 PSPermGen       total 21504K, used 2999K [0x0000000779e00000, 0x000000077b300000, 0x0000000784400000)
  object space 21504K, 13% used [0x0000000779e00000,0x000000077a0edef0,0x000000077b300000)
Event: 14017.726 GC heap after
Heap after GC invocations=21971 (full 277):
 PSYoungGen      total 664064K, used 11638K [0x00000007d6c00000, 0x0000000800000000, 0x0000000800000000)
  eden space 652288K, 0% used [0x00000007d6c00000,0x00000007d6c00000,0x00000007fe900000)
  from space 11776K, 98% used [0x00000007ff480000,0x00000007fffdd978,0x0000000800000000)
  to   space 11776K, 0% used [0x00000007fe900000,0x00000007fe900000,0x00000007ff480000)
 ParOldGen       total 595968K, used 557108K [0x0000000784400000, 0x00000007a8a00000, 0x00000007d6c00000)
  object space 595968K, 93% used [0x0000000784400000,0x00000007a640d358,0x00000007a8a00000)
 PSPermGen       total 21504K, used 2999K [0x0000000779e00000, 0x000000077b300000, 0x0000000784400000)
  object space 21504K, 13% used [0x0000000779e00000,0x000000077a0edef0,0x000000077b300000)
}
Event: 14018.391 GC heap before
{Heap before GC invocations=21972 (full 277):
 PSYoungGen      total 664064K, used 661631K [0x00000007d6c00000, 0x0000000800000000, 0x0000000800000000)
  eden space 652288K, 99% used [0x00000007d6c00000,0x00000007fe6c2520,0x00000007fe900000)
  from space 11776K, 98% used [0x00000007ff480000,0x00000007fffdd978,0x0000000800000000)
  to   space 11776K, 0% used [0x00000007fe900000,0x00000007fe900000,0x00000007ff480000)
 ParOldGen       total 595968K, used 557108K [0x0000000784400000, 0x00000007a8a00000, 0x00000007d6c00000)
  object space 595968K, 93% used [0x0000000784400000,0x00000007a640d358,0x00000007a8a00000)
 PSPermGen       total 21504K, used 2999K [0x0000000779e00000, 0x000000077b300000, 0x0000000784400000)
  object space 21504K, 13% used [0x0000000779e00000,0x000000077a0edef0,0x000000077b300000)
Event: 14018.401 GC heap after
Heap after GC invocations=21972 (full 277):
 PSYoungGen      total 664064K, used 11638K [0x00000007d6c00000, 0x0000000800000000, 0x0000000800000000)
  eden space 652288K, 0% used [0x00000007d6c00000,0x00000007d6c00000,0x00000007fe900000)
  from space 11776K, 98% used [0x00000007fe900000,0x00000007ff45da90,0x00000007ff480000)
  to   space 11776K, 0% used [0x00000007ff480000,0x00000007ff480000,0x0000000800000000)
 ParOldGen       total 595968K, used 568715K [0x0000000784400000, 0x00000007a8a00000, 0x00000007d6c00000)
  object space 595968K, 95% used [0x0000000784400000,0x00000007a6f62de8,0x00000007a8a00000)
 PSPermGen       total 21504K, used 2999K [0x0000000779e00000, 0x000000077b300000, 0x0000000784400000)
  object space 21504K, 13% used [0x0000000779e00000,0x000000077a0edef0,0x000000077b300000)
}
Event: 14019.070 GC heap before
{Heap before GC invocations=21973 (full 277):
 PSYoungGen      total 664064K, used 661647K [0x00000007d6c00000, 0x0000000800000000, 0x0000000800000000)
  eden space 652288K, 99% used [0x00000007d6c00000,0x00000007fe6c6260,0x00000007fe900000)
  from space 11776K, 98% used [0x00000007fe900000,0x00000007ff45da90,0x00000007ff480000)
  to   space 11776K, 0% used [0x00000007ff480000,0x00000007ff480000,0x0000000800000000)
 ParOldGen       total 595968K, used 568715K [0x0000000784400000, 0x00000007a8a00000, 0x00000007d6c00000)
  object space 595968K, 95% used [0x0000000784400000,0x00000007a6f62de8,0x00000007a8a00000)
 PSPermGen       total 21504K, used 2999K [0x0000000779e00000, 0x000000077b300000, 0x0000000784400000)
  object space 21504K, 13% used [0x0000000779e00000,0x000000077a0edef0,0x000000077b300000)
Event: 14019.139 GC heap after
Heap after GC invocations=21973 (full 277):
 PSYoungGen      total 664064K, used 11638K [0x00000007d6c00000, 0x0000000800000000, 0x0000000800000000)
  eden space 652288K, 0% used [0x00000007d6c00000,0x00000007d6c00000,0x00000007fe900000)
  from space 11776K, 98% used [0x00000007ff480000,0x00000007fffddba8,0x0000000800000000)
  to   space 11776K, 0% used [0x00000007fe900000,0x00000007fe900000,0x00000007ff480000)
 ParOldGen       total 595968K, used 580322K [0x0000000784400000, 0x00000007a8a00000, 0x00000007d6c00000)
  object space 595968K, 97% used [0x0000000784400000,0x00000007a7ab8990,0x00000007a8a00000)
 PSPermGen       total 21504K, used 2999K [0x0000000779e00000, 0x000000077b300000, 0x0000000784400000)
  object space 21504K, 13% used [0x0000000779e00000,0x000000077a0edef0,0x000000077b300000)
}
Event: 14019.375 GC heap before
{Heap before GC invocations=21974 (full 278):
 PSYoungGen      total 664064K, used 11638K [0x00000007d6c00000, 0x0000000800000000, 0x0000000800000000)
  eden space 652288K, 0% used [0x00000007d6c00000,0x00000007d6c00000,0x00000007fe900000)
  from space 11776K, 98% used [0x00000007ff480000,0x00000007fffddba8,0x0000000800000000)
  to   space 11776K, 0% used [0x00000007fe900000,0x00000007fe900000,0x00000007ff480000)
 ParOldGen       total 595968K, used 580322K [0x0000000784400000, 0x00000007a8a00000, 0x00000007d6c00000)
  object space 595968K, 97% used [0x0000000784400000,0x00000007a7ab8990,0x00000007a8a00000)
 PSPermGen       total 21504K, used 2999K [0x0000000779e00000, 0x000000077b300000, 0x0000000784400000)
  object space 21504K, 13% used [0x0000000779e00000,0x000000077a0edef0,0x000000077b300000)

