# JRE version: OpenJDK Runtime Environment (7.0_65-b32) (build 1.7.0_65-b32)
# Java VM: OpenJDK 64-Bit Server VM (24.65-b04 mixed mode linux-amd64 compressed oops)
Heap
 PSYoungGen      total 69632K, used 432K [0x00000007d6c00000, 0x00000007db500000, 0x0000000800000000)
  eden space 64512K, 0% used [0x00000007d6c00000,0x00000007d6c00000,0x00000007dab00000)
  from space 5120K, 8% used [0x00000007dab00000,0x00000007dab6c010,0x00000007db000000)
  to   space 5120K, 0% used [0x00000007db000000,0x00000007db000000,0x00000007db500000)
 ParOldGen       total 84480K, used 8K [0x0000000784400000, 0x0000000789680000, 0x00000007d6c00000)
  object space 84480K, 0% used [0x0000000784400000,0x0000000784402000,0x0000000789680000)
 PSPermGen       total 21504K, used 3515K [0x0000000779e00000, 0x000000077b300000, 0x0000000784400000)
  object space 21504K, 16% used [0x0000000779e00000,0x000000077a16ed20,0x000000077b300000)
GC Heap History (9 events):
Event: 21.948 GC heap before
{Heap before GC invocations=1 (full 0):
 PSYoungGen      total 37376K, used 32256K [0x00000007d6c00000, 0x00000007d9580000, 0x0000000800000000)
  eden space 32256K, 100% used [0x00000007d6c00000,0x00000007d8b80000,0x00000007d8b80000)
  from space 5120K, 0% used [0x00000007d9080000,0x00000007d9080000,0x00000007d9580000)
  to   space 5120K, 0% used [0x00000007d8b80000,0x00000007d8b80000,0x00000007d9080000)
 ParOldGen       total 84480K, used 0K [0x0000000784400000, 0x0000000789680000, 0x00000007d6c00000)
  object space 84480K, 0% used [0x0000000784400000,0x0000000784400000,0x0000000789680000)
 PSPermGen       total 21504K, used 3504K [0x0000000779e00000, 0x000000077b300000, 0x0000000784400000)
  object space 21504K, 16% used [0x0000000779e00000,0x000000077a16c2d0,0x000000077b300000)
Event: 21.965 GC heap after
Heap after GC invocations=1 (full 0):
 PSYoungGen      total 37376K, used 464K [0x00000007d6c00000, 0x00000007d9580000, 0x0000000800000000)
  eden space 32256K, 0% used [0x00000007d6c00000,0x00000007d6c00000,0x00000007d8b80000)
  from space 5120K, 9% used [0x00000007d8b80000,0x00000007d8bf4010,0x00000007d9080000)
  to   space 5120K, 0% used [0x00000007d9080000,0x00000007d9080000,0x00000007d9580000)
 ParOldGen       total 84480K, used 0K [0x0000000784400000, 0x0000000789680000, 0x00000007d6c00000)
  object space 84480K, 0% used [0x0000000784400000,0x0000000784400000,0x0000000789680000)
 PSPermGen       total 21504K, used 3504K [0x0000000779e00000, 0x000000077b300000, 0x0000000784400000)
  object space 21504K, 16% used [0x0000000779e00000,0x000000077a16c2d0,0x000000077b300000)
}
Event: 22.336 GC heap before
{Heap before GC invocations=2 (full 0):
 PSYoungGen      total 37376K, used 32720K [0x00000007d6c00000, 0x00000007d9580000, 0x0000000800000000)
  eden space 32256K, 100% used [0x00000007d6c00000,0x00000007d8b80000,0x00000007d8b80000)
  from space 5120K, 9% used [0x00000007d8b80000,0x00000007d8bf4010,0x00000007d9080000)
  to   space 5120K, 0% used [0x00000007d9080000,0x00000007d9080000,0x00000007d9580000)
 ParOldGen       total 84480K, used 0K [0x0000000784400000, 0x0000000789680000, 0x00000007d6c00000)
  object space 84480K, 0% used [0x0000000784400000,0x0000000784400000,0x0000000789680000)
 PSPermGen       total 21504K, used 3514K [0x0000000779e00000, 0x000000077b300000, 0x0000000784400000)
  object space 21504K, 16% used [0x0000000779e00000,0x000000077a16eb48,0x000000077b300000)
Event: 22.353 GC heap after
Heap after GC invocations=2 (full 0):
 PSYoungGen      total 37376K, used 432K [0x00000007d6c00000, 0x00000007db500000, 0x0000000800000000)
  eden space 32256K, 0% used [0x00000007d6c00000,0x00000007d6c00000,0x00000007d8b80000)
  from space 5120K, 8% used [0x00000007d9080000,0x00000007d90ec010,0x00000007d9580000)
  to   space 5120K, 0% used [0x00000007d8b80000,0x00000007d8b80000,0x00000007d9080000)
 ParOldGen       total 84480K, used 0K [0x0000000784400000, 0x0000000789680000, 0x00000007d6c00000)
  object space 84480K, 0% used [0x0000000784400000,0x0000000784400000,0x0000000789680000)
 PSPermGen       total 21504K, used 3514K [0x0000000779e00000, 0x000000077b300000, 0x0000000784400000)
  object space 21504K, 16% used [0x0000000779e00000,0x000000077a16eb48,0x000000077b300000)
}
Event: 22.523 GC heap before
{Heap before GC invocations=3 (full 0):
 PSYoungGen      total 37376K, used 32688K [0x00000007d6c00000, 0x00000007db500000, 0x0000000800000000)
  eden space 32256K, 100% used [0x00000007d6c00000,0x00000007d8b80000,0x00000007d8b80000)
  from space 5120K, 8% used [0x00000007d9080000,0x00000007d90ec010,0x00000007d9580000)
  to   space 5120K, 0% used [0x00000007d8b80000,0x00000007d8b80000,0x00000007d9080000)
 ParOldGen       total 84480K, used 0K [0x0000000784400000, 0x0000000789680000, 0x00000007d6c00000)
  object space 84480K, 0% used [0x0000000784400000,0x0000000784400000,0x0000000789680000)
 PSPermGen       total 21504K, used 3515K [0x0000000779e00000, 0x000000077b300000, 0x0000000784400000)
  object space 21504K, 16% used [0x0000000779e00000,0x000000077a16ed20,0x000000077b300000)
Event: 22.529 GC heap after
Heap after GC invocations=3 (full 0):
 PSYoungGen      total 37376K, used 432K [0x00000007d6c00000, 0x00000007db500000, 0x0000000800000000)
  eden space 32256K, 0% used [0x00000007d6c00000,0x00000007d6c00000,0x00000007d8b80000)
  from space 5120K, 8% used [0x00000007d8b80000,0x00000007d8bec010,0x00000007d9080000)
  to   space 5120K, 0% used [0x00000007db000000,0x00000007db000000,0x00000007db500000)
 ParOldGen       total 84480K, used 0K [0x0000000784400000, 0x0000000789680000, 0x00000007d6c00000)
  object space 84480K, 0% used [0x0000000784400000,0x0000000784400000,0x0000000789680000)
 PSPermGen       total 21504K, used 3515K [0x0000000779e00000, 0x000000077b300000, 0x0000000784400000)
  object space 21504K, 16% used [0x0000000779e00000,0x000000077a16ed20,0x000000077b300000)
}
Event: 22.674 GC heap before
{Heap before GC invocations=4 (full 0):
 PSYoungGen      total 37376K, used 32678K [0x00000007d6c00000, 0x00000007db500000, 0x0000000800000000)
  eden space 32256K, 99% used [0x00000007d6c00000,0x00000007d8b7d860,0x00000007d8b80000)
  from space 5120K, 8% used [0x00000007d8b80000,0x00000007d8bec010,0x00000007d9080000)
  to   space 5120K, 0% used [0x00000007db000000,0x00000007db000000,0x00000007db500000)
 ParOldGen       total 84480K, used 0K [0x0000000784400000, 0x0000000789680000, 0x00000007d6c00000)
  object space 84480K, 0% used [0x0000000784400000,0x0000000784400000,0x0000000789680000)
 PSPermGen       total 21504K, used 3515K [0x0000000779e00000, 0x000000077b300000, 0x0000000784400000)
  object space 21504K, 16% used [0x0000000779e00000,0x000000077a16ed20,0x000000077b300000)
Event: 22.691 GC heap after
Heap after GC invocations=4 (full 0):
 PSYoungGen      total 69632K, used 464K [0x00000007d6c00000, 0x00000007db500000, 0x0000000800000000)
  eden space 64512K, 0% used [0x00000007d6c00000,0x00000007d6c00000,0x00000007dab00000)
  from space 5120K, 9% used [0x00000007db000000,0x00000007db074010,0x00000007db500000)
  to   space 5120K, 0% used [0x00000007dab00000,0x00000007dab00000,0x00000007db000000)
 ParOldGen       total 84480K, used 8K [0x0000000784400000, 0x0000000789680000, 0x00000007d6c00000)
  object space 84480K, 0% used [0x0000000784400000,0x0000000784402000,0x0000000789680000)
 PSPermGen       total 21504K, used 3515K [0x0000000779e00000, 0x000000077b300000, 0x0000000784400000)
  object space 21504K, 16% used [0x0000000779e00000,0x000000077a16ed20,0x000000077b300000)
}
Event: 23.019 GC heap before
{Heap before GC invocations=5 (full 0):
 PSYoungGen      total 69632K, used 64976K [0x00000007d6c00000, 0x00000007db500000, 0x0000000800000000)
  eden space 64512K, 100% used [0x00000007d6c00000,0x00000007dab00000,0x00000007dab00000)
  from space 5120K, 9% used [0x00000007db000000,0x00000007db074010,0x00000007db500000)
  to   space 5120K, 0% used [0x00000007dab00000,0x00000007dab00000,0x00000007db000000)
 ParOldGen       total 84480K, used 8K [0x0000000784400000, 0x0000000789680000, 0x00000007d6c00000)
  object space 84480K, 0% used [0x0000000784400000,0x0000000784402000,0x0000000789680000)
 PSPermGen       total 21504K, used 3515K [0x0000000779e00000, 0x000000077b300000, 0x0000000784400000)
  object space 21504K, 16% used [0x0000000779e00000,0x000000077a16ed20,0x000000077b300000)

