# JRE version: OpenJDK Runtime Environment (7.0_65-b32) (build 1.7.0_65-b32)
# Java VM: OpenJDK 64-Bit Server VM (24.65-b04 mixed mode linux-amd64 compressed oops)
Heap
 PSYoungGen      total 663040K, used 678K [0x00000007d6c00000, 0x00000007ffc80000, 0x0000000800000000)
  eden space 661504K, 0% used [0x00000007d6c00000,0x00000007d6c00000,0x00000007ff200000)
  from space 1536K, 44% used [0x00000007ff980000,0x00000007ffa29b48,0x00000007ffb00000)
  to   space 512K, 0% used [0x00000007ffc00000,0x00000007ffc00000,0x00000007ffc80000)
 ParOldGen       total 84480K, used 72719K [0x0000000784400000, 0x0000000789680000, 0x00000007d6c00000)
  object space 84480K, 86% used [0x0000000784400000,0x0000000788b03f90,0x0000000789680000)
 PSPermGen       total 21504K, used 3512K [0x0000000779e00000, 0x000000077b300000, 0x0000000784400000)
  object space 21504K, 16% used [0x0000000779e00000,0x000000077a16e370,0x000000077b300000)
GC Heap History (10 events):
Event: 463.642 GC heap after
Heap after GC invocations=1338 (full 0):
 PSYoungGen      total 505344K, used 674K [0x00000007d6c00000, 0x00000007ffd80000, 0x0000000800000000)
  eden space 504320K, 0% used [0x00000007d6c00000,0x00000007d6c00000,0x00000007f5880000)
  from space 1024K, 65% used [0x00000007ffc80000,0x00000007ffd28b38,0x00000007ffd80000)
  to   space 1536K, 0% used [0x00000007ffa80000,0x00000007ffa80000,0x00000007ffc00000)
 ParOldGen       total 84480K, used 72074K [0x0000000784400000, 0x0000000789680000, 0x00000007d6c00000)
  object space 84480K, 85% used [0x0000000784400000,0x0000000788a62868,0x0000000789680000)
 PSPermGen       total 21504K, used 3512K [0x0000000779e00000, 0x000000077b300000, 0x0000000784400000)
  object space 21504K, 16% used [0x0000000779e00000,0x000000077a16e370,0x000000077b300000)
}
Event: 464.631 GC heap before
{Heap before GC invocations=1339 (full 0):
 PSYoungGen      total 505344K, used 504360K [0x00000007d6c00000, 0x00000007ffd80000, 0x0000000800000000)
  eden space 504320K, 99% used [0x00000007d6c00000,0x00000007f57e16f8,0x00000007f5880000)
  from space 1024K, 65% used [0x00000007ffc80000,0x00000007ffd28b38,0x00000007ffd80000)
  to   space 1536K, 0% used [0x00000007ffa80000,0x00000007ffa80000,0x00000007ffc00000)
 ParOldGen       total 84480K, used 72074K [0x0000000784400000, 0x0000000789680000, 0x00000007d6c00000)
  object space 84480K, 85% used [0x0000000784400000,0x0000000788a62868,0x0000000789680000)
 PSPermGen       total 21504K, used 3512K [0x0000000779e00000, 0x000000077b300000, 0x0000000784400000)
  object space 21504K, 16% used [0x0000000779e00000,0x000000077a16e370,0x000000077b300000)
Event: 464.635 GC heap after
Heap after GC invocations=1339 (full 0):
 PSYoungGen      total 482304K, used 675K [0x00000007d6c00000, 0x00000007ffd00000, 0x0000000800000000)
  eden space 480768K, 0% used [0x00000007d6c00000,0x00000007d6c00000,0x00000007f4180000)
  from space 1536K, 43% used [0x00000007ffa80000,0x00000007ffb28e28,0x00000007ffc00000)
  to   space 1024K, 0% used [0x00000007ffc00000,0x00000007ffc00000,0x00000007ffd00000)
 ParOldGen       total 84480K, used 72074K [0x0000000784400000, 0x0000000789680000, 0x00000007d6c00000)
  object space 84480K, 85% used [0x0000000784400000,0x0000000788a62868,0x0000000789680000)
 PSPermGen       total 21504K, used 3512K [0x0000000779e00000, 0x000000077b300000, 0x0000000784400000)
  object space 21504K, 16% used [0x0000000779e00000,0x000000077a16e370,0x000000077b300000)
}
Event: 465.639 GC heap before
{Heap before GC invocations=1340 (full 0):
 PSYoungGen      total 482304K, used 481116K [0x00000007d6c00000, 0x00000007ffd00000, 0x0000000800000000)
  eden space 480768K, 99% used [0x00000007d6c00000,0x00000007f412e580,0x00000007f4180000)
  from space 1536K, 43% used [0x00000007ffa80000,0x00000007ffb28e28,0x00000007ffc00000)
  to   space 1024K, 0% used [0x00000007ffc00000,0x00000007ffc00000,0x00000007ffd00000)
 ParOldGen       total 84480K, used 72074K [0x0000000784400000, 0x0000000789680000, 0x00000007d6c00000)
  object space 84480K, 85% used [0x0000000784400000,0x0000000788a62868,0x0000000789680000)
 PSPermGen       total 21504K, used 3512K [0x0000000779e00000, 0x000000077b300000, 0x0000000784400000)
  object space 21504K, 16% used [0x0000000779e00000,0x000000077a16e370,0x000000077b300000)
Event: 465.643 GC heap after
Heap after GC invocations=1340 (full 0):
 PSYoungGen      total 459776K, used 676K [0x00000007d6c00000, 0x00000007ffd00000, 0x0000000800000000)
  eden space 458752K, 0% used [0x00000007d6c00000,0x00000007d6c00000,0x00000007f2c00000)
  from space 1024K, 66% used [0x00000007ffc00000,0x00000007ffca9110,0x00000007ffd00000)
  to   space 1024K, 0% used [0x00000007ffb00000,0x00000007ffb00000,0x00000007ffc00000)
 ParOldGen       total 84480K, used 72074K [0x0000000784400000, 0x0000000789680000, 0x00000007d6c00000)
  object space 84480K, 85% used [0x0000000784400000,0x0000000788a62868,0x0000000789680000)
 PSPermGen       total 21504K, used 3512K [0x0000000779e00000, 0x000000077b300000, 0x0000000784400000)
  object space 21504K, 16% used [0x0000000779e00000,0x000000077a16e370,0x000000077b300000)
}
Event: 468.151 GC heap before
{Heap before GC invocations=1341 (full 0):
 PSYoungGen      total 459776K, used 459082K [0x00000007d6c00000, 0x00000007ffd00000, 0x0000000800000000)
  eden space 458752K, 99% used [0x00000007d6c00000,0x00000007f2ba9898,0x00000007f2c00000)
  from space 1024K, 66% used [0x00000007ffc00000,0x00000007ffca9110,0x00000007ffd00000)
  to   space 1024K, 0% used [0x00000007ffb00000,0x00000007ffb00000,0x00000007ffc00000)
 ParOldGen       total 84480K, used 72074K [0x0000000784400000, 0x0000000789680000, 0x00000007d6c00000)
  object space 84480K, 85% used [0x0000000784400000,0x0000000788a62868,0x0000000789680000)
 PSPermGen       total 21504K, used 3512K [0x0000000779e00000, 0x000000077b300000, 0x0000000784400000)
  object space 21504K, 16% used [0x0000000779e00000,0x000000077a16e370,0x000000077b300000)
Event: 473.984 GC heap after
Heap after GC invocations=1341 (full 0):
 PSYoungGen      total 551936K, used 740K [0x00000007d6c00000, 0x00000007ffc80000, 0x0000000800000000)
  eden space 550912K, 0% used [0x00000007d6c00000,0x00000007d6c00000,0x00000007f8600000)
  from space 1024K, 72% used [0x00000007ffb00000,0x00000007ffbb93f8,0x00000007ffc00000)
  to   space 512K, 0% used [0x00000007ffc00000,0x00000007ffc00000,0x00000007ffc80000)
 ParOldGen       total 84480K, used 72074K [0x0000000784400000, 0x0000000789680000, 0x00000007d6c00000)
  object space 84480K, 85% used [0x0000000784400000,0x0000000788a62868,0x0000000789680000)
 PSPermGen       total 21504K, used 3512K [0x0000000779e00000, 0x000000077b300000, 0x0000000784400000)
  object space 21504K, 16% used [0x0000000779e00000,0x000000077a16e370,0x000000077b300000)
}
Event: 480.856 GC heap before
{Heap before GC invocations=1342 (full 0):
 PSYoungGen      total 551936K, used 551349K [0x00000007d6c00000, 0x00000007ffc80000, 0x0000000800000000)
  eden space 550912K, 99% used [0x00000007d6c00000,0x00000007f85b42c8,0x00000007f8600000)
  from space 1024K, 72% used [0x00000007ffb00000,0x00000007ffbb93f8,0x00000007ffc00000)
  to   space 512K, 0% used [0x00000007ffc00000,0x00000007ffc00000,0x00000007ffc80000)
 ParOldGen       total 84480K, used 72074K [0x0000000784400000, 0x0000000789680000, 0x00000007d6c00000)
  object space 84480K, 85% used [0x0000000784400000,0x0000000788a62868,0x0000000789680000)
 PSPermGen       total 21504K, used 3512K [0x0000000779e00000, 0x000000077b300000, 0x0000000784400000)
  object space 21504K, 16% used [0x0000000779e00000,0x000000077a16e370,0x000000077b300000)
Event: 489.360 GC heap after
Heap after GC invocations=1342 (full 0):
 PSYoungGen      total 662016K, used 96K [0x00000007d6c00000, 0x00000007ffc80000, 0x0000000800000000)
  eden space 661504K, 0% used [0x00000007d6c00000,0x00000007d6c00000,0x00000007ff200000)
  from space 512K, 18% used [0x00000007ffc00000,0x00000007ffc18000,0x00000007ffc80000)
  to   space 1536K, 0% used [0x00000007ff980000,0x00000007ff980000,0x00000007ffb00000)
 ParOldGen       total 84480K, used 72719K [0x0000000784400000, 0x0000000789680000, 0x00000007d6c00000)
  object space 84480K, 86% used [0x0000000784400000,0x0000000788b03f90,0x0000000789680000)
 PSPermGen       total 21504K, used 3512K [0x0000000779e00000, 0x000000077b300000, 0x0000000784400000)
  object space 21504K, 16% used [0x0000000779e00000,0x000000077a16e370,0x000000077b300000)
}
Event: 494.908 GC heap before
{Heap before GC invocations=1343 (full 0):
 PSYoungGen      total 662016K, used 661381K [0x00000007d6c00000, 0x00000007ffc80000, 0x0000000800000000)
  eden space 661504K, 99% used [0x00000007d6c00000,0x00000007ff1c9650,0x00000007ff200000)
  from space 512K, 18% used [0x00000007ffc00000,0x00000007ffc18000,0x00000007ffc80000)
  to   space 1536K, 0% used [0x00000007ff980000,0x00000007ff980000,0x00000007ffb00000)
 ParOldGen       total 84480K, used 72719K [0x0000000784400000, 0x0000000789680000, 0x00000007d6c00000)
  object space 84480K, 86% used [0x0000000784400000,0x0000000788b03f90,0x0000000789680000)
 PSPermGen       total 21504K, used 3512K [0x0000000779e00000, 0x000000077b300000, 0x0000000784400000)
  object space 21504K, 16% used [0x0000000779e00000,0x000000077a16e370,0x000000077b300000)

