# JRE version: OpenJDK Runtime Environment (7.0_65-b32) (build 1.7.0_65-b32)
# Java VM: OpenJDK 64-Bit Server VM (24.65-b04 mixed mode linux-amd64 compressed oops)
Heap
 PSYoungGen      total 516096K, used 1131K [0x00000007d6c00000, 0x00000007f6680000, 0x0000000800000000)
  eden space 514048K, 0% used [0x00000007d6c00000,0x00000007d6c00000,0x00000007f6200000)
  from space 2048K, 55% used [0x00000007f6280000,0x00000007f639afe0,0x00000007f6480000)
  to   space 1536K, 0% used [0x00000007f6500000,0x00000007f6500000,0x00000007f6680000)
 ParOldGen       total 39936K, used 19063K [0x0000000784400000, 0x0000000786b00000, 0x00000007d6c00000)
  object space 39936K, 47% used [0x0000000784400000,0x000000078569de78,0x0000000786b00000)
 PSPermGen       total 21504K, used 3523K [0x0000000779e00000, 0x000000077b300000, 0x0000000784400000)
  object space 21504K, 16% used [0x0000000779e00000,0x000000077a170f60,0x000000077b300000)
GC Heap History (10 events):
Event: 1399.254 GC heap after
Heap after GC invocations=3600 (full 6):
 PSYoungGen      total 363008K, used 1162K [0x00000007d6c00000, 0x00000007eff80000, 0x0000000800000000)
  eden space 361472K, 0% used [0x00000007d6c00000,0x00000007d6c00000,0x00000007ecd00000)
  from space 1536K, 75% used [0x00000007efe00000,0x00000007eff22840,0x00000007eff80000)
  to   space 2048K, 0% used [0x00000007efb80000,0x00000007efb80000,0x00000007efd80000)
 ParOldGen       total 39936K, used 19063K [0x0000000784400000, 0x0000000786b00000, 0x00000007d6c00000)
  object space 39936K, 47% used [0x0000000784400000,0x000000078569de78,0x0000000786b00000)
 PSPermGen       total 21504K, used 3523K [0x0000000779e00000, 0x000000077b300000, 0x0000000784400000)
  object space 21504K, 16% used [0x0000000779e00000,0x000000077a170f60,0x000000077b300000)
}
Event: 1402.082 GC heap before
{Heap before GC invocations=3601 (full 6):
 PSYoungGen      total 363008K, used 362519K [0x00000007d6c00000, 0x00000007eff80000, 0x0000000800000000)
  eden space 361472K, 99% used [0x00000007d6c00000,0x00000007ecce3638,0x00000007ecd00000)
  from space 1536K, 75% used [0x00000007efe00000,0x00000007eff22840,0x00000007eff80000)
  to   space 2048K, 0% used [0x00000007efb80000,0x00000007efb80000,0x00000007efd80000)
 ParOldGen       total 39936K, used 19063K [0x0000000784400000, 0x0000000786b00000, 0x00000007d6c00000)
  object space 39936K, 47% used [0x0000000784400000,0x000000078569de78,0x0000000786b00000)
 PSPermGen       total 21504K, used 3523K [0x0000000779e00000, 0x000000077b300000, 0x0000000784400000)
  object space 21504K, 16% used [0x0000000779e00000,0x000000077a170f60,0x000000077b300000)
Event: 1402.089 GC heap after
Heap after GC invocations=3601 (full 6):
 PSYoungGen      total 411136K, used 1130K [0x00000007d6c00000, 0x00000007f1500000, 0x0000000800000000)
  eden space 409088K, 0% used [0x00000007d6c00000,0x00000007d6c00000,0x00000007efb80000)
  from space 2048K, 55% used [0x00000007efb80000,0x00000007efc9a9a8,0x00000007efd80000)
  to   space 2048K, 0% used [0x00000007f1300000,0x00000007f1300000,0x00000007f1500000)
 ParOldGen       total 39936K, used 19063K [0x0000000784400000, 0x0000000786b00000, 0x00000007d6c00000)
  object space 39936K, 47% used [0x0000000784400000,0x000000078569de78,0x0000000786b00000)
 PSPermGen       total 21504K, used 3523K [0x0000000779e00000, 0x000000077b300000, 0x0000000784400000)
  object space 21504K, 16% used [0x0000000779e00000,0x000000077a170f60,0x000000077b300000)
}
Event: 1404.128 GC heap before
{Heap before GC invocations=3602 (full 6):
 PSYoungGen      total 411136K, used 409843K [0x00000007d6c00000, 0x00000007f1500000, 0x0000000800000000)
  eden space 409088K, 99% used [0x00000007d6c00000,0x00000007efb22560,0x00000007efb80000)
  from space 2048K, 55% used [0x00000007efb80000,0x00000007efc9a9a8,0x00000007efd80000)
  to   space 2048K, 0% used [0x00000007f1300000,0x00000007f1300000,0x00000007f1500000)
 ParOldGen       total 39936K, used 19063K [0x0000000784400000, 0x0000000786b00000, 0x00000007d6c00000)
  object space 39936K, 47% used [0x0000000784400000,0x000000078569de78,0x0000000786b00000)
 PSPermGen       total 21504K, used 3523K [0x0000000779e00000, 0x000000077b300000, 0x0000000784400000)
  object space 21504K, 16% used [0x0000000779e00000,0x000000077a170f60,0x000000077b300000)
Event: 1404.198 GC heap after
Heap after GC invocations=3602 (full 6):
 PSYoungGen      total 433152K, used 1194K [0x00000007d6c00000, 0x00000007f4d80000, 0x0000000800000000)
  eden space 431104K, 0% used [0x00000007d6c00000,0x00000007d6c00000,0x00000007f1100000)
  from space 2048K, 58% used [0x00000007f1300000,0x00000007f142ab20,0x00000007f1500000)
  to   space 2048K, 0% used [0x00000007f1100000,0x00000007f1100000,0x00000007f1300000)
 ParOldGen       total 39936K, used 19063K [0x0000000784400000, 0x0000000786b00000, 0x00000007d6c00000)
  object space 39936K, 47% used [0x0000000784400000,0x000000078569de78,0x0000000786b00000)
 PSPermGen       total 21504K, used 3523K [0x0000000779e00000, 0x000000077b300000, 0x0000000784400000)
  object space 21504K, 16% used [0x0000000779e00000,0x000000077a170f60,0x000000077b300000)
}
Event: 1406.476 GC heap before
{Heap before GC invocations=3603 (full 6):
 PSYoungGen      total 433152K, used 432028K [0x00000007d6c00000, 0x00000007f4d80000, 0x0000000800000000)
  eden space 431104K, 99% used [0x00000007d6c00000,0x00000007f10bc500,0x00000007f1100000)
  from space 2048K, 58% used [0x00000007f1300000,0x00000007f142ab20,0x00000007f1500000)
  to   space 2048K, 0% used [0x00000007f1100000,0x00000007f1100000,0x00000007f1300000)
 ParOldGen       total 39936K, used 19063K [0x0000000784400000, 0x0000000786b00000, 0x00000007d6c00000)
  object space 39936K, 47% used [0x0000000784400000,0x000000078569de78,0x0000000786b00000)
 PSPermGen       total 21504K, used 3523K [0x0000000779e00000, 0x000000077b300000, 0x0000000784400000)
  object space 21504K, 16% used [0x0000000779e00000,0x000000077a170f60,0x000000077b300000)
Event: 1406.495 GC heap after
Heap after GC invocations=3603 (full 6):
 PSYoungGen      total 433152K, used 1163K [0x00000007d6c00000, 0x00000007f6700000, 0x0000000800000000)
  eden space 431104K, 0% used [0x00000007d6c00000,0x00000007d6c00000,0x00000007f1100000)
  from space 2048K, 56% used [0x00000007f1100000,0x00000007f1222ca8,0x00000007f1300000)
  to   space 2048K, 0% used [0x00000007f6500000,0x00000007f6500000,0x00000007f6700000)
 ParOldGen       total 39936K, used 19063K [0x0000000784400000, 0x0000000786b00000, 0x00000007d6c00000)
  object space 39936K, 47% used [0x0000000784400000,0x000000078569de78,0x0000000786b00000)
 PSPermGen       total 21504K, used 3523K [0x0000000779e00000, 0x000000077b300000, 0x0000000784400000)
  object space 21504K, 16% used [0x0000000779e00000,0x000000077a170f60,0x000000077b300000)
}
Event: 1408.275 GC heap before
{Heap before GC invocations=3604 (full 6):
 PSYoungGen      total 433152K, used 432146K [0x00000007d6c00000, 0x00000007f6700000, 0x0000000800000000)
  eden space 431104K, 99% used [0x00000007d6c00000,0x00000007f10e1d40,0x00000007f1100000)
  from space 2048K, 56% used [0x00000007f1100000,0x00000007f1222ca8,0x00000007f1300000)
  to   space 2048K, 0% used [0x00000007f6500000,0x00000007f6500000,0x00000007f6700000)
 ParOldGen       total 39936K, used 19063K [0x0000000784400000, 0x0000000786b00000, 0x00000007d6c00000)
  object space 39936K, 47% used [0x0000000784400000,0x000000078569de78,0x0000000786b00000)
 PSPermGen       total 21504K, used 3523K [0x0000000779e00000, 0x000000077b300000, 0x0000000784400000)
  object space 21504K, 16% used [0x0000000779e00000,0x000000077a170f60,0x000000077b300000)
Event: 1408.286 GC heap after
Heap after GC invocations=3604 (full 6):
 PSYoungGen      total 515584K, used 1131K [0x00000007d6c00000, 0x00000007f6680000, 0x0000000800000000)
  eden space 514048K, 0% used [0x00000007d6c00000,0x00000007d6c00000,0x00000007f6200000)
  from space 1536K, 73% used [0x00000007f6500000,0x00000007f661ae30,0x00000007f6680000)
  to   space 2048K, 0% used [0x00000007f6280000,0x00000007f6280000,0x00000007f6480000)
 ParOldGen       total 39936K, used 19063K [0x0000000784400000, 0x0000000786b00000, 0x00000007d6c00000)
  object space 39936K, 47% used [0x0000000784400000,0x000000078569de78,0x0000000786b00000)
 PSPermGen       total 21504K, used 3523K [0x0000000779e00000, 0x000000077b300000, 0x0000000784400000)
  object space 21504K, 16% used [0x0000000779e00000,0x000000077a170f60,0x000000077b300000)
}
Event: 1411.335 GC heap before
{Heap before GC invocations=3605 (full 6):
 PSYoungGen      total 515584K, used 514769K [0x00000007d6c00000, 0x00000007f6680000, 0x0000000800000000)
  eden space 514048K, 99% used [0x00000007d6c00000,0x00000007f61996a0,0x00000007f6200000)
  from space 1536K, 73% used [0x00000007f6500000,0x00000007f661ae30,0x00000007f6680000)
  to   space 2048K, 0% used [0x00000007f6280000,0x00000007f6280000,0x00000007f6480000)
 ParOldGen       total 39936K, used 19063K [0x0000000784400000, 0x0000000786b00000, 0x00000007d6c00000)
  object space 39936K, 47% used [0x0000000784400000,0x000000078569de78,0x0000000786b00000)
 PSPermGen       total 21504K, used 3523K [0x0000000779e00000, 0x000000077b300000, 0x0000000784400000)
  object space 21504K, 16% used [0x0000000779e00000,0x000000077a170f60,0x000000077b300000)

