# JRE version: OpenJDK Runtime Environment (7.0_65-b32) (build 1.7.0_65-b32)
# Java VM: OpenJDK 64-Bit Server VM (24.65-b04 mixed mode linux-amd64 compressed oops)
Heap
 PSYoungGen      total 378880K, used 1856K [0x00000007d6c00000, 0x00000007ef380000, 0x0000000800000000)
  eden space 375808K, 0% used [0x00000007d6c00000,0x00000007d6c00000,0x00000007edb00000)
  from space 3072K, 60% used [0x00000007eed80000,0x00000007eef50100,0x00000007ef080000)
  to   space 2048K, 0% used [0x00000007ef180000,0x00000007ef180000,0x00000007ef380000)
 ParOldGen       total 49664K, used 27326K [0x0000000784400000, 0x0000000787480000, 0x00000007d6c00000)
  object space 49664K, 55% used [0x0000000784400000,0x0000000785eafa08,0x0000000787480000)
 PSPermGen       total 21504K, used 3511K [0x0000000779e00000, 0x000000077b300000, 0x0000000784400000)
  object space 21504K, 16% used [0x0000000779e00000,0x000000077a16dea8,0x000000077b300000)
GC Heap History (10 events):
Event: 4030.092 GC heap after
Heap after GC invocations=8722 (full 40):
 PSYoungGen      total 284672K, used 32K [0x00000007d6c00000, 0x00000007ef680000, 0x0000000800000000)
  eden space 284160K, 0% used [0x00000007d6c00000,0x00000007d6c00000,0x00000007e8180000)
  from space 512K, 6% used [0x00000007ef600000,0x00000007ef608000,0x00000007ef680000)
  to   space 3072K, 0% used [0x00000007ef080000,0x00000007ef080000,0x00000007ef380000)
 ParOldGen       total 49664K, used 27326K [0x0000000784400000, 0x0000000787480000, 0x00000007d6c00000)
  object space 49664K, 55% used [0x0000000784400000,0x0000000785eafa08,0x0000000787480000)
 PSPermGen       total 21504K, used 3511K [0x0000000779e00000, 0x000000077b300000, 0x0000000784400000)
  object space 21504K, 16% used [0x0000000779e00000,0x000000077a16dea8,0x000000077b300000)
}
Event: 4031.059 GC heap before
{Heap before GC invocations=8723 (full 40):
 PSYoungGen      total 284672K, used 283110K [0x00000007d6c00000, 0x00000007ef680000, 0x0000000800000000)
  eden space 284160K, 99% used [0x00000007d6c00000,0x00000007e8071bd0,0x00000007e8180000)
  from space 512K, 6% used [0x00000007ef600000,0x00000007ef608000,0x00000007ef680000)
  to   space 3072K, 0% used [0x00000007ef080000,0x00000007ef080000,0x00000007ef380000)
 ParOldGen       total 49664K, used 27326K [0x0000000784400000, 0x0000000787480000, 0x00000007d6c00000)
  object space 49664K, 55% used [0x0000000784400000,0x0000000785eafa08,0x0000000787480000)
 PSPermGen       total 21504K, used 3511K [0x0000000779e00000, 0x000000077b300000, 0x0000000784400000)
  object space 21504K, 16% used [0x0000000779e00000,0x000000077a16dea8,0x000000077b300000)
Event: 4031.063 GC heap after
Heap after GC invocations=8723 (full 40):
 PSYoungGen      total 274944K, used 1823K [0x00000007d6c00000, 0x00000007ef680000, 0x0000000800000000)
  eden space 271872K, 0% used [0x00000007d6c00000,0x00000007d6c00000,0x00000007e7580000)
  from space 3072K, 59% used [0x00000007ef080000,0x00000007ef247e78,0x00000007ef380000)
  to   space 3072K, 0% used [0x00000007ef380000,0x00000007ef380000,0x00000007ef680000)
 ParOldGen       total 49664K, used 27326K [0x0000000784400000, 0x0000000787480000, 0x00000007d6c00000)
  object space 49664K, 55% used [0x0000000784400000,0x0000000785eafa08,0x0000000787480000)
 PSPermGen       total 21504K, used 3511K [0x0000000779e00000, 0x000000077b300000, 0x0000000784400000)
  object space 21504K, 16% used [0x0000000779e00000,0x000000077a16dea8,0x000000077b300000)
}
Event: 4031.947 GC heap before
{Heap before GC invocations=8724 (full 40):
 PSYoungGen      total 274944K, used 272382K [0x00000007d6c00000, 0x00000007ef680000, 0x0000000800000000)
  eden space 271872K, 99% used [0x00000007d6c00000,0x00000007e7437c30,0x00000007e7580000)
  from space 3072K, 59% used [0x00000007ef080000,0x00000007ef247e78,0x00000007ef380000)
  to   space 3072K, 0% used [0x00000007ef380000,0x00000007ef380000,0x00000007ef680000)
 ParOldGen       total 49664K, used 27326K [0x0000000784400000, 0x0000000787480000, 0x00000007d6c00000)
  object space 49664K, 55% used [0x0000000784400000,0x0000000785eafa08,0x0000000787480000)
 PSPermGen       total 21504K, used 3511K [0x0000000779e00000, 0x000000077b300000, 0x0000000784400000)
  object space 21504K, 16% used [0x0000000779e00000,0x000000077a16dea8,0x000000077b300000)
Event: 4031.952 GC heap after
Heap after GC invocations=8724 (full 40):
 PSYoungGen      total 262656K, used 1823K [0x00000007d6c00000, 0x00000007ef580000, 0x0000000800000000)
  eden space 260608K, 0% used [0x00000007d6c00000,0x00000007d6c00000,0x00000007e6a80000)
  from space 2048K, 89% used [0x00000007ef380000,0x00000007ef547ef0,0x00000007ef580000)
  to   space 3072K, 0% used [0x00000007eef80000,0x00000007eef80000,0x00000007ef280000)
 ParOldGen       total 49664K, used 27326K [0x0000000784400000, 0x0000000787480000, 0x00000007d6c00000)
  object space 49664K, 55% used [0x0000000784400000,0x0000000785eafa08,0x0000000787480000)
 PSPermGen       total 21504K, used 3511K [0x0000000779e00000, 0x000000077b300000, 0x0000000784400000)
  object space 21504K, 16% used [0x0000000779e00000,0x000000077a16dea8,0x000000077b300000)
}
Event: 4033.779 GC heap before
{Heap before GC invocations=8725 (full 40):
 PSYoungGen      total 262656K, used 261653K [0x00000007d6c00000, 0x00000007ef580000, 0x0000000800000000)
  eden space 260608K, 99% used [0x00000007d6c00000,0x00000007e69bd7a8,0x00000007e6a80000)
  from space 2048K, 89% used [0x00000007ef380000,0x00000007ef547ef0,0x00000007ef580000)
  to   space 3072K, 0% used [0x00000007eef80000,0x00000007eef80000,0x00000007ef280000)
 ParOldGen       total 49664K, used 27326K [0x0000000784400000, 0x0000000787480000, 0x00000007d6c00000)
  object space 49664K, 55% used [0x0000000784400000,0x0000000785eafa08,0x0000000787480000)
 PSPermGen       total 21504K, used 3511K [0x0000000779e00000, 0x000000077b300000, 0x0000000784400000)
  object space 21504K, 16% used [0x0000000779e00000,0x000000077a16dea8,0x000000077b300000)
Event: 4035.722 GC heap after
Heap after GC invocations=8725 (full 40):
 PSYoungGen      total 314880K, used 1855K [0x00000007d6c00000, 0x00000007ef400000, 0x0000000800000000)
  eden space 312832K, 0% used [0x00000007d6c00000,0x00000007d6c00000,0x00000007e9d80000)
  from space 2048K, 90% used [0x00000007eef80000,0x00000007ef14ffa0,0x00000007ef180000)
  to   space 2560K, 0% used [0x00000007ef180000,0x00000007ef180000,0x00000007ef400000)
 ParOldGen       total 49664K, used 27326K [0x0000000784400000, 0x0000000787480000, 0x00000007d6c00000)
  object space 49664K, 55% used [0x0000000784400000,0x0000000785eafa08,0x0000000787480000)
 PSPermGen       total 21504K, used 3511K [0x0000000779e00000, 0x000000077b300000, 0x0000000784400000)
  object space 21504K, 16% used [0x0000000779e00000,0x000000077a16dea8,0x000000077b300000)
}
Event: 4039.148 GC heap before
{Heap before GC invocations=8726 (full 40):
 PSYoungGen      total 314880K, used 313679K [0x00000007d6c00000, 0x00000007ef400000, 0x0000000800000000)
  eden space 312832K, 99% used [0x00000007d6c00000,0x00000007e9c83f60,0x00000007e9d80000)
  from space 2048K, 90% used [0x00000007eef80000,0x00000007ef14ffa0,0x00000007ef180000)
  to   space 2560K, 0% used [0x00000007ef180000,0x00000007ef180000,0x00000007ef400000)
 ParOldGen       total 49664K, used 27326K [0x0000000784400000, 0x0000000787480000, 0x00000007d6c00000)
  object space 49664K, 55% used [0x0000000784400000,0x0000000785eafa08,0x0000000787480000)
 PSPermGen       total 21504K, used 3511K [0x0000000779e00000, 0x000000077b300000, 0x0000000784400000)
  object space 21504K, 16% used [0x0000000779e00000,0x000000077a16dea8,0x000000077b300000)
Event: 4044.086 GC heap after
Heap after GC invocations=8726 (full 40):
 PSYoungGen      total 377856K, used 1856K [0x00000007d6c00000, 0x00000007ef380000, 0x0000000800000000)
  eden space 375808K, 0% used [0x00000007d6c00000,0x00000007d6c00000,0x00000007edb00000)
  from space 2048K, 90% used [0x00000007ef180000,0x00000007ef350050,0x00000007ef380000)
  to   space 3072K, 0% used [0x00000007eed80000,0x00000007eed80000,0x00000007ef080000)
 ParOldGen       total 49664K, used 27326K [0x0000000784400000, 0x0000000787480000, 0x00000007d6c00000)
  object space 49664K, 55% used [0x0000000784400000,0x0000000785eafa08,0x0000000787480000)
 PSPermGen       total 21504K, used 3511K [0x0000000779e00000, 0x000000077b300000, 0x0000000784400000)
  object space 21504K, 16% used [0x0000000779e00000,0x000000077a16dea8,0x000000077b300000)
}
Event: 4046.974 GC heap before
{Heap before GC invocations=8727 (full 40):
 PSYoungGen      total 377856K, used 376440K [0x00000007d6c00000, 0x00000007ef380000, 0x0000000800000000)
  eden space 375808K, 99% used [0x00000007d6c00000,0x00000007ed9ce040,0x00000007edb00000)
  from space 2048K, 90% used [0x00000007ef180000,0x00000007ef350050,0x00000007ef380000)
  to   space 3072K, 0% used [0x00000007eed80000,0x00000007eed80000,0x00000007ef080000)
 ParOldGen       total 49664K, used 27326K [0x0000000784400000, 0x0000000787480000, 0x00000007d6c00000)
  object space 49664K, 55% used [0x0000000784400000,0x0000000785eafa08,0x0000000787480000)
 PSPermGen       total 21504K, used 3511K [0x0000000779e00000, 0x000000077b300000, 0x0000000784400000)
  object space 21504K, 16% used [0x0000000779e00000,0x000000077a16dea8,0x000000077b300000)

