# JRE version: OpenJDK Runtime Environment (7.0_65-b32) (build 1.7.0_65-b32)
# Java VM: OpenJDK 64-Bit Server VM (24.65-b04 mixed mode linux-amd64 compressed oops)
Heap
 PSYoungGen      total 227840K, used 1550K [0x00000007d6c00000, 0x00000007e5680000, 0x0000000800000000)
  eden space 225280K, 0% used [0x00000007d6c00000,0x00000007d6c00000,0x00000007e4800000)
  from space 2560K, 60% used [0x00000007e4800000,0x00000007e4983a30,0x00000007e4a80000)
  to   space 1024K, 0% used [0x00000007e4a80000,0x00000007e4a80000,0x00000007e4b80000)
 ParOldGen       total 41472K, used 7935K [0x0000000784400000, 0x0000000786c80000, 0x00000007d6c00000)
  object space 41472K, 19% used [0x0000000784400000,0x0000000784bbfd60,0x0000000786c80000)
 PSPermGen       total 21504K, used 3629K [0x0000000779e00000, 0x000000077b300000, 0x0000000784400000)
  object space 21504K, 16% used [0x0000000779e00000,0x000000077a18b7c8,0x000000077b300000)
GC Heap History (10 events):
Event: 3050.242 GC heap after
Heap after GC invocations=7414 (full 20):
 PSYoungGen      total 178176K, used 1517K [0x00000007d6c00000, 0x00000007e4d80000, 0x0000000800000000)
  eden space 176640K, 0% used [0x00000007d6c00000,0x00000007d6c00000,0x00000007e1880000)
  from space 1536K, 98% used [0x00000007e4c00000,0x00000007e4d7b7a0,0x00000007e4d80000)
  to   space 2048K, 0% used [0x00000007e4980000,0x00000007e4980000,0x00000007e4b80000)
 ParOldGen       total 41472K, used 6448K [0x0000000784400000, 0x0000000786c80000, 0x00000007d6c00000)
  object space 41472K, 15% used [0x0000000784400000,0x0000000784a4c3e8,0x0000000786c80000)
 PSPermGen       total 21504K, used 3629K [0x0000000779e00000, 0x000000077b300000, 0x0000000784400000)
  object space 21504K, 16% used [0x0000000779e00000,0x000000077a18b7c8,0x000000077b300000)
}
Event: 3050.712 GC heap before
{Heap before GC invocations=7415 (full 20):
 PSYoungGen      total 178176K, used 176877K [0x00000007d6c00000, 0x00000007e4d80000, 0x0000000800000000)
  eden space 176640K, 99% used [0x00000007d6c00000,0x00000007e173ffd0,0x00000007e1880000)
  from space 1536K, 98% used [0x00000007e4c00000,0x00000007e4d7b7a0,0x00000007e4d80000)
  to   space 2048K, 0% used [0x00000007e4980000,0x00000007e4980000,0x00000007e4b80000)
 ParOldGen       total 41472K, used 6448K [0x0000000784400000, 0x0000000786c80000, 0x00000007d6c00000)
  object space 41472K, 15% used [0x0000000784400000,0x0000000784a4c3e8,0x0000000786c80000)
 PSPermGen       total 21504K, used 3629K [0x0000000779e00000, 0x000000077b300000, 0x0000000784400000)
  object space 21504K, 16% used [0x0000000779e00000,0x000000077a18b7c8,0x000000077b300000)
Event: 3050.715 GC heap after
Heap after GC invocations=7415 (full 20):
 PSYoungGen      total 171008K, used 1518K [0x00000007d6c00000, 0x00000007e4c80000, 0x0000000800000000)
  eden space 169472K, 0% used [0x00000007d6c00000,0x00000007d6c00000,0x00000007e1180000)
  from space 1536K, 98% used [0x00000007e4980000,0x00000007e4afb818,0x00000007e4b00000)
  to   space 1536K, 0% used [0x00000007e4b00000,0x00000007e4b00000,0x00000007e4c80000)
 ParOldGen       total 41472K, used 6448K [0x0000000784400000, 0x0000000786c80000, 0x00000007d6c00000)
  object space 41472K, 15% used [0x0000000784400000,0x0000000784a4c3e8,0x0000000786c80000)
 PSPermGen       total 21504K, used 3629K [0x0000000779e00000, 0x000000077b300000, 0x0000000784400000)
  object space 21504K, 16% used [0x0000000779e00000,0x000000077a18b7c8,0x000000077b300000)
}
Event: 3051.391 GC heap before
{Heap before GC invocations=7416 (full 20):
 PSYoungGen      total 171008K, used 170944K [0x00000007d6c00000, 0x00000007e4c80000, 0x0000000800000000)
  eden space 169472K, 99% used [0x00000007d6c00000,0x00000007e1174bb8,0x00000007e1180000)
  from space 1536K, 98% used [0x00000007e4980000,0x00000007e4afb818,0x00000007e4b00000)
  to   space 1536K, 0% used [0x00000007e4b00000,0x00000007e4b00000,0x00000007e4c80000)
 ParOldGen       total 41472K, used 6448K [0x0000000784400000, 0x0000000786c80000, 0x00000007d6c00000)
  object space 41472K, 15% used [0x0000000784400000,0x0000000784a4c3e8,0x0000000786c80000)
 PSPermGen       total 21504K, used 3629K [0x0000000779e00000, 0x000000077b300000, 0x0000000784400000)
  object space 21504K, 16% used [0x0000000779e00000,0x000000077a18b7c8,0x000000077b300000)
Event: 3051.394 GC heap after
Heap after GC invocations=7416 (full 20):
 PSYoungGen      total 164352K, used 1518K [0x00000007d6c00000, 0x00000007e4c80000, 0x0000000800000000)
  eden space 162816K, 0% used [0x00000007d6c00000,0x00000007d6c00000,0x00000007e0b00000)
  from space 1536K, 98% used [0x00000007e4b00000,0x00000007e4c7b888,0x00000007e4c80000)
  to   space 2048K, 0% used [0x00000007e4880000,0x00000007e4880000,0x00000007e4a80000)
 ParOldGen       total 41472K, used 6448K [0x0000000784400000, 0x0000000786c80000, 0x00000007d6c00000)
  object space 41472K, 15% used [0x0000000784400000,0x0000000784a4c3e8,0x0000000786c80000)
 PSPermGen       total 21504K, used 3629K [0x0000000779e00000, 0x000000077b300000, 0x0000000784400000)
  object space 21504K, 16% used [0x0000000779e00000,0x000000077a18b7c8,0x000000077b300000)
}
Event: 3053.003 GC heap before
{Heap before GC invocations=7417 (full 20):
 PSYoungGen      total 164352K, used 163526K [0x00000007d6c00000, 0x00000007e4c80000, 0x0000000800000000)
  eden space 162816K, 99% used [0x00000007d6c00000,0x00000007e0a36160,0x00000007e0b00000)
  from space 1536K, 98% used [0x00000007e4b00000,0x00000007e4c7b888,0x00000007e4c80000)
  to   space 2048K, 0% used [0x00000007e4880000,0x00000007e4880000,0x00000007e4a80000)
 ParOldGen       total 41472K, used 6448K [0x0000000784400000, 0x0000000786c80000, 0x00000007d6c00000)
  object space 41472K, 15% used [0x0000000784400000,0x0000000784a4c3e8,0x0000000786c80000)
 PSPermGen       total 21504K, used 3629K [0x0000000779e00000, 0x000000077b300000, 0x0000000784400000)
  object space 21504K, 16% used [0x0000000779e00000,0x000000077a18b7c8,0x000000077b300000)
Event: 3055.044 GC heap after
Heap after GC invocations=7417 (full 20):
 PSYoungGen      total 197632K, used 1550K [0x00000007d6c00000, 0x00000007e4b80000, 0x0000000800000000)
  eden space 195584K, 0% used [0x00000007d6c00000,0x00000007d6c00000,0x00000007e2b00000)
  from space 2048K, 75% used [0x00000007e4880000,0x00000007e4a03918,0x00000007e4a80000)
  to   space 1024K, 0% used [0x00000007e4a80000,0x00000007e4a80000,0x00000007e4b80000)
 ParOldGen       total 41472K, used 6448K [0x0000000784400000, 0x0000000786c80000, 0x00000007d6c00000)
  object space 41472K, 15% used [0x0000000784400000,0x0000000784a4c3e8,0x0000000786c80000)
 PSPermGen       total 21504K, used 3629K [0x0000000779e00000, 0x000000077b300000, 0x0000000784400000)
  object space 21504K, 16% used [0x0000000779e00000,0x000000077a18b7c8,0x000000077b300000)
}
Event: 3058.396 GC heap before
{Heap before GC invocations=7418 (full 20):
 PSYoungGen      total 197632K, used 196272K [0x00000007d6c00000, 0x00000007e4b80000, 0x0000000800000000)
  eden space 195584K, 99% used [0x00000007d6c00000,0x00000007e2a288e8,0x00000007e2b00000)
  from space 2048K, 75% used [0x00000007e4880000,0x00000007e4a03918,0x00000007e4a80000)
  to   space 1024K, 0% used [0x00000007e4a80000,0x00000007e4a80000,0x00000007e4b80000)
 ParOldGen       total 41472K, used 6448K [0x0000000784400000, 0x0000000786c80000, 0x00000007d6c00000)
  object space 41472K, 15% used [0x0000000784400000,0x0000000784a4c3e8,0x0000000786c80000)
 PSPermGen       total 21504K, used 3629K [0x0000000779e00000, 0x000000077b300000, 0x0000000784400000)
  object space 21504K, 16% used [0x0000000779e00000,0x000000077a18b7c8,0x000000077b300000)
Event: 3063.407 GC heap after
Heap after GC invocations=7418 (full 20):
 PSYoungGen      total 226304K, used 64K [0x00000007d6c00000, 0x00000007e5680000, 0x0000000800000000)
  eden space 225280K, 0% used [0x00000007d6c00000,0x00000007d6c00000,0x00000007e4800000)
  from space 1024K, 6% used [0x00000007e4a80000,0x00000007e4a90000,0x00000007e4b80000)
  to   space 2560K, 0% used [0x00000007e4800000,0x00000007e4800000,0x00000007e4a80000)
 ParOldGen       total 41472K, used 7935K [0x0000000784400000, 0x0000000786c80000, 0x00000007d6c00000)
  object space 41472K, 19% used [0x0000000784400000,0x0000000784bbfd60,0x0000000786c80000)
 PSPermGen       total 21504K, used 3629K [0x0000000779e00000, 0x000000077b300000, 0x0000000784400000)
  object space 21504K, 16% used [0x0000000779e00000,0x000000077a18b7c8,0x000000077b300000)
}
Event: 3066.133 GC heap before
{Heap before GC invocations=7419 (full 20):
 PSYoungGen      total 226304K, used 224535K [0x00000007d6c00000, 0x00000007e5680000, 0x0000000800000000)
  eden space 225280K, 99% used [0x00000007d6c00000,0x00000007e4735db0,0x00000007e4800000)
  from space 1024K, 6% used [0x00000007e4a80000,0x00000007e4a90000,0x00000007e4b80000)
  to   space 2560K, 0% used [0x00000007e4800000,0x00000007e4800000,0x00000007e4a80000)
 ParOldGen       total 41472K, used 7935K [0x0000000784400000, 0x0000000786c80000, 0x00000007d6c00000)
  object space 41472K, 19% used [0x0000000784400000,0x0000000784bbfd60,0x0000000786c80000)
 PSPermGen       total 21504K, used 3629K [0x0000000779e00000, 0x000000077b300000, 0x0000000784400000)
  object space 21504K, 16% used [0x0000000779e00000,0x000000077a18b7c8,0x000000077b300000)

