# JRE version: OpenJDK Runtime Environment (7.0_65-b32) (build 1.7.0_65-b32)
# Java VM: OpenJDK 64-Bit Server VM (24.65-b04 mixed mode linux-amd64 compressed oops)
Heap
 PSYoungGen      total 348160K, used 1560K [0x00000007d6c00000, 0x00000007ef600000, 0x0000000800000000)
  eden space 345600K, 0% used [0x00000007d6c00000,0x00000007d6c00000,0x00000007ebd80000)
  from space 2560K, 60% used [0x00000007ef100000,0x00000007ef286250,0x00000007ef380000)
  to   space 2048K, 0% used [0x00000007ef400000,0x00000007ef400000,0x00000007ef600000)
 ParOldGen       total 41984K, used 34601K [0x0000000784400000, 0x0000000786d00000, 0x00000007d6c00000)
  object space 41984K, 82% used [0x0000000784400000,0x00000007865ca6b0,0x0000000786d00000)
 PSPermGen       total 21504K, used 3641K [0x0000000779e00000, 0x000000077b300000, 0x0000000784400000)
  object space 21504K, 16% used [0x0000000779e00000,0x000000077a18e6c0,0x000000077b300000)
GC Heap History (10 events):
Event: 3073.046 GC heap after
Heap after GC invocations=7353 (full 19):
 PSYoungGen      total 263168K, used 1527K [0x00000007d6c00000, 0x00000007ef880000, 0x0000000800000000)
  eden space 261632K, 0% used [0x00000007d6c00000,0x00000007d6c00000,0x00000007e6b80000)
  from space 1536K, 99% used [0x00000007ef700000,0x00000007ef87ded8,0x00000007ef880000)
  to   space 2560K, 0% used [0x00000007ef380000,0x00000007ef380000,0x00000007ef600000)
 ParOldGen       total 41984K, used 34601K [0x0000000784400000, 0x0000000786d00000, 0x00000007d6c00000)
  object space 41984K, 82% used [0x0000000784400000,0x00000007865ca6b0,0x0000000786d00000)
 PSPermGen       total 21504K, used 3641K [0x0000000779e00000, 0x000000077b300000, 0x0000000784400000)
  object space 21504K, 16% used [0x0000000779e00000,0x000000077a18e6c0,0x000000077b300000)
}
Event: 3074.052 GC heap before
{Heap before GC invocations=7354 (full 19):
 PSYoungGen      total 263168K, used 261813K [0x00000007d6c00000, 0x00000007ef880000, 0x0000000800000000)
  eden space 261632K, 99% used [0x00000007d6c00000,0x00000007e6a2f770,0x00000007e6b80000)
  from space 1536K, 99% used [0x00000007ef700000,0x00000007ef87ded8,0x00000007ef880000)
  to   space 2560K, 0% used [0x00000007ef380000,0x00000007ef380000,0x00000007ef600000)
 ParOldGen       total 41984K, used 34601K [0x0000000784400000, 0x0000000786d00000, 0x00000007d6c00000)
  object space 41984K, 82% used [0x0000000784400000,0x00000007865ca6b0,0x0000000786d00000)
 PSPermGen       total 21504K, used 3641K [0x0000000779e00000, 0x000000077b300000, 0x0000000784400000)
  object space 21504K, 16% used [0x0000000779e00000,0x000000077a18e6c0,0x000000077b300000)
Event: 3074.066 GC heap after
Heap after GC invocations=7354 (full 19):
 PSYoungGen      total 252416K, used 1559K [0x00000007d6c00000, 0x00000007ef780000, 0x0000000800000000)
  eden space 250368K, 0% used [0x00000007d6c00000,0x00000007d6c00000,0x00000007e6080000)
  from space 2048K, 76% used [0x00000007ef380000,0x00000007ef505f88,0x00000007ef580000)
  to   space 2048K, 0% used [0x00000007ef580000,0x00000007ef580000,0x00000007ef780000)
 ParOldGen       total 41984K, used 34601K [0x0000000784400000, 0x0000000786d00000, 0x00000007d6c00000)
  object space 41984K, 82% used [0x0000000784400000,0x00000007865ca6b0,0x0000000786d00000)
 PSPermGen       total 21504K, used 3641K [0x0000000779e00000, 0x000000077b300000, 0x0000000784400000)
  object space 21504K, 16% used [0x0000000779e00000,0x000000077a18e6c0,0x000000077b300000)
}
Event: 3074.779 GC heap before
{Heap before GC invocations=7355 (full 19):
 PSYoungGen      total 252416K, used 251401K [0x00000007d6c00000, 0x00000007ef780000, 0x0000000800000000)
  eden space 250368K, 99% used [0x00000007d6c00000,0x00000007e5ffc4c0,0x00000007e6080000)
  from space 2048K, 76% used [0x00000007ef380000,0x00000007ef505f88,0x00000007ef580000)
  to   space 2048K, 0% used [0x00000007ef580000,0x00000007ef580000,0x00000007ef780000)
 ParOldGen       total 41984K, used 34601K [0x0000000784400000, 0x0000000786d00000, 0x00000007d6c00000)
  object space 41984K, 82% used [0x0000000784400000,0x00000007865ca6b0,0x0000000786d00000)
 PSPermGen       total 21504K, used 3641K [0x0000000779e00000, 0x000000077b300000, 0x0000000784400000)
  object space 21504K, 16% used [0x0000000779e00000,0x000000077a18e6c0,0x000000077b300000)
Event: 3074.783 GC heap after
Heap after GC invocations=7355 (full 19):
 PSYoungGen      total 241152K, used 1528K [0x00000007d6c00000, 0x00000007ef700000, 0x0000000800000000)
  eden space 239616K, 0% used [0x00000007d6c00000,0x00000007d6c00000,0x00000007e5600000)
  from space 1536K, 99% used [0x00000007ef580000,0x00000007ef6fe010,0x00000007ef700000)
  to   space 2560K, 0% used [0x00000007ef200000,0x00000007ef200000,0x00000007ef480000)
 ParOldGen       total 41984K, used 34601K [0x0000000784400000, 0x0000000786d00000, 0x00000007d6c00000)
  object space 41984K, 82% used [0x0000000784400000,0x00000007865ca6b0,0x0000000786d00000)
 PSPermGen       total 21504K, used 3641K [0x0000000779e00000, 0x000000077b300000, 0x0000000784400000)
  object space 21504K, 16% used [0x0000000779e00000,0x000000077a18e6c0,0x000000077b300000)
}
Event: 3076.130 GC heap before
{Heap before GC invocations=7356 (full 19):
 PSYoungGen      total 241152K, used 240923K [0x00000007d6c00000, 0x00000007ef700000, 0x0000000800000000)
  eden space 239616K, 99% used [0x00000007d6c00000,0x00000007e55c8c38,0x00000007e5600000)
  from space 1536K, 99% used [0x00000007ef580000,0x00000007ef6fe010,0x00000007ef700000)
  to   space 2560K, 0% used [0x00000007ef200000,0x00000007ef200000,0x00000007ef480000)
 ParOldGen       total 41984K, used 34601K [0x0000000784400000, 0x0000000786d00000, 0x00000007d6c00000)
  object space 41984K, 82% used [0x0000000784400000,0x00000007865ca6b0,0x0000000786d00000)
 PSPermGen       total 21504K, used 3641K [0x0000000779e00000, 0x000000077b300000, 0x0000000784400000)
  object space 21504K, 16% used [0x0000000779e00000,0x000000077a18e6c0,0x000000077b300000)
Event: 3078.171 GC heap after
Heap after GC invocations=7356 (full 19):
 PSYoungGen      total 289792K, used 1560K [0x00000007d6c00000, 0x00000007ef600000, 0x0000000800000000)
  eden space 287744K, 0% used [0x00000007d6c00000,0x00000007d6c00000,0x00000007e8500000)
  from space 2048K, 76% used [0x00000007ef200000,0x00000007ef3860b0,0x00000007ef400000)
  to   space 2048K, 0% used [0x00000007ef400000,0x00000007ef400000,0x00000007ef600000)
 ParOldGen       total 41984K, used 34601K [0x0000000784400000, 0x0000000786d00000, 0x00000007d6c00000)
  object space 41984K, 82% used [0x0000000784400000,0x00000007865ca6b0,0x0000000786d00000)
 PSPermGen       total 21504K, used 3641K [0x0000000779e00000, 0x000000077b300000, 0x0000000784400000)
  object space 21504K, 16% used [0x0000000779e00000,0x000000077a18e6c0,0x000000077b300000)
}
Event: 3081.512 GC heap before
{Heap before GC invocations=7357 (full 19):
 PSYoungGen      total 289792K, used 288867K [0x00000007d6c00000, 0x00000007ef600000, 0x0000000800000000)
  eden space 287744K, 99% used [0x00000007d6c00000,0x00000007e8492dd8,0x00000007e8500000)
  from space 2048K, 76% used [0x00000007ef200000,0x00000007ef3860b0,0x00000007ef400000)
  to   space 2048K, 0% used [0x00000007ef400000,0x00000007ef400000,0x00000007ef600000)
 ParOldGen       total 41984K, used 34601K [0x0000000784400000, 0x0000000786d00000, 0x00000007d6c00000)
  object space 41984K, 82% used [0x0000000784400000,0x00000007865ca6b0,0x0000000786d00000)
 PSPermGen       total 21504K, used 3641K [0x0000000779e00000, 0x000000077b300000, 0x0000000784400000)
  object space 21504K, 16% used [0x0000000779e00000,0x000000077a18e6c0,0x000000077b300000)
Event: 3086.534 GC heap after
Heap after GC invocations=7357 (full 19):
 PSYoungGen      total 347648K, used 1560K [0x00000007d6c00000, 0x00000007ef600000, 0x0000000800000000)
  eden space 345600K, 0% used [0x00000007d6c00000,0x00000007d6c00000,0x00000007ebd80000)
  from space 2048K, 76% used [0x00000007ef400000,0x00000007ef586170,0x00000007ef600000)
  to   space 2560K, 0% used [0x00000007ef100000,0x00000007ef100000,0x00000007ef380000)
 ParOldGen       total 41984K, used 34601K [0x0000000784400000, 0x0000000786d00000, 0x00000007d6c00000)
  object space 41984K, 82% used [0x0000000784400000,0x00000007865ca6b0,0x0000000786d00000)
 PSPermGen       total 21504K, used 3641K [0x0000000779e00000, 0x000000077b300000, 0x0000000784400000)
  object space 21504K, 16% used [0x0000000779e00000,0x000000077a18e6c0,0x000000077b300000)
}
Event: 3089.260 GC heap before
{Heap before GC invocations=7358 (full 19):
 PSYoungGen      total 347648K, used 345777K [0x00000007d6c00000, 0x00000007ef600000, 0x0000000800000000)
  eden space 345600K, 99% used [0x00000007d6c00000,0x00000007ebc265b8,0x00000007ebd80000)
  from space 2048K, 76% used [0x00000007ef400000,0x00000007ef586170,0x00000007ef600000)
  to   space 2560K, 0% used [0x00000007ef100000,0x00000007ef100000,0x00000007ef380000)
 ParOldGen       total 41984K, used 34601K [0x0000000784400000, 0x0000000786d00000, 0x00000007d6c00000)
  object space 41984K, 82% used [0x0000000784400000,0x00000007865ca6b0,0x0000000786d00000)
 PSPermGen       total 21504K, used 3641K [0x0000000779e00000, 0x000000077b300000, 0x0000000784400000)
  object space 21504K, 16% used [0x0000000779e00000,0x000000077a18e6c0,0x000000077b300000)

