# JRE version: OpenJDK Runtime Environment (7.0_65-b32) (build 1.7.0_65-b32)
# Java VM: OpenJDK 64-Bit Server VM (24.65-b04 mixed mode linux-amd64 compressed oops)
Heap
 PSYoungGen      total 413696K, used 161K [0x00000007d6c00000, 0x00000007f0080000, 0x0000000800000000)
  eden space 413184K, 0% used [0x00000007d6c00000,0x00000007d6c00000,0x00000007eff80000)
  from space 512K, 31% used [0x00000007eff80000,0x00000007effa8460,0x00000007f0000000)
  to   space 512K, 0% used [0x00000007f0000000,0x00000007f0000000,0x00000007f0080000)
 ParOldGen       total 84480K, used 296K [0x0000000784400000, 0x0000000789680000, 0x00000007d6c00000)
  object space 84480K, 0% used [0x0000000784400000,0x000000078444a050,0x0000000789680000)
 PSPermGen       total 21504K, used 3000K [0x0000000779e00000, 0x000000077b300000, 0x0000000784400000)
  object space 21504K, 13% used [0x0000000779e00000,0x000000077a0ee210,0x000000077b300000)
GC Heap History (10 events):
Event: 1.816 GC heap after
Heap after GC invocations=6 (full 0):
 PSYoungGen      total 129536K, used 396K [0x00000007d6c00000, 0x00000007deb00000, 0x0000000800000000)
  eden space 129024K, 0% used [0x00000007d6c00000,0x00000007d6c00000,0x00000007dea00000)
  from space 512K, 77% used [0x00000007dea80000,0x00000007deae30e0,0x00000007deb00000)
  to   space 512K, 0% used [0x00000007dea00000,0x00000007dea00000,0x00000007dea80000)
 ParOldGen       total 84480K, used 0K [0x0000000784400000, 0x0000000789680000, 0x00000007d6c00000)
  object space 84480K, 0% used [0x0000000784400000,0x0000000784400000,0x0000000789680000)
 PSPermGen       total 21504K, used 2998K [0x0000000779e00000, 0x000000077b300000, 0x0000000784400000)
  object space 21504K, 13% used [0x0000000779e00000,0x000000077a0edbb8,0x000000077b300000)
}
Event: 2.252 GC heap before
{Heap before GC invocations=7 (full 0):
 PSYoungGen      total 129536K, used 129420K [0x00000007d6c00000, 0x00000007deb00000, 0x0000000800000000)
  eden space 129024K, 100% used [0x00000007d6c00000,0x00000007dea00000,0x00000007dea00000)
  from space 512K, 77% used [0x00000007dea80000,0x00000007deae30e0,0x00000007deb00000)
  to   space 512K, 0% used [0x00000007dea00000,0x00000007dea00000,0x00000007dea80000)
 ParOldGen       total 84480K, used 0K [0x0000000784400000, 0x0000000789680000, 0x00000007d6c00000)
  object space 84480K, 0% used [0x0000000784400000,0x0000000784400000,0x0000000789680000)
 PSPermGen       total 21504K, used 3000K [0x0000000779e00000, 0x000000077b300000, 0x0000000784400000)
  object space 21504K, 13% used [0x0000000779e00000,0x000000077a0ee210,0x000000077b300000)
Event: 2.315 GC heap after
Heap after GC invocations=7 (full 0):
 PSYoungGen      total 129536K, used 228K [0x00000007d6c00000, 0x00000007e6900000, 0x0000000800000000)
  eden space 129024K, 0% used [0x00000007d6c00000,0x00000007d6c00000,0x00000007dea00000)
  from space 512K, 44% used [0x00000007dea00000,0x00000007dea393b0,0x00000007dea80000)
  to   space 512K, 0% used [0x00000007e6880000,0x00000007e6880000,0x00000007e6900000)
 ParOldGen       total 84480K, used 272K [0x0000000784400000, 0x0000000789680000, 0x00000007d6c00000)
  object space 84480K, 0% used [0x0000000784400000,0x0000000784444050,0x0000000789680000)
 PSPermGen       total 21504K, used 3000K [0x0000000779e00000, 0x000000077b300000, 0x0000000784400000)
  object space 21504K, 13% used [0x0000000779e00000,0x000000077a0ee210,0x000000077b300000)
}
Event: 2.456 GC heap before
{Heap before GC invocations=8 (full 0):
 PSYoungGen      total 129536K, used 129252K [0x00000007d6c00000, 0x00000007e6900000, 0x0000000800000000)
  eden space 129024K, 100% used [0x00000007d6c00000,0x00000007dea00000,0x00000007dea00000)
  from space 512K, 44% used [0x00000007dea00000,0x00000007dea393b0,0x00000007dea80000)
  to   space 512K, 0% used [0x00000007e6880000,0x00000007e6880000,0x00000007e6900000)
 ParOldGen       total 84480K, used 272K [0x0000000784400000, 0x0000000789680000, 0x00000007d6c00000)
  object space 84480K, 0% used [0x0000000784400000,0x0000000784444050,0x0000000789680000)
 PSPermGen       total 21504K, used 3000K [0x0000000779e00000, 0x000000077b300000, 0x0000000784400000)
  object space 21504K, 13% used [0x0000000779e00000,0x000000077a0ee210,0x000000077b300000)
Event: 2.456 GC heap after
Heap after GC invocations=8 (full 0):
 PSYoungGen      total 258560K, used 108K [0x00000007d6c00000, 0x00000007e6900000, 0x0000000800000000)
  eden space 258048K, 0% used [0x00000007d6c00000,0x00000007d6c00000,0x00000007e6800000)
  from space 512K, 21% used [0x00000007e6880000,0x00000007e689b370,0x00000007e6900000)
  to   space 512K, 0% used [0x00000007e6800000,0x00000007e6800000,0x00000007e6880000)
 ParOldGen       total 84480K, used 280K [0x0000000784400000, 0x0000000789680000, 0x00000007d6c00000)
  object space 84480K, 0% used [0x0000000784400000,0x0000000784446050,0x0000000789680000)
 PSPermGen       total 21504K, used 3000K [0x0000000779e00000, 0x000000077b300000, 0x0000000784400000)
  object space 21504K, 13% used [0x0000000779e00000,0x000000077a0ee210,0x000000077b300000)
}
Event: 3.804 GC heap before
{Heap before GC invocations=9 (full 0):
 PSYoungGen      total 258560K, used 258067K [0x00000007d6c00000, 0x00000007e6900000, 0x0000000800000000)
  eden space 258048K, 99% used [0x00000007d6c00000,0x00000007e67e9ad8,0x00000007e6800000)
  from space 512K, 21% used [0x00000007e6880000,0x00000007e689b370,0x00000007e6900000)
  to   space 512K, 0% used [0x00000007e6800000,0x00000007e6800000,0x00000007e6880000)
 ParOldGen       total 84480K, used 280K [0x0000000784400000, 0x0000000789680000, 0x00000007d6c00000)
  object space 84480K, 0% used [0x0000000784400000,0x0000000784446050,0x0000000789680000)
 PSPermGen       total 21504K, used 3000K [0x0000000779e00000, 0x000000077b300000, 0x0000000784400000)
  object space 21504K, 13% used [0x0000000779e00000,0x000000077a0ee210,0x000000077b300000)
Event: 3.805 GC heap after
Heap after GC invocations=9 (full 0):
 PSYoungGen      total 258560K, used 220K [0x00000007d6c00000, 0x00000007f0080000, 0x0000000800000000)
  eden space 258048K, 0% used [0x00000007d6c00000,0x00000007d6c00000,0x00000007e6800000)
  from space 512K, 43% used [0x00000007e6800000,0x00000007e6837270,0x00000007e6880000)
  to   space 512K, 0% used [0x00000007f0000000,0x00000007f0000000,0x00000007f0080000)
 ParOldGen       total 84480K, used 288K [0x0000000784400000, 0x0000000789680000, 0x00000007d6c00000)
  object space 84480K, 0% used [0x0000000784400000,0x0000000784448050,0x0000000789680000)
 PSPermGen       total 21504K, used 3000K [0x0000000779e00000, 0x000000077b300000, 0x0000000784400000)
  object space 21504K, 13% used [0x0000000779e00000,0x000000077a0ee210,0x000000077b300000)
}
Event: 4.141 GC heap before
{Heap before GC invocations=10 (full 0):
 PSYoungGen      total 258560K, used 258253K [0x00000007d6c00000, 0x00000007f0080000, 0x0000000800000000)
  eden space 258048K, 99% used [0x00000007d6c00000,0x00000007e67fc3e8,0x00000007e6800000)
  from space 512K, 43% used [0x00000007e6800000,0x00000007e6837270,0x00000007e6880000)
  to   space 512K, 0% used [0x00000007f0000000,0x00000007f0000000,0x00000007f0080000)
 ParOldGen       total 84480K, used 288K [0x0000000784400000, 0x0000000789680000, 0x00000007d6c00000)
  object space 84480K, 0% used [0x0000000784400000,0x0000000784448050,0x0000000789680000)
 PSPermGen       total 21504K, used 3000K [0x0000000779e00000, 0x000000077b300000, 0x0000000784400000)
  object space 21504K, 13% used [0x0000000779e00000,0x000000077a0ee210,0x000000077b300000)
Event: 4.143 GC heap after
Heap after GC invocations=10 (full 0):
 PSYoungGen      total 413696K, used 140K [0x00000007d6c00000, 0x00000007f0080000, 0x0000000800000000)
  eden space 413184K, 0% used [0x00000007d6c00000,0x00000007d6c00000,0x00000007eff80000)
  from space 512K, 27% used [0x00000007f0000000,0x00000007f00233f8,0x00000007f0080000)
  to   space 512K, 0% used [0x00000007eff80000,0x00000007eff80000,0x00000007f0000000)
 ParOldGen       total 84480K, used 296K [0x0000000784400000, 0x0000000789680000, 0x00000007d6c00000)
  object space 84480K, 0% used [0x0000000784400000,0x000000078444a050,0x0000000789680000)
 PSPermGen       total 21504K, used 3000K [0x0000000779e00000, 0x000000077b300000, 0x0000000784400000)
  object space 21504K, 13% used [0x0000000779e00000,0x000000077a0ee210,0x000000077b300000)
}
Event: 5.708 GC heap before
{Heap before GC invocations=11 (full 0):
 PSYoungGen      total 413696K, used 413324K [0x00000007d6c00000, 0x00000007f0080000, 0x0000000800000000)
  eden space 413184K, 100% used [0x00000007d6c00000,0x00000007eff80000,0x00000007eff80000)
  from space 512K, 27% used [0x00000007f0000000,0x00000007f00233f8,0x00000007f0080000)
  to   space 512K, 0% used [0x00000007eff80000,0x00000007eff80000,0x00000007f0000000)
 ParOldGen       total 84480K, used 296K [0x0000000784400000, 0x0000000789680000, 0x00000007d6c00000)
  object space 84480K, 0% used [0x0000000784400000,0x000000078444a050,0x0000000789680000)
 PSPermGen       total 21504K, used 3000K [0x0000000779e00000, 0x000000077b300000, 0x0000000784400000)
  object space 21504K, 13% used [0x0000000779e00000,0x000000077a0ee210,0x000000077b300000)

