# JRE version: OpenJDK Runtime Environment (7.0_65-b32) (build 1.7.0_65-b32)
# Java VM: OpenJDK 64-Bit Server VM (24.65-b04 mixed mode linux-amd64 compressed oops)
Heap
 PSYoungGen      total 570880K, used 831K [0x00000007d6c00000, 0x00000007fb800000, 0x0000000800000000)
  eden space 569344K, 0% used [0x00000007d6c00000,0x00000007d6c00000,0x00000007f9800000)
  from space 1536K, 54% used [0x00000007fb500000,0x00000007fb5cfc40,0x00000007fb680000)
  to   space 1024K, 0% used [0x00000007fb700000,0x00000007fb700000,0x00000007fb800000)
 ParOldGen       total 35840K, used 16855K [0x0000000784400000, 0x0000000786700000, 0x00000007d6c00000)
  object space 35840K, 47% used [0x0000000784400000,0x0000000785475f90,0x0000000786700000)
 PSPermGen       total 21504K, used 3511K [0x0000000779e00000, 0x000000077b300000, 0x0000000784400000)
  object space 21504K, 16% used [0x0000000779e00000,0x000000077a16df60,0x000000077b300000)
GC Heap History (10 events):
Event: 560.008 GC heap after
Heap after GC invocations=1513 (full 1):
 PSYoungGen      total 345088K, used 764K [0x00000007d6c00000, 0x00000007fba00000, 0x0000000800000000)
  eden space 344064K, 0% used [0x00000007d6c00000,0x00000007d6c00000,0x00000007ebc00000)
  from space 1024K, 74% used [0x00000007fb900000,0x00000007fb9bf100,0x00000007fba00000)
  to   space 1536K, 0% used [0x00000007fb700000,0x00000007fb700000,0x00000007fb880000)
 ParOldGen       total 35840K, used 16120K [0x0000000784400000, 0x0000000786700000, 0x00000007d6c00000)
  object space 35840K, 44% used [0x0000000784400000,0x00000007853be350,0x0000000786700000)
 PSPermGen       total 21504K, used 3511K [0x0000000779e00000, 0x000000077b300000, 0x0000000784400000)
  object space 21504K, 16% used [0x0000000779e00000,0x000000077a16df60,0x000000077b300000)
}
Event: 560.860 GC heap before
{Heap before GC invocations=1514 (full 1):
 PSYoungGen      total 345088K, used 344355K [0x00000007d6c00000, 0x00000007fba00000, 0x0000000800000000)
  eden space 344064K, 99% used [0x00000007d6c00000,0x00000007ebb89d98,0x00000007ebc00000)
  from space 1024K, 74% used [0x00000007fb900000,0x00000007fb9bf100,0x00000007fba00000)
  to   space 1536K, 0% used [0x00000007fb700000,0x00000007fb700000,0x00000007fb880000)
 ParOldGen       total 35840K, used 16120K [0x0000000784400000, 0x0000000786700000, 0x00000007d6c00000)
  object space 35840K, 44% used [0x0000000784400000,0x00000007853be350,0x0000000786700000)
 PSPermGen       total 21504K, used 3511K [0x0000000779e00000, 0x000000077b300000, 0x0000000784400000)
  object space 21504K, 16% used [0x0000000779e00000,0x000000077a16df60,0x000000077b300000)
Event: 560.863 GC heap after
Heap after GC invocations=1514 (full 1):
 PSYoungGen      total 329728K, used 764K [0x00000007d6c00000, 0x00000007fb980000, 0x0000000800000000)
  eden space 328704K, 0% used [0x00000007d6c00000,0x00000007d6c00000,0x00000007ead00000)
  from space 1024K, 74% used [0x00000007fb700000,0x00000007fb7bf2f8,0x00000007fb800000)
  to   space 1536K, 0% used [0x00000007fb800000,0x00000007fb800000,0x00000007fb980000)
 ParOldGen       total 35840K, used 16120K [0x0000000784400000, 0x0000000786700000, 0x00000007d6c00000)
  object space 35840K, 44% used [0x0000000784400000,0x00000007853be350,0x0000000786700000)
 PSPermGen       total 21504K, used 3511K [0x0000000779e00000, 0x000000077b300000, 0x0000000784400000)
  object space 21504K, 16% used [0x0000000779e00000,0x000000077a16df60,0x000000077b300000)
}
Event: 563.180 GC heap before
{Heap before GC invocations=1515 (full 1):
 PSYoungGen      total 329728K, used 329172K [0x00000007d6c00000, 0x00000007fb980000, 0x0000000800000000)
  eden space 328704K, 99% used [0x00000007d6c00000,0x00000007eacb5e60,0x00000007ead00000)
  from space 1024K, 74% used [0x00000007fb700000,0x00000007fb7bf2f8,0x00000007fb800000)
  to   space 1536K, 0% used [0x00000007fb800000,0x00000007fb800000,0x00000007fb980000)
 ParOldGen       total 35840K, used 16120K [0x0000000784400000, 0x0000000786700000, 0x00000007d6c00000)
  object space 35840K, 44% used [0x0000000784400000,0x00000007853be350,0x0000000786700000)
 PSPermGen       total 21504K, used 3511K [0x0000000779e00000, 0x000000077b300000, 0x0000000784400000)
  object space 21504K, 16% used [0x0000000779e00000,0x000000077a16df60,0x000000077b300000)
Event: 569.014 GC heap after
Heap after GC invocations=1515 (full 1):
 PSYoungGen      total 395776K, used 829K [0x00000007d6c00000, 0x00000007fb900000, 0x0000000800000000)
  eden space 394752K, 0% used [0x00000007d6c00000,0x00000007d6c00000,0x00000007eed80000)
  from space 1024K, 80% used [0x00000007fb800000,0x00000007fb8cf4b8,0x00000007fb900000)
  to   space 1536K, 0% used [0x00000007fb600000,0x00000007fb600000,0x00000007fb780000)
 ParOldGen       total 35840K, used 16120K [0x0000000784400000, 0x0000000786700000, 0x00000007d6c00000)
  object space 35840K, 44% used [0x0000000784400000,0x00000007853be350,0x0000000786700000)
 PSPermGen       total 21504K, used 3511K [0x0000000779e00000, 0x000000077b300000, 0x0000000784400000)
  object space 21504K, 16% used [0x0000000779e00000,0x000000077a16df60,0x000000077b300000)
}
Event: 575.886 GC heap before
{Heap before GC invocations=1516 (full 1):
 PSYoungGen      total 395776K, used 395470K [0x00000007d6c00000, 0x00000007fb900000, 0x0000000800000000)
  eden space 394752K, 99% used [0x00000007d6c00000,0x00000007eed646c0,0x00000007eed80000)
  from space 1024K, 80% used [0x00000007fb800000,0x00000007fb8cf4b8,0x00000007fb900000)
  to   space 1536K, 0% used [0x00000007fb600000,0x00000007fb600000,0x00000007fb780000)
 ParOldGen       total 35840K, used 16120K [0x0000000784400000, 0x0000000786700000, 0x00000007d6c00000)
  object space 35840K, 44% used [0x0000000784400000,0x00000007853be350,0x0000000786700000)
 PSPermGen       total 21504K, used 3511K [0x0000000779e00000, 0x000000077b300000, 0x0000000784400000)
  object space 21504K, 16% used [0x0000000779e00000,0x000000077a16df60,0x000000077b300000)
Event: 584.390 GC heap after
Heap after GC invocations=1516 (full 1):
 PSYoungGen      total 475136K, used 829K [0x00000007d6c00000, 0x00000007fb880000, 0x0000000800000000)
  eden space 474112K, 0% used [0x00000007d6c00000,0x00000007d6c00000,0x00000007f3b00000)
  from space 1024K, 81% used [0x00000007fb600000,0x00000007fb6cf6d0,0x00000007fb700000)
  to   space 1536K, 0% used [0x00000007fb700000,0x00000007fb700000,0x00000007fb880000)
 ParOldGen       total 35840K, used 16120K [0x0000000784400000, 0x0000000786700000, 0x00000007d6c00000)
  object space 35840K, 44% used [0x0000000784400000,0x00000007853be350,0x0000000786700000)
 PSPermGen       total 21504K, used 3511K [0x0000000779e00000, 0x000000077b300000, 0x0000000784400000)
  object space 21504K, 16% used [0x0000000779e00000,0x000000077a16df60,0x000000077b300000)
}
Event: 589.938 GC heap before
{Heap before GC invocations=1517 (full 1):
 PSYoungGen      total 475136K, used 474330K [0x00000007d6c00000, 0x00000007fb880000, 0x0000000800000000)
  eden space 474112K, 99% used [0x00000007d6c00000,0x00000007f3a673a8,0x00000007f3b00000)
  from space 1024K, 81% used [0x00000007fb600000,0x00000007fb6cf6d0,0x00000007fb700000)
  to   space 1536K, 0% used [0x00000007fb700000,0x00000007fb700000,0x00000007fb880000)
 ParOldGen       total 35840K, used 16120K [0x0000000784400000, 0x0000000786700000, 0x00000007d6c00000)
  object space 35840K, 44% used [0x0000000784400000,0x00000007853be350,0x0000000786700000)
 PSPermGen       total 21504K, used 3511K [0x0000000779e00000, 0x000000077b300000, 0x0000000784400000)
  object space 21504K, 16% used [0x0000000779e00000,0x000000077a16df60,0x000000077b300000)
Event: 595.839 GC heap after
Heap after GC invocations=1517 (full 1):
 PSYoungGen      total 570368K, used 766K [0x00000007d6c00000, 0x00000007fb800000, 0x0000000800000000)
  eden space 569344K, 0% used [0x00000007d6c00000,0x00000007d6c00000,0x00000007f9800000)
  from space 1024K, 74% used [0x00000007fb700000,0x00000007fb7bf938,0x00000007fb800000)
  to   space 1536K, 0% used [0x00000007fb500000,0x00000007fb500000,0x00000007fb680000)
 ParOldGen       total 35840K, used 16120K [0x0000000784400000, 0x0000000786700000, 0x00000007d6c00000)
  object space 35840K, 44% used [0x0000000784400000,0x00000007853be350,0x0000000786700000)
 PSPermGen       total 21504K, used 3511K [0x0000000779e00000, 0x000000077b300000, 0x0000000784400000)
  object space 21504K, 16% used [0x0000000779e00000,0x000000077a16df60,0x000000077b300000)
}
Event: 600.031 GC heap before
{Heap before GC invocations=1518 (full 1):
 PSYoungGen      total 570368K, used 569504K [0x00000007d6c00000, 0x00000007fb800000, 0x0000000800000000)
  eden space 569344K, 99% used [0x00000007d6c00000,0x00000007f97686d0,0x00000007f9800000)
  from space 1024K, 74% used [0x00000007fb700000,0x00000007fb7bf938,0x00000007fb800000)
  to   space 1536K, 0% used [0x00000007fb500000,0x00000007fb500000,0x00000007fb680000)
 ParOldGen       total 35840K, used 16120K [0x0000000784400000, 0x0000000786700000, 0x00000007d6c00000)
  object space 35840K, 44% used [0x0000000784400000,0x00000007853be350,0x0000000786700000)
 PSPermGen       total 21504K, used 3511K [0x0000000779e00000, 0x000000077b300000, 0x0000000784400000)
  object space 21504K, 16% used [0x0000000779e00000,0x000000077a16df60,0x000000077b300000)

