# JRE version: OpenJDK Runtime Environment (7.0_65-b32) (build 1.7.0_65-b32)
# Java VM: OpenJDK 64-Bit Server VM (24.65-b04 mixed mode linux-amd64 compressed oops)
Heap
 PSYoungGen      total 234496K, used 1473K [0x00000007d6c00000, 0x00000007e5d00000, 0x0000000800000000)
  eden space 232448K, 0% used [0x00000007d6c00000,0x00000007d6c00000,0x00000007e4f00000)
  from space 2048K, 71% used [0x00000007e5900000,0x00000007e5a70468,0x00000007e5b00000)
  to   space 1536K, 0% used [0x00000007e5b80000,0x00000007e5b80000,0x00000007e5d00000)
 ParOldGen       total 41984K, used 14528K [0x0000000784400000, 0x0000000786d00000, 0x00000007d6c00000)
  object space 41984K, 34% used [0x0000000784400000,0x0000000785230380,0x0000000786d00000)
 PSPermGen       total 21504K, used 3524K [0x0000000779e00000, 0x000000077b300000, 0x0000000784400000)
  object space 21504K, 16% used [0x0000000779e00000,0x000000077a171028,0x000000077b300000)
GC Heap History (10 events):
Event: 2776.424 GC heap after
Heap after GC invocations=6962 (full 18):
 PSYoungGen      total 176640K, used 1440K [0x00000007d6c00000, 0x00000007e5f00000, 0x0000000800000000)
  eden space 175104K, 0% used [0x00000007d6c00000,0x00000007d6c00000,0x00000007e1700000)
  from space 1536K, 93% used [0x00000007e5d80000,0x00000007e5ee81d8,0x00000007e5f00000)
  to   space 2048K, 0% used [0x00000007e5b00000,0x00000007e5b00000,0x00000007e5d00000)
 ParOldGen       total 41984K, used 14528K [0x0000000784400000, 0x0000000786d00000, 0x00000007d6c00000)
  object space 41984K, 34% used [0x0000000784400000,0x0000000785230380,0x0000000786d00000)
 PSPermGen       total 21504K, used 3524K [0x0000000779e00000, 0x000000077b300000, 0x0000000784400000)
  object space 21504K, 16% used [0x0000000779e00000,0x000000077a171028,0x000000077b300000)
}
Event: 2776.973 GC heap before
{Heap before GC invocations=6963 (full 18):
 PSYoungGen      total 176640K, used 176109K [0x00000007d6c00000, 0x00000007e5f00000, 0x0000000800000000)
  eden space 175104K, 99% used [0x00000007d6c00000,0x00000007e1693440,0x00000007e1700000)
  from space 1536K, 93% used [0x00000007e5d80000,0x00000007e5ee81d8,0x00000007e5f00000)
  to   space 2048K, 0% used [0x00000007e5b00000,0x00000007e5b00000,0x00000007e5d00000)
 ParOldGen       total 41984K, used 14528K [0x0000000784400000, 0x0000000786d00000, 0x00000007d6c00000)
  object space 41984K, 34% used [0x0000000784400000,0x0000000785230380,0x0000000786d00000)
 PSPermGen       total 21504K, used 3524K [0x0000000779e00000, 0x000000077b300000, 0x0000000784400000)
  object space 21504K, 16% used [0x0000000779e00000,0x000000077a171028,0x000000077b300000)
Event: 2776.976 GC heap after
Heap after GC invocations=6963 (full 18):
 PSYoungGen      total 169472K, used 1472K [0x00000007d6c00000, 0x00000007e5e00000, 0x0000000800000000)
  eden space 167936K, 0% used [0x00000007d6c00000,0x00000007d6c00000,0x00000007e1000000)
  from space 1536K, 95% used [0x00000007e5b00000,0x00000007e5c70258,0x00000007e5c80000)
  to   space 1536K, 0% used [0x00000007e5c80000,0x00000007e5c80000,0x00000007e5e00000)
 ParOldGen       total 41984K, used 14528K [0x0000000784400000, 0x0000000786d00000, 0x00000007d6c00000)
  object space 41984K, 34% used [0x0000000784400000,0x0000000785230380,0x0000000786d00000)
 PSPermGen       total 21504K, used 3524K [0x0000000779e00000, 0x000000077b300000, 0x0000000784400000)
  object space 21504K, 16% used [0x0000000779e00000,0x000000077a171028,0x000000077b300000)
}
Event: 2777.494 GC heap before
{Heap before GC invocations=6964 (full 18):
 PSYoungGen      total 169472K, used 169113K [0x00000007d6c00000, 0x00000007e5e00000, 0x0000000800000000)
  eden space 167936K, 99% used [0x00000007d6c00000,0x00000007e0fb6280,0x00000007e1000000)
  from space 1536K, 95% used [0x00000007e5b00000,0x00000007e5c70258,0x00000007e5c80000)
  to   space 1536K, 0% used [0x00000007e5c80000,0x00000007e5c80000,0x00000007e5e00000)
 ParOldGen       total 41984K, used 14528K [0x0000000784400000, 0x0000000786d00000, 0x00000007d6c00000)
  object space 41984K, 34% used [0x0000000784400000,0x0000000785230380,0x0000000786d00000)
 PSPermGen       total 21504K, used 3524K [0x0000000779e00000, 0x000000077b300000, 0x0000000784400000)
  object space 21504K, 16% used [0x0000000779e00000,0x000000077a171028,0x000000077b300000)
Event: 2777.496 GC heap after
Heap after GC invocations=6964 (full 18):
 PSYoungGen      total 162816K, used 1440K [0x00000007d6c00000, 0x00000007e5e00000, 0x0000000800000000)
  eden space 161280K, 0% used [0x00000007d6c00000,0x00000007d6c00000,0x00000007e0980000)
  from space 1536K, 93% used [0x00000007e5c80000,0x00000007e5de82b0,0x00000007e5e00000)
  to   space 2048K, 0% used [0x00000007e5a00000,0x00000007e5a00000,0x00000007e5c00000)
 ParOldGen       total 41984K, used 14528K [0x0000000784400000, 0x0000000786d00000, 0x00000007d6c00000)
  object space 41984K, 34% used [0x0000000784400000,0x0000000785230380,0x0000000786d00000)
 PSPermGen       total 21504K, used 3524K [0x0000000779e00000, 0x000000077b300000, 0x0000000784400000)
  object space 21504K, 16% used [0x0000000779e00000,0x000000077a171028,0x000000077b300000)
}
Event: 2778.141 GC heap before
{Heap before GC invocations=6965 (full 18):
 PSYoungGen      total 162816K, used 162049K [0x00000007d6c00000, 0x00000007e5e00000, 0x0000000800000000)
  eden space 161280K, 99% used [0x00000007d6c00000,0x00000007e08d81a8,0x00000007e0980000)
  from space 1536K, 93% used [0x00000007e5c80000,0x00000007e5de82b0,0x00000007e5e00000)
  to   space 2048K, 0% used [0x00000007e5a00000,0x00000007e5a00000,0x00000007e5c00000)
 ParOldGen       total 41984K, used 14528K [0x0000000784400000, 0x0000000786d00000, 0x00000007d6c00000)
  object space 41984K, 34% used [0x0000000784400000,0x0000000785230380,0x0000000786d00000)
 PSPermGen       total 21504K, used 3524K [0x0000000779e00000, 0x000000077b300000, 0x0000000784400000)
  object space 21504K, 16% used [0x0000000779e00000,0x000000077a171028,0x000000077b300000)
Event: 2780.902 GC heap after
Heap after GC invocations=6965 (full 18):
 PSYoungGen      total 195072K, used 1472K [0x00000007d6c00000, 0x00000007e5d00000, 0x0000000800000000)
  eden space 193536K, 0% used [0x00000007d6c00000,0x00000007d6c00000,0x00000007e2900000)
  from space 1536K, 95% used [0x00000007e5a00000,0x00000007e5b70320,0x00000007e5b80000)
  to   space 1536K, 0% used [0x00000007e5b80000,0x00000007e5b80000,0x00000007e5d00000)
 ParOldGen       total 41984K, used 14528K [0x0000000784400000, 0x0000000786d00000, 0x00000007d6c00000)
  object space 41984K, 34% used [0x0000000784400000,0x0000000785230380,0x0000000786d00000)
 PSPermGen       total 21504K, used 3524K [0x0000000779e00000, 0x000000077b300000, 0x0000000784400000)
  object space 21504K, 16% used [0x0000000779e00000,0x000000077a171028,0x000000077b300000)
}
Event: 2784.213 GC heap before
{Heap before GC invocations=6966 (full 18):
 PSYoungGen      total 195072K, used 194503K [0x00000007d6c00000, 0x00000007e5d00000, 0x0000000800000000)
  eden space 193536K, 99% used [0x00000007d6c00000,0x00000007e28818f8,0x00000007e2900000)
  from space 1536K, 95% used [0x00000007e5a00000,0x00000007e5b70320,0x00000007e5b80000)
  to   space 1536K, 0% used [0x00000007e5b80000,0x00000007e5b80000,0x00000007e5d00000)
 ParOldGen       total 41984K, used 14528K [0x0000000784400000, 0x0000000786d00000, 0x00000007d6c00000)
  object space 41984K, 34% used [0x0000000784400000,0x0000000785230380,0x0000000786d00000)
 PSPermGen       total 21504K, used 3524K [0x0000000779e00000, 0x000000077b300000, 0x0000000784400000)
  object space 21504K, 16% used [0x0000000779e00000,0x000000077a171028,0x000000077b300000)
Event: 2789.266 GC heap after
Heap after GC invocations=6966 (full 18):
 PSYoungGen      total 233984K, used 1472K [0x00000007d6c00000, 0x00000007e5d00000, 0x0000000800000000)
  eden space 232448K, 0% used [0x00000007d6c00000,0x00000007d6c00000,0x00000007e4f00000)
  from space 1536K, 95% used [0x00000007e5b80000,0x00000007e5cf03c8,0x00000007e5d00000)
  to   space 2048K, 0% used [0x00000007e5900000,0x00000007e5900000,0x00000007e5b00000)
 ParOldGen       total 41984K, used 14528K [0x0000000784400000, 0x0000000786d00000, 0x00000007d6c00000)
  object space 41984K, 34% used [0x0000000784400000,0x0000000785230380,0x0000000786d00000)
 PSPermGen       total 21504K, used 3524K [0x0000000779e00000, 0x000000077b300000, 0x0000000784400000)
  object space 21504K, 16% used [0x0000000779e00000,0x000000077a171028,0x000000077b300000)
}
Event: 2791.995 GC heap before
{Heap before GC invocations=6967 (full 18):
 PSYoungGen      total 233984K, used 232568K [0x00000007d6c00000, 0x00000007e5d00000, 0x0000000800000000)
  eden space 232448K, 99% used [0x00000007d6c00000,0x00000007e4dadec0,0x00000007e4f00000)
  from space 1536K, 95% used [0x00000007e5b80000,0x00000007e5cf03c8,0x00000007e5d00000)
  to   space 2048K, 0% used [0x00000007e5900000,0x00000007e5900000,0x00000007e5b00000)
 ParOldGen       total 41984K, used 14528K [0x0000000784400000, 0x0000000786d00000, 0x00000007d6c00000)
  object space 41984K, 34% used [0x0000000784400000,0x0000000785230380,0x0000000786d00000)
 PSPermGen       total 21504K, used 3524K [0x0000000779e00000, 0x000000077b300000, 0x0000000784400000)
  object space 21504K, 16% used [0x0000000779e00000,0x000000077a171028,0x000000077b300000)

