# JRE version: OpenJDK Runtime Environment (7.0_65-b32) (build 1.7.0_65-b32)
# Java VM: OpenJDK 64-Bit Server VM (24.65-b04 mixed mode linux-amd64 compressed oops)
Heap
 PSYoungGen      total 259072K, used 70K [0x00000007d6c00000, 0x00000007e6a00000, 0x0000000800000000)
  eden space 258048K, 0% used [0x00000007d6c00000,0x00000007d6c00000,0x00000007e6800000)
  from space 1024K, 6% used [0x00000007e6800000,0x00000007e6811af8,0x00000007e6900000)
  to   space 1024K, 0% used [0x00000007e6900000,0x00000007e6900000,0x00000007e6a00000)
 ParOldGen       total 84480K, used 388K [0x0000000784400000, 0x0000000789680000, 0x00000007d6c00000)
  object space 84480K, 0% used [0x0000000784400000,0x0000000784461080,0x0000000789680000)
 PSPermGen       total 21504K, used 3514K [0x0000000779e00000, 0x000000077b300000, 0x0000000784400000)
  object space 21504K, 16% used [0x0000000779e00000,0x000000077a16ea28,0x000000077b300000)
GC Heap History (10 events):
Event: 19.823 GC heap after
Heap after GC invocations=4 (full 0):
 PSYoungGen      total 69632K, used 416K [0x00000007d6c00000, 0x00000007db500000, 0x0000000800000000)
  eden space 64512K, 0% used [0x00000007d6c00000,0x00000007d6c00000,0x00000007dab00000)
  from space 5120K, 8% used [0x00000007db000000,0x00000007db068000,0x00000007db500000)
  to   space 5120K, 0% used [0x00000007dab00000,0x00000007dab00000,0x00000007db000000)
 ParOldGen       total 84480K, used 8K [0x0000000784400000, 0x0000000789680000, 0x00000007d6c00000)
  object space 84480K, 0% used [0x0000000784400000,0x0000000784402000,0x0000000789680000)
 PSPermGen       total 21504K, used 3514K [0x0000000779e00000, 0x000000077b300000, 0x0000000784400000)
  object space 21504K, 16% used [0x0000000779e00000,0x000000077a16ea28,0x000000077b300000)
}
Event: 20.100 GC heap before
{Heap before GC invocations=5 (full 0):
 PSYoungGen      total 69632K, used 64928K [0x00000007d6c00000, 0x00000007db500000, 0x0000000800000000)
  eden space 64512K, 100% used [0x00000007d6c00000,0x00000007dab00000,0x00000007dab00000)
  from space 5120K, 8% used [0x00000007db000000,0x00000007db068000,0x00000007db500000)
  to   space 5120K, 0% used [0x00000007dab00000,0x00000007dab00000,0x00000007db000000)
 ParOldGen       total 84480K, used 8K [0x0000000784400000, 0x0000000789680000, 0x00000007d6c00000)
  object space 84480K, 0% used [0x0000000784400000,0x0000000784402000,0x0000000789680000)
 PSPermGen       total 21504K, used 3514K [0x0000000779e00000, 0x000000077b300000, 0x0000000784400000)
  object space 21504K, 16% used [0x0000000779e00000,0x000000077a16ea28,0x000000077b300000)
Event: 20.103 GC heap after
Heap after GC invocations=5 (full 0):
 PSYoungGen      total 69632K, used 416K [0x00000007d6c00000, 0x00000007deb00000, 0x0000000800000000)
  eden space 64512K, 0% used [0x00000007d6c00000,0x00000007d6c00000,0x00000007dab00000)
  from space 5120K, 8% used [0x00000007dab00000,0x00000007dab68020,0x00000007db000000)
  to   space 512K, 0% used [0x00000007dea80000,0x00000007dea80000,0x00000007deb00000)
 ParOldGen       total 84480K, used 8K [0x0000000784400000, 0x0000000789680000, 0x00000007d6c00000)
  object space 84480K, 0% used [0x0000000784400000,0x0000000784402000,0x0000000789680000)
 PSPermGen       total 21504K, used 3514K [0x0000000779e00000, 0x000000077b300000, 0x0000000784400000)
  object space 21504K, 16% used [0x0000000779e00000,0x000000077a16ea28,0x000000077b300000)
}
Event: 20.372 GC heap before
{Heap before GC invocations=6 (full 0):
 PSYoungGen      total 69632K, used 64928K [0x00000007d6c00000, 0x00000007deb00000, 0x0000000800000000)
  eden space 64512K, 100% used [0x00000007d6c00000,0x00000007dab00000,0x00000007dab00000)
  from space 5120K, 8% used [0x00000007dab00000,0x00000007dab68020,0x00000007db000000)
  to   space 512K, 0% used [0x00000007dea80000,0x00000007dea80000,0x00000007deb00000)
 ParOldGen       total 84480K, used 8K [0x0000000784400000, 0x0000000789680000, 0x00000007d6c00000)
  object space 84480K, 0% used [0x0000000784400000,0x0000000784402000,0x0000000789680000)
 PSPermGen       total 21504K, used 3514K [0x0000000779e00000, 0x000000077b300000, 0x0000000784400000)
  object space 21504K, 16% used [0x0000000779e00000,0x000000077a16ea28,0x000000077b300000)
Event: 20.376 GC heap after
Heap after GC invocations=6 (full 0):
 PSYoungGen      total 129536K, used 480K [0x00000007d6c00000, 0x00000007deb00000, 0x0000000800000000)
  eden space 129024K, 0% used [0x00000007d6c00000,0x00000007d6c00000,0x00000007dea00000)
  from space 512K, 93% used [0x00000007dea80000,0x00000007deaf8020,0x00000007deb00000)
  to   space 512K, 0% used [0x00000007dea00000,0x00000007dea00000,0x00000007dea80000)
 ParOldGen       total 84480K, used 8K [0x0000000784400000, 0x0000000789680000, 0x00000007d6c00000)
  object space 84480K, 0% used [0x0000000784400000,0x0000000784402000,0x0000000789680000)
 PSPermGen       total 21504K, used 3514K [0x0000000779e00000, 0x000000077b300000, 0x0000000784400000)
  object space 21504K, 16% used [0x0000000779e00000,0x000000077a16ea28,0x000000077b300000)
}
Event: 20.749 GC heap before
{Heap before GC invocations=7 (full 0):
 PSYoungGen      total 129536K, used 129504K [0x00000007d6c00000, 0x00000007deb00000, 0x0000000800000000)
  eden space 129024K, 100% used [0x00000007d6c00000,0x00000007dea00000,0x00000007dea00000)
  from space 512K, 93% used [0x00000007dea80000,0x00000007deaf8020,0x00000007deb00000)
  to   space 512K, 0% used [0x00000007dea00000,0x00000007dea00000,0x00000007dea80000)
 ParOldGen       total 84480K, used 8K [0x0000000784400000, 0x0000000789680000, 0x00000007d6c00000)
  object space 84480K, 0% used [0x0000000784400000,0x0000000784402000,0x0000000789680000)
 PSPermGen       total 21504K, used 3514K [0x0000000779e00000, 0x000000077b300000, 0x0000000784400000)
  object space 21504K, 16% used [0x0000000779e00000,0x000000077a16ea28,0x000000077b300000)
Event: 20.756 GC heap after
Heap after GC invocations=7 (full 0):
 PSYoungGen      total 129536K, used 59K [0x00000007d6c00000, 0x00000007e6a00000, 0x0000000800000000)
  eden space 129024K, 0% used [0x00000007d6c00000,0x00000007d6c00000,0x00000007dea00000)
  from space 512K, 11% used [0x00000007dea00000,0x00000007dea0ed68,0x00000007dea80000)
  to   space 1024K, 0% used [0x00000007e6900000,0x00000007e6900000,0x00000007e6a00000)
 ParOldGen       total 84480K, used 372K [0x0000000784400000, 0x0000000789680000, 0x00000007d6c00000)
  object space 84480K, 0% used [0x0000000784400000,0x000000078445d080,0x0000000789680000)
 PSPermGen       total 21504K, used 3514K [0x0000000779e00000, 0x000000077b300000, 0x0000000784400000)
  object space 21504K, 16% used [0x0000000779e00000,0x000000077a16ea28,0x000000077b300000)
}
Event: 21.038 GC heap before
{Heap before GC invocations=8 (full 0):
 PSYoungGen      total 129536K, used 129083K [0x00000007d6c00000, 0x00000007e6a00000, 0x0000000800000000)
  eden space 129024K, 100% used [0x00000007d6c00000,0x00000007dea00000,0x00000007dea00000)
  from space 512K, 11% used [0x00000007dea00000,0x00000007dea0ed68,0x00000007dea80000)
  to   space 1024K, 0% used [0x00000007e6900000,0x00000007e6900000,0x00000007e6a00000)
 ParOldGen       total 84480K, used 372K [0x0000000784400000, 0x0000000789680000, 0x00000007d6c00000)
  object space 84480K, 0% used [0x0000000784400000,0x000000078445d080,0x0000000789680000)
 PSPermGen       total 21504K, used 3514K [0x0000000779e00000, 0x000000077b300000, 0x0000000784400000)
  object space 21504K, 16% used [0x0000000779e00000,0x000000077a16ea28,0x000000077b300000)
Event: 21.041 GC heap after
Heap after GC invocations=8 (full 0):
 PSYoungGen      total 259072K, used 63K [0x00000007d6c00000, 0x00000007e6a00000, 0x0000000800000000)
  eden space 258048K, 0% used [0x00000007d6c00000,0x00000007d6c00000,0x00000007e6800000)
  from space 1024K, 6% used [0x00000007e6900000,0x00000007e690fe58,0x00000007e6a00000)
  to   space 1024K, 0% used [0x00000007e6800000,0x00000007e6800000,0x00000007e6900000)
 ParOldGen       total 84480K, used 372K [0x0000000784400000, 0x0000000789680000, 0x00000007d6c00000)
  object space 84480K, 0% used [0x0000000784400000,0x000000078445d080,0x0000000789680000)
 PSPermGen       total 21504K, used 3514K [0x0000000779e00000, 0x000000077b300000, 0x0000000784400000)
  object space 21504K, 16% used [0x0000000779e00000,0x000000077a16ea28,0x000000077b300000)
}
Event: 22.149 GC heap before
{Heap before GC invocations=9 (full 0):
 PSYoungGen      total 259072K, used 258111K [0x00000007d6c00000, 0x00000007e6a00000, 0x0000000800000000)
  eden space 258048K, 100% used [0x00000007d6c00000,0x00000007e6800000,0x00000007e6800000)
  from space 1024K, 6% used [0x00000007e6900000,0x00000007e690fe58,0x00000007e6a00000)
  to   space 1024K, 0% used [0x00000007e6800000,0x00000007e6800000,0x00000007e6900000)
 ParOldGen       total 84480K, used 372K [0x0000000784400000, 0x0000000789680000, 0x00000007d6c00000)
  object space 84480K, 0% used [0x0000000784400000,0x000000078445d080,0x0000000789680000)
 PSPermGen       total 21504K, used 3514K [0x0000000779e00000, 0x000000077b300000, 0x0000000784400000)
  object space 21504K, 16% used [0x0000000779e00000,0x000000077a16ea28,0x000000077b300000)

