# JRE version: OpenJDK Runtime Environment (7.0_65-b32) (build 1.7.0_65-b32)
# Java VM: OpenJDK 64-Bit Server VM (24.65-b04 mixed mode linux-amd64 compressed oops)
Heap
 PSYoungGen      total 259072K, used 103K [0x00000007d6c00000, 0x00000007e6a00000, 0x0000000800000000)
  eden space 258048K, 0% used [0x00000007d6c00000,0x00000007d6c00000,0x00000007e6800000)
  from space 1024K, 10% used [0x00000007e6800000,0x00000007e6819e00,0x00000007e6900000)
  to   space 1024K, 0% used [0x00000007e6900000,0x00000007e6900000,0x00000007e6a00000)
 ParOldGen       total 84480K, used 600K [0x0000000784400000, 0x0000000789680000, 0x00000007d6c00000)
  object space 84480K, 0% used [0x0000000784400000,0x0000000784496090,0x0000000789680000)
 PSPermGen       total 21504K, used 4448K [0x0000000779e00000, 0x000000077b300000, 0x0000000784400000)
  object space 21504K, 20% used [0x0000000779e00000,0x000000077a2581b0,0x000000077b300000)
GC Heap History (10 events):
Event: 8.961 GC heap after
Heap after GC invocations=4 (full 0):
 PSYoungGen      total 69632K, used 688K [0x00000007d6c00000, 0x00000007db500000, 0x0000000800000000)
  eden space 64512K, 0% used [0x00000007d6c00000,0x00000007d6c00000,0x00000007dab00000)
  from space 5120K, 13% used [0x00000007db000000,0x00000007db0ac010,0x00000007db500000)
  to   space 5120K, 0% used [0x00000007dab00000,0x00000007dab00000,0x00000007db000000)
 ParOldGen       total 84480K, used 8K [0x0000000784400000, 0x0000000789680000, 0x00000007d6c00000)
  object space 84480K, 0% used [0x0000000784400000,0x0000000784402000,0x0000000789680000)
 PSPermGen       total 21504K, used 4447K [0x0000000779e00000, 0x000000077b300000, 0x0000000784400000)
  object space 21504K, 20% used [0x0000000779e00000,0x000000077a257ec8,0x000000077b300000)
}
Event: 9.261 GC heap before
{Heap before GC invocations=5 (full 0):
 PSYoungGen      total 69632K, used 65200K [0x00000007d6c00000, 0x00000007db500000, 0x0000000800000000)
  eden space 64512K, 100% used [0x00000007d6c00000,0x00000007dab00000,0x00000007dab00000)
  from space 5120K, 13% used [0x00000007db000000,0x00000007db0ac010,0x00000007db500000)
  to   space 5120K, 0% used [0x00000007dab00000,0x00000007dab00000,0x00000007db000000)
 ParOldGen       total 84480K, used 8K [0x0000000784400000, 0x0000000789680000, 0x00000007d6c00000)
  object space 84480K, 0% used [0x0000000784400000,0x0000000784402000,0x0000000789680000)
 PSPermGen       total 21504K, used 4448K [0x0000000779e00000, 0x000000077b300000, 0x0000000784400000)
  object space 21504K, 20% used [0x0000000779e00000,0x000000077a2581b0,0x000000077b300000)
Event: 9.275 GC heap after
Heap after GC invocations=5 (full 0):
 PSYoungGen      total 69632K, used 656K [0x00000007d6c00000, 0x00000007dec00000, 0x0000000800000000)
  eden space 64512K, 0% used [0x00000007d6c00000,0x00000007d6c00000,0x00000007dab00000)
  from space 5120K, 12% used [0x00000007dab00000,0x00000007daba4010,0x00000007db000000)
  to   space 1024K, 0% used [0x00000007deb00000,0x00000007deb00000,0x00000007dec00000)
 ParOldGen       total 84480K, used 16K [0x0000000784400000, 0x0000000789680000, 0x00000007d6c00000)
  object space 84480K, 0% used [0x0000000784400000,0x0000000784404000,0x0000000789680000)
 PSPermGen       total 21504K, used 4448K [0x0000000779e00000, 0x000000077b300000, 0x0000000784400000)
  object space 21504K, 20% used [0x0000000779e00000,0x000000077a2581b0,0x000000077b300000)
}
Event: 9.352 GC heap before
{Heap before GC invocations=6 (full 0):
 PSYoungGen      total 69632K, used 65168K [0x00000007d6c00000, 0x00000007dec00000, 0x0000000800000000)
  eden space 64512K, 100% used [0x00000007d6c00000,0x00000007dab00000,0x00000007dab00000)
  from space 5120K, 12% used [0x00000007dab00000,0x00000007daba4010,0x00000007db000000)
  to   space 1024K, 0% used [0x00000007deb00000,0x00000007deb00000,0x00000007dec00000)
 ParOldGen       total 84480K, used 16K [0x0000000784400000, 0x0000000789680000, 0x00000007d6c00000)
  object space 84480K, 0% used [0x0000000784400000,0x0000000784404000,0x0000000789680000)
 PSPermGen       total 21504K, used 4448K [0x0000000779e00000, 0x000000077b300000, 0x0000000784400000)
  object space 21504K, 20% used [0x0000000779e00000,0x000000077a2581b0,0x000000077b300000)
Event: 9.361 GC heap after
Heap after GC invocations=6 (full 0):
 PSYoungGen      total 130048K, used 608K [0x00000007d6c00000, 0x00000007dec00000, 0x0000000800000000)
  eden space 129024K, 0% used [0x00000007d6c00000,0x00000007d6c00000,0x00000007dea00000)
  from space 1024K, 59% used [0x00000007deb00000,0x00000007deb98020,0x00000007dec00000)
  to   space 1024K, 0% used [0x00000007dea00000,0x00000007dea00000,0x00000007deb00000)
 ParOldGen       total 84480K, used 16K [0x0000000784400000, 0x0000000789680000, 0x00000007d6c00000)
  object space 84480K, 0% used [0x0000000784400000,0x0000000784404000,0x0000000789680000)
 PSPermGen       total 21504K, used 4448K [0x0000000779e00000, 0x000000077b300000, 0x0000000784400000)
  object space 21504K, 20% used [0x0000000779e00000,0x000000077a2581b0,0x000000077b300000)
}
Event: 9.680 GC heap before
{Heap before GC invocations=7 (full 0):
 PSYoungGen      total 130048K, used 129632K [0x00000007d6c00000, 0x00000007dec00000, 0x0000000800000000)
  eden space 129024K, 100% used [0x00000007d6c00000,0x00000007dea00000,0x00000007dea00000)
  from space 1024K, 59% used [0x00000007deb00000,0x00000007deb98020,0x00000007dec00000)
  to   space 1024K, 0% used [0x00000007dea00000,0x00000007dea00000,0x00000007deb00000)
 ParOldGen       total 84480K, used 16K [0x0000000784400000, 0x0000000789680000, 0x00000007d6c00000)
  object space 84480K, 0% used [0x0000000784400000,0x0000000784404000,0x0000000789680000)
 PSPermGen       total 21504K, used 4448K [0x0000000779e00000, 0x000000077b300000, 0x0000000784400000)
  object space 21504K, 20% used [0x0000000779e00000,0x000000077a2581b0,0x000000077b300000)
Event: 9.704 GC heap after
Heap after GC invocations=7 (full 0):
 PSYoungGen      total 130048K, used 198K [0x00000007d6c00000, 0x00000007e6a00000, 0x0000000800000000)
  eden space 129024K, 0% used [0x00000007d6c00000,0x00000007d6c00000,0x00000007dea00000)
  from space 1024K, 19% used [0x00000007dea00000,0x00000007dea31bd0,0x00000007deb00000)
  to   space 1024K, 0% used [0x00000007e6900000,0x00000007e6900000,0x00000007e6a00000)
 ParOldGen       total 84480K, used 496K [0x0000000784400000, 0x0000000789680000, 0x00000007d6c00000)
  object space 84480K, 0% used [0x0000000784400000,0x000000078447c070,0x0000000789680000)
 PSPermGen       total 21504K, used 4448K [0x0000000779e00000, 0x000000077b300000, 0x0000000784400000)
  object space 21504K, 20% used [0x0000000779e00000,0x000000077a2581b0,0x000000077b300000)
}
Event: 9.909 GC heap before
{Heap before GC invocations=8 (full 0):
 PSYoungGen      total 130048K, used 129222K [0x00000007d6c00000, 0x00000007e6a00000, 0x0000000800000000)
  eden space 129024K, 100% used [0x00000007d6c00000,0x00000007dea00000,0x00000007dea00000)
  from space 1024K, 19% used [0x00000007dea00000,0x00000007dea31bd0,0x00000007deb00000)
  to   space 1024K, 0% used [0x00000007e6900000,0x00000007e6900000,0x00000007e6a00000)
 ParOldGen       total 84480K, used 496K [0x0000000784400000, 0x0000000789680000, 0x00000007d6c00000)
  object space 84480K, 0% used [0x0000000784400000,0x000000078447c070,0x0000000789680000)
 PSPermGen       total 21504K, used 4448K [0x0000000779e00000, 0x000000077b300000, 0x0000000784400000)
  object space 21504K, 20% used [0x0000000779e00000,0x000000077a2581b0,0x000000077b300000)
Event: 9.913 GC heap after
Heap after GC invocations=8 (full 0):
 PSYoungGen      total 259072K, used 59K [0x00000007d6c00000, 0x00000007e6a00000, 0x0000000800000000)
  eden space 258048K, 0% used [0x00000007d6c00000,0x00000007d6c00000,0x00000007e6800000)
  from space 1024K, 5% used [0x00000007e6900000,0x00000007e690ef68,0x00000007e6a00000)
  to   space 1024K, 0% used [0x00000007e6800000,0x00000007e6800000,0x00000007e6900000)
 ParOldGen       total 84480K, used 600K [0x0000000784400000, 0x0000000789680000, 0x00000007d6c00000)
  object space 84480K, 0% used [0x0000000784400000,0x0000000784496090,0x0000000789680000)
 PSPermGen       total 21504K, used 4448K [0x0000000779e00000, 0x000000077b300000, 0x0000000784400000)
  object space 21504K, 20% used [0x0000000779e00000,0x000000077a2581b0,0x000000077b300000)
}
Event: 10.898 GC heap before
{Heap before GC invocations=9 (full 0):
 PSYoungGen      total 259072K, used 258107K [0x00000007d6c00000, 0x00000007e6a00000, 0x0000000800000000)
  eden space 258048K, 100% used [0x00000007d6c00000,0x00000007e6800000,0x00000007e6800000)
  from space 1024K, 5% used [0x00000007e6900000,0x00000007e690ef68,0x00000007e6a00000)
  to   space 1024K, 0% used [0x00000007e6800000,0x00000007e6800000,0x00000007e6900000)
 ParOldGen       total 84480K, used 600K [0x0000000784400000, 0x0000000789680000, 0x00000007d6c00000)
  object space 84480K, 0% used [0x0000000784400000,0x0000000784496090,0x0000000789680000)
 PSPermGen       total 21504K, used 4448K [0x0000000779e00000, 0x000000077b300000, 0x0000000784400000)
  object space 21504K, 20% used [0x0000000779e00000,0x000000077a2581b0,0x000000077b300000)

