# JRE version: OpenJDK Runtime Environment (7.0_65-b32) (build 1.7.0_65-b32)
# Java VM: OpenJDK 64-Bit Server VM (24.65-b04 mixed mode linux-amd64 compressed oops)
Heap
 PSYoungGen      total 259072K, used 67K [0x00000007d6c00000, 0x00000007e6a00000, 0x0000000800000000)
  eden space 258048K, 0% used [0x00000007d6c00000,0x00000007d6c00000,0x00000007e6800000)
  from space 1024K, 6% used [0x00000007e6800000,0x00000007e6810ef0,0x00000007e6900000)
  to   space 1024K, 0% used [0x00000007e6900000,0x00000007e6900000,0x00000007e6a00000)
 ParOldGen       total 84480K, used 580K [0x0000000784400000, 0x0000000789680000, 0x00000007d6c00000)
  object space 84480K, 0% used [0x0000000784400000,0x0000000784491080,0x0000000789680000)
 PSPermGen       total 21504K, used 4435K [0x0000000779e00000, 0x000000077b300000, 0x0000000784400000)
  object space 21504K, 20% used [0x0000000779e00000,0x000000077a254cd8,0x000000077b300000)
GC Heap History (10 events):
Event: 7.268 GC heap after
Heap after GC invocations=4 (full 0):
 PSYoungGen      total 69632K, used 640K [0x00000007d6c00000, 0x00000007db500000, 0x0000000800000000)
  eden space 64512K, 0% used [0x00000007d6c00000,0x00000007d6c00000,0x00000007dab00000)
  from space 5120K, 12% used [0x00000007db000000,0x00000007db0a0000,0x00000007db500000)
  to   space 5120K, 0% used [0x00000007dab00000,0x00000007dab00000,0x00000007db000000)
 ParOldGen       total 84480K, used 16K [0x0000000784400000, 0x0000000789680000, 0x00000007d6c00000)
  object space 84480K, 0% used [0x0000000784400000,0x0000000784404000,0x0000000789680000)
 PSPermGen       total 21504K, used 4434K [0x0000000779e00000, 0x000000077b300000, 0x0000000784400000)
  object space 21504K, 20% used [0x0000000779e00000,0x000000077a2549f0,0x000000077b300000)
}
Event: 7.471 GC heap before
{Heap before GC invocations=5 (full 0):
 PSYoungGen      total 69632K, used 65152K [0x00000007d6c00000, 0x00000007db500000, 0x0000000800000000)
  eden space 64512K, 100% used [0x00000007d6c00000,0x00000007dab00000,0x00000007dab00000)
  from space 5120K, 12% used [0x00000007db000000,0x00000007db0a0000,0x00000007db500000)
  to   space 5120K, 0% used [0x00000007dab00000,0x00000007dab00000,0x00000007db000000)
 ParOldGen       total 84480K, used 16K [0x0000000784400000, 0x0000000789680000, 0x00000007d6c00000)
  object space 84480K, 0% used [0x0000000784400000,0x0000000784404000,0x0000000789680000)
 PSPermGen       total 21504K, used 4435K [0x0000000779e00000, 0x000000077b300000, 0x0000000784400000)
  object space 21504K, 20% used [0x0000000779e00000,0x000000077a254cd8,0x000000077b300000)
Event: 7.480 GC heap after
Heap after GC invocations=5 (full 0):
 PSYoungGen      total 69632K, used 608K [0x00000007d6c00000, 0x00000007dec00000, 0x0000000800000000)
  eden space 64512K, 0% used [0x00000007d6c00000,0x00000007d6c00000,0x00000007dab00000)
  from space 5120K, 11% used [0x00000007dab00000,0x00000007dab98000,0x00000007db000000)
  to   space 1024K, 0% used [0x00000007deb00000,0x00000007deb00000,0x00000007dec00000)
 ParOldGen       total 84480K, used 16K [0x0000000784400000, 0x0000000789680000, 0x00000007d6c00000)
  object space 84480K, 0% used [0x0000000784400000,0x0000000784404000,0x0000000789680000)
 PSPermGen       total 21504K, used 4435K [0x0000000779e00000, 0x000000077b300000, 0x0000000784400000)
  object space 21504K, 20% used [0x0000000779e00000,0x000000077a254cd8,0x000000077b300000)
}
Event: 7.593 GC heap before
{Heap before GC invocations=6 (full 0):
 PSYoungGen      total 69632K, used 65120K [0x00000007d6c00000, 0x00000007dec00000, 0x0000000800000000)
  eden space 64512K, 100% used [0x00000007d6c00000,0x00000007dab00000,0x00000007dab00000)
  from space 5120K, 11% used [0x00000007dab00000,0x00000007dab98000,0x00000007db000000)
  to   space 1024K, 0% used [0x00000007deb00000,0x00000007deb00000,0x00000007dec00000)
 ParOldGen       total 84480K, used 16K [0x0000000784400000, 0x0000000789680000, 0x00000007d6c00000)
  object space 84480K, 0% used [0x0000000784400000,0x0000000784404000,0x0000000789680000)
 PSPermGen       total 21504K, used 4435K [0x0000000779e00000, 0x000000077b300000, 0x0000000784400000)
  object space 21504K, 20% used [0x0000000779e00000,0x000000077a254cd8,0x000000077b300000)
Event: 7.611 GC heap after
Heap after GC invocations=6 (full 0):
 PSYoungGen      total 130048K, used 608K [0x00000007d6c00000, 0x00000007dec00000, 0x0000000800000000)
  eden space 129024K, 0% used [0x00000007d6c00000,0x00000007d6c00000,0x00000007dea00000)
  from space 1024K, 59% used [0x00000007deb00000,0x00000007deb98000,0x00000007dec00000)
  to   space 1024K, 0% used [0x00000007dea00000,0x00000007dea00000,0x00000007deb00000)
 ParOldGen       total 84480K, used 16K [0x0000000784400000, 0x0000000789680000, 0x00000007d6c00000)
  object space 84480K, 0% used [0x0000000784400000,0x0000000784404000,0x0000000789680000)
 PSPermGen       total 21504K, used 4435K [0x0000000779e00000, 0x000000077b300000, 0x0000000784400000)
  object space 21504K, 20% used [0x0000000779e00000,0x000000077a254cd8,0x000000077b300000)
}
Event: 7.818 GC heap before
{Heap before GC invocations=7 (full 0):
 PSYoungGen      total 130048K, used 129632K [0x00000007d6c00000, 0x00000007dec00000, 0x0000000800000000)
  eden space 129024K, 100% used [0x00000007d6c00000,0x00000007dea00000,0x00000007dea00000)
  from space 1024K, 59% used [0x00000007deb00000,0x00000007deb98000,0x00000007dec00000)
  to   space 1024K, 0% used [0x00000007dea00000,0x00000007dea00000,0x00000007deb00000)
 ParOldGen       total 84480K, used 16K [0x0000000784400000, 0x0000000789680000, 0x00000007d6c00000)
  object space 84480K, 0% used [0x0000000784400000,0x0000000784404000,0x0000000789680000)
 PSPermGen       total 21504K, used 4435K [0x0000000779e00000, 0x000000077b300000, 0x0000000784400000)
  object space 21504K, 20% used [0x0000000779e00000,0x000000077a254cd8,0x000000077b300000)
Event: 7.826 GC heap after
Heap after GC invocations=7 (full 0):
 PSYoungGen      total 130048K, used 150K [0x00000007d6c00000, 0x00000007e6a00000, 0x0000000800000000)
  eden space 129024K, 0% used [0x00000007d6c00000,0x00000007d6c00000,0x00000007dea00000)
  from space 1024K, 14% used [0x00000007dea00000,0x00000007dea25bc0,0x00000007deb00000)
  to   space 1024K, 0% used [0x00000007e6900000,0x00000007e6900000,0x00000007e6a00000)
 ParOldGen       total 84480K, used 476K [0x0000000784400000, 0x0000000789680000, 0x00000007d6c00000)
  object space 84480K, 0% used [0x0000000784400000,0x0000000784477060,0x0000000789680000)
 PSPermGen       total 21504K, used 4435K [0x0000000779e00000, 0x000000077b300000, 0x0000000784400000)
  object space 21504K, 20% used [0x0000000779e00000,0x000000077a254cd8,0x000000077b300000)
}
Event: 8.024 GC heap before
{Heap before GC invocations=8 (full 0):
 PSYoungGen      total 130048K, used 129174K [0x00000007d6c00000, 0x00000007e6a00000, 0x0000000800000000)
  eden space 129024K, 100% used [0x00000007d6c00000,0x00000007dea00000,0x00000007dea00000)
  from space 1024K, 14% used [0x00000007dea00000,0x00000007dea25bc0,0x00000007deb00000)
  to   space 1024K, 0% used [0x00000007e6900000,0x00000007e6900000,0x00000007e6a00000)
 ParOldGen       total 84480K, used 476K [0x0000000784400000, 0x0000000789680000, 0x00000007d6c00000)
  object space 84480K, 0% used [0x0000000784400000,0x0000000784477060,0x0000000789680000)
 PSPermGen       total 21504K, used 4435K [0x0000000779e00000, 0x000000077b300000, 0x0000000784400000)
  object space 21504K, 20% used [0x0000000779e00000,0x000000077a254cd8,0x000000077b300000)
Event: 8.027 GC heap after
Heap after GC invocations=8 (full 0):
 PSYoungGen      total 259072K, used 32K [0x00000007d6c00000, 0x00000007e6a00000, 0x0000000800000000)
  eden space 258048K, 0% used [0x00000007d6c00000,0x00000007d6c00000,0x00000007e6800000)
  from space 1024K, 3% used [0x00000007e6900000,0x00000007e6908000,0x00000007e6a00000)
  to   space 1024K, 0% used [0x00000007e6800000,0x00000007e6800000,0x00000007e6900000)
 ParOldGen       total 84480K, used 580K [0x0000000784400000, 0x0000000789680000, 0x00000007d6c00000)
  object space 84480K, 0% used [0x0000000784400000,0x0000000784491080,0x0000000789680000)
 PSPermGen       total 21504K, used 4435K [0x0000000779e00000, 0x000000077b300000, 0x0000000784400000)
  object space 21504K, 20% used [0x0000000779e00000,0x000000077a254cd8,0x000000077b300000)
}
Event: 8.738 GC heap before
{Heap before GC invocations=9 (full 0):
 PSYoungGen      total 259072K, used 258080K [0x00000007d6c00000, 0x00000007e6a00000, 0x0000000800000000)
  eden space 258048K, 100% used [0x00000007d6c00000,0x00000007e6800000,0x00000007e6800000)
  from space 1024K, 3% used [0x00000007e6900000,0x00000007e6908000,0x00000007e6a00000)
  to   space 1024K, 0% used [0x00000007e6800000,0x00000007e6800000,0x00000007e6900000)
 ParOldGen       total 84480K, used 580K [0x0000000784400000, 0x0000000789680000, 0x00000007d6c00000)
  object space 84480K, 0% used [0x0000000784400000,0x0000000784491080,0x0000000789680000)
 PSPermGen       total 21504K, used 4435K [0x0000000779e00000, 0x000000077b300000, 0x0000000784400000)
  object space 21504K, 20% used [0x0000000779e00000,0x000000077a254cd8,0x000000077b300000)

