# JRE version: OpenJDK Runtime Environment (7.0_65-b32) (build 1.7.0_65-b32)
# Java VM: OpenJDK 64-Bit Server VM (24.65-b04 mixed mode linux-amd64 compressed oops)
Heap
 PSYoungGen      total 439808K, used 1484K [0x00000007d6c00000, 0x00000007f1b80000, 0x0000000800000000)
  eden space 437760K, 0% used [0x00000007d6c00000,0x00000007d6c00000,0x00000007f1780000)
  from space 2048K, 72% used [0x00000007f1780000,0x00000007f18f3040,0x00000007f1980000)
  to   space 2048K, 0% used [0x00000007f1980000,0x00000007f1980000,0x00000007f1b80000)
 ParOldGen       total 84480K, used 52834K [0x0000000784400000, 0x0000000789680000, 0x00000007d6c00000)
  object space 84480K, 62% used [0x0000000784400000,0x0000000787798b20,0x0000000789680000)
 PSPermGen       total 21504K, used 3000K [0x0000000779e00000, 0x000000077b300000, 0x0000000784400000)
  object space 21504K, 13% used [0x0000000779e00000,0x000000077a0ee190,0x000000077b300000)
GC Heap History (10 events):
Event: 176.825 GC heap after
Heap after GC invocations=820 (full 0):
 PSYoungGen      total 285184K, used 1476K [0x00000007d6c00000, 0x00000007ed480000, 0x0000000800000000)
  eden space 283648K, 0% used [0x00000007d6c00000,0x00000007d6c00000,0x00000007e8100000)
  from space 1536K, 96% used [0x00000007ed300000,0x00000007ed471358,0x00000007ed480000)
  to   space 2048K, 0% used [0x00000007ed080000,0x00000007ed080000,0x00000007ed280000)
 ParOldGen       total 84480K, used 52834K [0x0000000784400000, 0x0000000789680000, 0x00000007d6c00000)
  object space 84480K, 62% used [0x0000000784400000,0x0000000787798b20,0x0000000789680000)
 PSPermGen       total 21504K, used 3000K [0x0000000779e00000, 0x000000077b300000, 0x0000000784400000)
  object space 21504K, 13% used [0x0000000779e00000,0x000000077a0ee190,0x000000077b300000)
}
Event: 177.123 GC heap before
{Heap before GC invocations=821 (full 0):
 PSYoungGen      total 285184K, used 284872K [0x00000007d6c00000, 0x00000007ed480000, 0x0000000800000000)
  eden space 283648K, 99% used [0x00000007d6c00000,0x00000007e80c1080,0x00000007e8100000)
  from space 1536K, 96% used [0x00000007ed300000,0x00000007ed471358,0x00000007ed480000)
  to   space 2048K, 0% used [0x00000007ed080000,0x00000007ed080000,0x00000007ed280000)
 ParOldGen       total 84480K, used 52834K [0x0000000784400000, 0x0000000789680000, 0x00000007d6c00000)
  object space 84480K, 62% used [0x0000000784400000,0x0000000787798b20,0x0000000789680000)
 PSPermGen       total 21504K, used 3000K [0x0000000779e00000, 0x000000077b300000, 0x0000000784400000)
  object space 21504K, 13% used [0x0000000779e00000,0x000000077a0ee190,0x000000077b300000)
Event: 177.125 GC heap after
Heap after GC invocations=821 (full 0):
 PSYoungGen      total 342016K, used 1477K [0x00000007d6c00000, 0x00000007ed380000, 0x0000000800000000)
  eden space 340480K, 0% used [0x00000007d6c00000,0x00000007d6c00000,0x00000007eb880000)
  from space 1536K, 96% used [0x00000007ed080000,0x00000007ed1f17f0,0x00000007ed200000)
  to   space 1536K, 0% used [0x00000007ed200000,0x00000007ed200000,0x00000007ed380000)
 ParOldGen       total 84480K, used 52834K [0x0000000784400000, 0x0000000789680000, 0x00000007d6c00000)
  object space 84480K, 62% used [0x0000000784400000,0x0000000787798b20,0x0000000789680000)
 PSPermGen       total 21504K, used 3000K [0x0000000779e00000, 0x000000077b300000, 0x0000000784400000)
  object space 21504K, 13% used [0x0000000779e00000,0x000000077a0ee190,0x000000077b300000)
}
Event: 177.551 GC heap before
{Heap before GC invocations=822 (full 0):
 PSYoungGen      total 342016K, used 341563K [0x00000007d6c00000, 0x00000007ed380000, 0x0000000800000000)
  eden space 340480K, 99% used [0x00000007d6c00000,0x00000007eb81d588,0x00000007eb880000)
  from space 1536K, 96% used [0x00000007ed080000,0x00000007ed1f17f0,0x00000007ed200000)
  to   space 1536K, 0% used [0x00000007ed200000,0x00000007ed200000,0x00000007ed380000)
 ParOldGen       total 84480K, used 52834K [0x0000000784400000, 0x0000000789680000, 0x00000007d6c00000)
  object space 84480K, 62% used [0x0000000784400000,0x0000000787798b20,0x0000000789680000)
 PSPermGen       total 21504K, used 3000K [0x0000000779e00000, 0x000000077b300000, 0x0000000784400000)
  object space 21504K, 13% used [0x0000000779e00000,0x000000077a0ee190,0x000000077b300000)
Event: 177.554 GC heap after
Heap after GC invocations=822 (full 0):
 PSYoungGen      total 366080K, used 1479K [0x00000007d6c00000, 0x00000007eff00000, 0x0000000800000000)
  eden space 364544K, 0% used [0x00000007d6c00000,0x00000007d6c00000,0x00000007ed000000)
  from space 1536K, 96% used [0x00000007ed200000,0x00000007ed371d58,0x00000007ed380000)
  to   space 2048K, 0% used [0x00000007ed000000,0x00000007ed000000,0x00000007ed200000)
 ParOldGen       total 84480K, used 52834K [0x0000000784400000, 0x0000000789680000, 0x00000007d6c00000)
  object space 84480K, 62% used [0x0000000784400000,0x0000000787798b20,0x0000000789680000)
 PSPermGen       total 21504K, used 3000K [0x0000000779e00000, 0x000000077b300000, 0x0000000784400000)
  object space 21504K, 13% used [0x0000000779e00000,0x000000077a0ee190,0x000000077b300000)
}
Event: 178.224 GC heap before
{Heap before GC invocations=823 (full 0):
 PSYoungGen      total 366080K, used 365071K [0x00000007d6c00000, 0x00000007eff00000, 0x0000000800000000)
  eden space 364544K, 99% used [0x00000007d6c00000,0x00000007ecf12018,0x00000007ed000000)
  from space 1536K, 96% used [0x00000007ed200000,0x00000007ed371d58,0x00000007ed380000)
  to   space 2048K, 0% used [0x00000007ed000000,0x00000007ed000000,0x00000007ed200000)
 ParOldGen       total 84480K, used 52834K [0x0000000784400000, 0x0000000789680000, 0x00000007d6c00000)
  object space 84480K, 62% used [0x0000000784400000,0x0000000787798b20,0x0000000789680000)
 PSPermGen       total 21504K, used 3000K [0x0000000779e00000, 0x000000077b300000, 0x0000000784400000)
  object space 21504K, 13% used [0x0000000779e00000,0x000000077a0ee190,0x000000077b300000)
Event: 178.226 GC heap after
Heap after GC invocations=823 (full 0):
 PSYoungGen      total 366592K, used 1480K [0x00000007d6c00000, 0x00000007f1b80000, 0x0000000800000000)
  eden space 364544K, 0% used [0x00000007d6c00000,0x00000007d6c00000,0x00000007ed000000)
  from space 2048K, 72% used [0x00000007ed000000,0x00000007ed172350,0x00000007ed200000)
  to   space 2048K, 0% used [0x00000007f1980000,0x00000007f1980000,0x00000007f1b80000)
 ParOldGen       total 84480K, used 52834K [0x0000000784400000, 0x0000000789680000, 0x00000007d6c00000)
  object space 84480K, 62% used [0x0000000784400000,0x0000000787798b20,0x0000000789680000)
 PSPermGen       total 21504K, used 3000K [0x0000000779e00000, 0x000000077b300000, 0x0000000784400000)
  object space 21504K, 13% used [0x0000000779e00000,0x000000077a0ee190,0x000000077b300000)
}
Event: 178.654 GC heap before
{Heap before GC invocations=824 (full 0):
 PSYoungGen      total 366592K, used 365444K [0x00000007d6c00000, 0x00000007f1b80000, 0x0000000800000000)
  eden space 364544K, 99% used [0x00000007d6c00000,0x00000007ecf6eff8,0x00000007ed000000)
  from space 2048K, 72% used [0x00000007ed000000,0x00000007ed172350,0x00000007ed200000)
  to   space 2048K, 0% used [0x00000007f1980000,0x00000007f1980000,0x00000007f1b80000)
 ParOldGen       total 84480K, used 52834K [0x0000000784400000, 0x0000000789680000, 0x00000007d6c00000)
  object space 84480K, 62% used [0x0000000784400000,0x0000000787798b20,0x0000000789680000)
 PSPermGen       total 21504K, used 3000K [0x0000000779e00000, 0x000000077b300000, 0x0000000784400000)
  object space 21504K, 13% used [0x0000000779e00000,0x000000077a0ee190,0x000000077b300000)
Event: 178.678 GC heap after
Heap after GC invocations=824 (full 0):
 PSYoungGen      total 439808K, used 1482K [0x00000007d6c00000, 0x00000007f1b80000, 0x0000000800000000)
  eden space 437760K, 0% used [0x00000007d6c00000,0x00000007d6c00000,0x00000007f1780000)
  from space 2048K, 72% used [0x00000007f1980000,0x00000007f1af2918,0x00000007f1b80000)
  to   space 2048K, 0% used [0x00000007f1780000,0x00000007f1780000,0x00000007f1980000)
 ParOldGen       total 84480K, used 52834K [0x0000000784400000, 0x0000000789680000, 0x00000007d6c00000)
  object space 84480K, 62% used [0x0000000784400000,0x0000000787798b20,0x0000000789680000)
 PSPermGen       total 21504K, used 3000K [0x0000000779e00000, 0x000000077b300000, 0x0000000784400000)
  object space 21504K, 13% used [0x0000000779e00000,0x000000077a0ee190,0x000000077b300000)
}
Event: 179.702 GC heap before
{Heap before GC invocations=825 (full 0):
 PSYoungGen      total 439808K, used 438433K [0x00000007d6c00000, 0x00000007f1b80000, 0x0000000800000000)
  eden space 437760K, 99% used [0x00000007d6c00000,0x00000007f16b5b88,0x00000007f1780000)
  from space 2048K, 72% used [0x00000007f1980000,0x00000007f1af2918,0x00000007f1b80000)
  to   space 2048K, 0% used [0x00000007f1780000,0x00000007f1780000,0x00000007f1980000)
 ParOldGen       total 84480K, used 52834K [0x0000000784400000, 0x0000000789680000, 0x00000007d6c00000)
  object space 84480K, 62% used [0x0000000784400000,0x0000000787798b20,0x0000000789680000)
 PSPermGen       total 21504K, used 3000K [0x0000000779e00000, 0x000000077b300000, 0x0000000784400000)
  object space 21504K, 13% used [0x0000000779e00000,0x000000077a0ee190,0x000000077b300000)

